================================================================
== Vivado RTL Synthesis Results
================================================================
+ General Information:
    * Date:            Mon May 11 08:22:46 -0400 2026
    * Version:         2024.1 (Build 5069499 on May 21 2024)
    * Project:         sobel_hls
    * Solution:        solution1 (Vivado IP Flow Target)
    * Product family:  zynq
    * Target device:   xc7z020-clg400-1


================================================================
== Run Constraints & Options
================================================================
+ Design Constraints & Options:
    * RTL Synthesis target clock:  10 ns
    * C-Synthesis target clock:    10 ns
    * C-Synthesis uncertainty:     1.25 ns

+ RTL Synthesis Options:
    * config_export -vivado_synth_strategy:     default
    * config_export -vivado_synth_design_args:  -directive sdx_optimization_effort_high

+ Reporting Options:
    * config_export -vivado_report_level:      2
    * config_export -vivado_max_timing_paths:  10


================================================================
== RTL Synthesis Resource Summary
================================================================
LUT:              573
FF:               714
DSP:              4
BRAM:             2
URAM:             0
SRL:              4


================================================================
== RTL Synthesis Timing Summary
================================================================
* Timing was met
+----------------+-------------+
| Timing         | Period (ns) |
+----------------+-------------+
| Target         | 10.000      |
| Post-Synthesis | 8.190       |
+----------------+-------------+


================================================================
== RTL Synthesis Resources
================================================================
+---------------------------------------------------------+-----+-----+-----+------+------+-----+--------+------+---------+----------+--------+
| Name                                                    | LUT | FF  | DSP | BRAM | URAM | SRL | Pragma | Impl | Latency | Variable | Source |
+---------------------------------------------------------+-----+-----+-----+------+------+-----+--------+------+---------+----------+--------+
| inst                                                    | 573 | 714 | 4   | 2    |      |     |        |      |         |          |        |
|   (inst)                                                | 80  | 185 | 2   |      |      |     |        |      |         |          |        |
|   CTRL_s_axi_U                                          | 116 | 149 |     |      |      |     |        |      |         |          |        |
|   grp_sobel_accel_Pipeline_ROW_LOOP_COL_LOOP_fu_106     | 283 | 337 |     | 2    |      |     |        |      |         |          |        |
|     (grp_sobel_accel_Pipeline_ROW_LOOP_COL_LOOP_fu_106) | 256 | 335 |     |      |      |     |        |      |         |          |        |
|   mul_32ns_32ns_64_1_1_U22                              | 59  |     | 2   |      |      |     |        |      |         |          |        |
|   regslice_both_in_stream_V_data_V_U                    | 14  | 21  |     |      |      |     |        |      |         |          |        |
|   regslice_both_in_stream_V_user_V_U                    | 5   | 5   |     |      |      |     |        |      |         |          |        |
|   regslice_both_out_stream_V_data_V_U                   | 8   | 7   |     |      |      |     |        |      |         |          |        |
|   regslice_both_out_stream_V_last_V_U                   | 4   | 5   |     |      |      |     |        |      |         |          |        |
|   regslice_both_out_stream_V_user_V_U                   | 4   | 5   |     |      |      |     |        |      |         |          |        |
+---------------------------------------------------------+-----+-----+-----+------+------+-----+--------+------+---------+----------+--------+


================================================================
== RTL Synthesis Fail Fast
================================================================
+-----------------------------------------------------------+-----------+--------+--------+
| Criteria                                                  | Guideline | Actual | Status |
+-----------------------------------------------------------+-----------+--------+--------+
| LUT                                                       | 70%       | 1.08%  | OK     |
| FD                                                        | 50%       | 0.67%  | OK     |
| LUTRAM+SRL                                                | 25%       | 0.02%  | OK     |
| MUXF7                                                     | 15%       | 0.01%  | OK     |
| DSP                                                       | 80%       | 1.82%  | OK     |
| RAMB/FIFO                                                 | 80%       | 0.71%  | OK     |
| DSP+RAMB+URAM (Avg)                                       | 70%       | 1.27%  | OK     |
| BUFGCE* + BUFGCTRL                                        | 24        | 0      | OK     |
| DONT_TOUCH (cells/nets)                                   | 0         | 0      | OK     |
| MARK_DEBUG (nets)                                         | 0         | 0      | OK     |
| Control Sets                                              | 998       | 19     | OK     |
| Average Fanout for modules > 100k cells                   | 4         | 2.30   | OK     |
| Max Average Fanout for modules > 100k cells               | 4         | 0      | OK     |
| Non-FD high fanout nets > 10k loads                       | 0         | 0      | OK     |
+-----------------------------------------------------------+-----------+--------+--------+
| TIMING-6 (No common primary clock between related clocks) | 0         | 0      | OK     |
| TIMING-7 (No common node between related clocks)          | 0         | 0      | OK     |
| TIMING-8 (No common period between related clocks)        | 0         | 0      | OK     |
| TIMING-14 (LUT on the clock tree)                         | 0         | 0      | OK     |
| TIMING-35 (No common node in paths with the same clock)   | 0         | 0      | OK     |
+-----------------------------------------------------------+-----------+--------+--------+
| Number of paths above max LUT budgeting (0.575ns)         | 0         | 0      | OK     |
| Number of paths above max Net budgeting (0.403ns)         | 0         | 0      | OK     |
+-----------------------------------------------------------+-----------+--------+--------+


================================================================
== RTL Synthesis Timing Paths
================================================================
* Timing was met
+-------+-------+------------------------------+-------------------------------------------------------------------------------------------------------+--------------+------------+----------------+----------------+--------------+
| Path  | SLACK | STARTPOINT PIN               | ENDPOINT PIN                                                                                          | LOGIC LEVELS | MAX FANOUT | DATAPATH DELAY | DATAPATH LOGIC | DATAPATH NET |
|       |       |                              |                                                                                                       |              |            |                |          DELAY |        DELAY |
+-------+-------+------------------------------+-------------------------------------------------------------------------------------------------------+--------------+------------+----------------+----------------+--------------+
| Path1 | 1.810 | width_read_reg_194_reg[1]/C  | grp_sobel_accel_Pipeline_ROW_LOOP_COL_LOOP_fu_106/icmp_reg_1015_pp0_iter2_reg_reg[0]_srl2/D           |           15 |         34 |          8.062 |          3.674 |        4.388 |
| Path2 | 2.019 | width_read_reg_194_reg[1]/C  | grp_sobel_accel_Pipeline_ROW_LOOP_COL_LOOP_fu_106/out_pixel_last_reg_1062_pp0_iter2_reg_reg[0]_srl2/D |           16 |         34 |          7.853 |          4.364 |        3.489 |
| Path3 | 2.133 | mul_ln6_reg_207_reg[16]__0/C | grp_sobel_accel_Pipeline_ROW_LOOP_COL_LOOP_fu_106/indvar_flatten_fu_154_reg[0]/R                      |           16 |        133 |          7.259 |          3.939 |        3.320 |
| Path4 | 2.133 | mul_ln6_reg_207_reg[16]__0/C | grp_sobel_accel_Pipeline_ROW_LOOP_COL_LOOP_fu_106/indvar_flatten_fu_154_reg[10]/R                     |           16 |        133 |          7.259 |          3.939 |        3.320 |
| Path5 | 2.133 | mul_ln6_reg_207_reg[16]__0/C | grp_sobel_accel_Pipeline_ROW_LOOP_COL_LOOP_fu_106/indvar_flatten_fu_154_reg[11]/R                     |           16 |        133 |          7.259 |          3.939 |        3.320 |
+-------+-------+------------------------------+-------------------------------------------------------------------------------------------------------+--------------+------------+----------------+----------------+--------------+

    +------------------------------------------------------------------------------------------------------------------------+----------------------+
    | Path1 Cells                                                                                                            | Primitive Type       |
    +------------------------------------------------------------------------------------------------------------------------+----------------------+
    | width_read_reg_194_reg[1]                                                                                              | FLOP_LATCH.flop.FDRE |
    | grp_sobel_accel_Pipeline_ROW_LOOP_COL_LOOP_fu_106/icmp_ln30_fu_397_p2_carry_i_4                                        | LUT.others.LUT4      |
    | grp_sobel_accel_Pipeline_ROW_LOOP_COL_LOOP_fu_106/icmp_ln30_fu_397_p2_carry                                            | CARRY.others.CARRY4  |
    | grp_sobel_accel_Pipeline_ROW_LOOP_COL_LOOP_fu_106/icmp_ln30_fu_397_p2_carry__0                                         | CARRY.others.CARRY4  |
    | grp_sobel_accel_Pipeline_ROW_LOOP_COL_LOOP_fu_106/icmp_ln30_fu_397_p2_carry__1                                         | CARRY.others.CARRY4  |
    | grp_sobel_accel_Pipeline_ROW_LOOP_COL_LOOP_fu_106/icmp_ln30_fu_397_p2_carry__2                                         | CARRY.others.CARRY4  |
    | grp_sobel_accel_Pipeline_ROW_LOOP_COL_LOOP_fu_106/cmp105_fu_460_p2_carry_i_8                                           | LUT.others.LUT2      |
    | grp_sobel_accel_Pipeline_ROW_LOOP_COL_LOOP_fu_106/cmp105_fu_460_p2_carry_i_7                                           | CARRY.others.CARRY4  |
    | grp_sobel_accel_Pipeline_ROW_LOOP_COL_LOOP_fu_106/cmp105_fu_460_p2_carry_i_6                                           | CARRY.others.CARRY4  |
    | grp_sobel_accel_Pipeline_ROW_LOOP_COL_LOOP_fu_106/cmp105_fu_460_p2_carry_i_5                                           | CARRY.others.CARRY4  |
    | grp_sobel_accel_Pipeline_ROW_LOOP_COL_LOOP_fu_106/cmp105_fu_460_p2_carry__0_i_7                                        | CARRY.others.CARRY4  |
    | grp_sobel_accel_Pipeline_ROW_LOOP_COL_LOOP_fu_106/cmp105_fu_460_p2_carry__0_i_6                                        | CARRY.others.CARRY4  |
    | grp_sobel_accel_Pipeline_ROW_LOOP_COL_LOOP_fu_106/cmp105_fu_460_p2_carry__0_i_5                                        | CARRY.others.CARRY4  |
    | grp_sobel_accel_Pipeline_ROW_LOOP_COL_LOOP_fu_106/icmp_reg_1015_pp0_iter2_reg_reg[0]_srl2_i_5                          | LUT.others.LUT4      |
    | grp_sobel_accel_Pipeline_ROW_LOOP_COL_LOOP_fu_106/icmp_reg_1015_pp0_iter2_reg_reg[0]_srl2_i_2                          | LUT.others.LUT5      |
    | grp_sobel_accel_Pipeline_ROW_LOOP_COL_LOOP_fu_106/icmp_reg_1015_pp0_iter2_reg_reg[0]_srl2_i_1                          | LUT.others.LUT3      |
    | grp_sobel_accel_Pipeline_ROW_LOOP_COL_LOOP_fu_106/icmp_reg_1015_pp0_iter2_reg_reg[0]_srl2                              | DMEM.srl.SRL16E      |
    | width_read_reg_194_reg[1]                                                                                              | FLOP_LATCH.flop.FDRE |
    | grp_sobel_accel_Pipeline_ROW_LOOP_COL_LOOP_fu_106/icmp_ln30_fu_397_p2_carry_i_4                                        | LUT.others.LUT4      |
    | grp_sobel_accel_Pipeline_ROW_LOOP_COL_LOOP_fu_106/icmp_ln30_fu_397_p2_carry                                            | CARRY.others.CARRY4  |
    | grp_sobel_accel_Pipeline_ROW_LOOP_COL_LOOP_fu_106/icmp_ln30_fu_397_p2_carry__0                                         | CARRY.others.CARRY4  |
    | grp_sobel_accel_Pipeline_ROW_LOOP_COL_LOOP_fu_106/icmp_ln30_fu_397_p2_carry__1                                         | CARRY.others.CARRY4  |
    | grp_sobel_accel_Pipeline_ROW_LOOP_COL_LOOP_fu_106/icmp_ln30_fu_397_p2_carry__2                                         | CARRY.others.CARRY4  |
    | grp_sobel_accel_Pipeline_ROW_LOOP_COL_LOOP_fu_106/cmp105_fu_460_p2_carry_i_8                                           | LUT.others.LUT2      |
    | grp_sobel_accel_Pipeline_ROW_LOOP_COL_LOOP_fu_106/cmp105_fu_460_p2_carry_i_7                                           | CARRY.others.CARRY4  |
    | grp_sobel_accel_Pipeline_ROW_LOOP_COL_LOOP_fu_106/cmp105_fu_460_p2_carry_i_6                                           | CARRY.others.CARRY4  |
    | grp_sobel_accel_Pipeline_ROW_LOOP_COL_LOOP_fu_106/cmp105_fu_460_p2_carry_i_5                                           | CARRY.others.CARRY4  |
    | grp_sobel_accel_Pipeline_ROW_LOOP_COL_LOOP_fu_106/cmp105_fu_460_p2_carry__0_i_7                                        | CARRY.others.CARRY4  |
    | grp_sobel_accel_Pipeline_ROW_LOOP_COL_LOOP_fu_106/cmp105_fu_460_p2_carry__0_i_6                                        | CARRY.others.CARRY4  |
    | grp_sobel_accel_Pipeline_ROW_LOOP_COL_LOOP_fu_106/cmp105_fu_460_p2_carry__0_i_5                                        | CARRY.others.CARRY4  |
    | grp_sobel_accel_Pipeline_ROW_LOOP_COL_LOOP_fu_106/cmp105_fu_460_p2_carry__0_i_1                                        | LUT.others.LUT6      |
    | grp_sobel_accel_Pipeline_ROW_LOOP_COL_LOOP_fu_106/cmp105_fu_460_p2_carry__0                                            | CARRY.others.CARRY4  |
    | grp_sobel_accel_Pipeline_ROW_LOOP_COL_LOOP_fu_106/cmp105_fu_460_p2_carry__1                                            | CARRY.others.CARRY4  |
    | grp_sobel_accel_Pipeline_ROW_LOOP_COL_LOOP_fu_106/out_pixel_last_reg_1062_pp0_iter2_reg_reg[0]_srl2_i_1                | LUT.others.LUT2      |
    | grp_sobel_accel_Pipeline_ROW_LOOP_COL_LOOP_fu_106/out_pixel_last_reg_1062_pp0_iter2_reg_reg[0]_srl2                    | DMEM.srl.SRL16E      |
    | mul_ln6_reg_207_reg[16]__0                                                                                             | FLOP_LATCH.flop.FDRE |
    | mul_32ns_32ns_64_1_1_U22/tmp_product_carry                                                                             | CARRY.others.CARRY4  |
    | mul_32ns_32ns_64_1_1_U22/tmp_product_carry__0                                                                          | CARRY.others.CARRY4  |
    | mul_32ns_32ns_64_1_1_U22/tmp_product_carry__1                                                                          | CARRY.others.CARRY4  |
    | mul_32ns_32ns_64_1_1_U22/tmp_product_carry__2                                                                          | CARRY.others.CARRY4  |
    | mul_32ns_32ns_64_1_1_U22/tmp_product_carry__3                                                                          | CARRY.others.CARRY4  |
    | mul_32ns_32ns_64_1_1_U22/tmp_product_carry__4                                                                          | CARRY.others.CARRY4  |
    | mul_32ns_32ns_64_1_1_U22/tmp_product_carry__5                                                                          | CARRY.others.CARRY4  |
    | mul_32ns_32ns_64_1_1_U22/tmp_product_carry__6                                                                          | CARRY.others.CARRY4  |
    | mul_32ns_32ns_64_1_1_U22/tmp_product_carry__7                                                                          | CARRY.others.CARRY4  |
    | mul_32ns_32ns_64_1_1_U22/tmp_product_carry__8                                                                          | CARRY.others.CARRY4  |
    | mul_32ns_32ns_64_1_1_U22/tmp_product_carry__9                                                                          | CARRY.others.CARRY4  |
    | mul_32ns_32ns_64_1_1_U22/i__carry__3_i_1                                                                               | LUT.others.LUT6      |
    | grp_sobel_accel_Pipeline_ROW_LOOP_COL_LOOP_fu_106/icmp_ln29_fu_382_p2_inferred__0/i__carry__3                          | CARRY.others.CARRY4  |
    | grp_sobel_accel_Pipeline_ROW_LOOP_COL_LOOP_fu_106/icmp_ln29_fu_382_p2_inferred__0/i__carry__4                          | CARRY.others.CARRY4  |
    | grp_sobel_accel_Pipeline_ROW_LOOP_COL_LOOP_fu_106/sobel_accel_stream_stream_axis_0_int_int_int_line_buf_U/ram_reg_i_23 | LUT.others.LUT6      |
    | grp_sobel_accel_Pipeline_ROW_LOOP_COL_LOOP_fu_106/flow_control_loop_pipe_sequential_init_U/x_fu_146[10]_i_1            | LUT.others.LUT3      |
    | grp_sobel_accel_Pipeline_ROW_LOOP_COL_LOOP_fu_106/indvar_flatten_fu_154_reg[0]                                         | FLOP_LATCH.flop.FDRE |
    | mul_ln6_reg_207_reg[16]__0                                                                                             | FLOP_LATCH.flop.FDRE |
    | mul_32ns_32ns_64_1_1_U22/tmp_product_carry                                                                             | CARRY.others.CARRY4  |
    | mul_32ns_32ns_64_1_1_U22/tmp_product_carry__0                                                                          | CARRY.others.CARRY4  |
    | mul_32ns_32ns_64_1_1_U22/tmp_product_carry__1                                                                          | CARRY.others.CARRY4  |
    | mul_32ns_32ns_64_1_1_U22/tmp_product_carry__2                                                                          | CARRY.others.CARRY4  |
    | mul_32ns_32ns_64_1_1_U22/tmp_product_carry__3                                                                          | CARRY.others.CARRY4  |
    | mul_32ns_32ns_64_1_1_U22/tmp_product_carry__4                                                                          | CARRY.others.CARRY4  |
    | mul_32ns_32ns_64_1_1_U22/tmp_product_carry__5                                                                          | CARRY.others.CARRY4  |
    | mul_32ns_32ns_64_1_1_U22/tmp_product_carry__6                                                                          | CARRY.others.CARRY4  |
    | mul_32ns_32ns_64_1_1_U22/tmp_product_carry__7                                                                          | CARRY.others.CARRY4  |
    | mul_32ns_32ns_64_1_1_U22/tmp_product_carry__8                                                                          | CARRY.others.CARRY4  |
    | mul_32ns_32ns_64_1_1_U22/tmp_product_carry__9                                                                          | CARRY.others.CARRY4  |
    | mul_32ns_32ns_64_1_1_U22/i__carry__3_i_1                                                                               | LUT.others.LUT6      |
    | grp_sobel_accel_Pipeline_ROW_LOOP_COL_LOOP_fu_106/icmp_ln29_fu_382_p2_inferred__0/i__carry__3                          | CARRY.others.CARRY4  |
    | grp_sobel_accel_Pipeline_ROW_LOOP_COL_LOOP_fu_106/icmp_ln29_fu_382_p2_inferred__0/i__carry__4                          | CARRY.others.CARRY4  |
    | grp_sobel_accel_Pipeline_ROW_LOOP_COL_LOOP_fu_106/sobel_accel_stream_stream_axis_0_int_int_int_line_buf_U/ram_reg_i_23 | LUT.others.LUT6      |
    | grp_sobel_accel_Pipeline_ROW_LOOP_COL_LOOP_fu_106/flow_control_loop_pipe_sequential_init_U/x_fu_146[10]_i_1            | LUT.others.LUT3      |
    | grp_sobel_accel_Pipeline_ROW_LOOP_COL_LOOP_fu_106/indvar_flatten_fu_154_reg[10]                                        | FLOP_LATCH.flop.FDRE |
    | mul_ln6_reg_207_reg[16]__0                                                                                             | FLOP_LATCH.flop.FDRE |
    | mul_32ns_32ns_64_1_1_U22/tmp_product_carry                                                                             | CARRY.others.CARRY4  |
    | mul_32ns_32ns_64_1_1_U22/tmp_product_carry__0                                                                          | CARRY.others.CARRY4  |
    | mul_32ns_32ns_64_1_1_U22/tmp_product_carry__1                                                                          | CARRY.others.CARRY4  |
    | mul_32ns_32ns_64_1_1_U22/tmp_product_carry__2                                                                          | CARRY.others.CARRY4  |
    | mul_32ns_32ns_64_1_1_U22/tmp_product_carry__3                                                                          | CARRY.others.CARRY4  |
    | mul_32ns_32ns_64_1_1_U22/tmp_product_carry__4                                                                          | CARRY.others.CARRY4  |
    | mul_32ns_32ns_64_1_1_U22/tmp_product_carry__5                                                                          | CARRY.others.CARRY4  |
    | mul_32ns_32ns_64_1_1_U22/tmp_product_carry__6                                                                          | CARRY.others.CARRY4  |
    | mul_32ns_32ns_64_1_1_U22/tmp_product_carry__7                                                                          | CARRY.others.CARRY4  |
    | mul_32ns_32ns_64_1_1_U22/tmp_product_carry__8                                                                          | CARRY.others.CARRY4  |
    | mul_32ns_32ns_64_1_1_U22/tmp_product_carry__9                                                                          | CARRY.others.CARRY4  |
    | mul_32ns_32ns_64_1_1_U22/i__carry__3_i_1                                                                               | LUT.others.LUT6      |
    | grp_sobel_accel_Pipeline_ROW_LOOP_COL_LOOP_fu_106/icmp_ln29_fu_382_p2_inferred__0/i__carry__3                          | CARRY.others.CARRY4  |
    | grp_sobel_accel_Pipeline_ROW_LOOP_COL_LOOP_fu_106/icmp_ln29_fu_382_p2_inferred__0/i__carry__4                          | CARRY.others.CARRY4  |
    | grp_sobel_accel_Pipeline_ROW_LOOP_COL_LOOP_fu_106/sobel_accel_stream_stream_axis_0_int_int_int_line_buf_U/ram_reg_i_23 | LUT.others.LUT6      |
    | grp_sobel_accel_Pipeline_ROW_LOOP_COL_LOOP_fu_106/flow_control_loop_pipe_sequential_init_U/x_fu_146[10]_i_1            | LUT.others.LUT3      |
    | grp_sobel_accel_Pipeline_ROW_LOOP_COL_LOOP_fu_106/indvar_flatten_fu_154_reg[11]                                        | FLOP_LATCH.flop.FDRE |
    +------------------------------------------------------------------------------------------------------------------------+----------------------+

    +------------------------------------------------------------------------------------------------------------------------+----------------------+
    | Path2 Cells                                                                                                            | Primitive Type       |
    +------------------------------------------------------------------------------------------------------------------------+----------------------+
    | width_read_reg_194_reg[1]                                                                                              | FLOP_LATCH.flop.FDRE |
    | grp_sobel_accel_Pipeline_ROW_LOOP_COL_LOOP_fu_106/icmp_ln30_fu_397_p2_carry_i_4                                        | LUT.others.LUT4      |
    | grp_sobel_accel_Pipeline_ROW_LOOP_COL_LOOP_fu_106/icmp_ln30_fu_397_p2_carry                                            | CARRY.others.CARRY4  |
    | grp_sobel_accel_Pipeline_ROW_LOOP_COL_LOOP_fu_106/icmp_ln30_fu_397_p2_carry__0                                         | CARRY.others.CARRY4  |
    | grp_sobel_accel_Pipeline_ROW_LOOP_COL_LOOP_fu_106/icmp_ln30_fu_397_p2_carry__1                                         | CARRY.others.CARRY4  |
    | grp_sobel_accel_Pipeline_ROW_LOOP_COL_LOOP_fu_106/icmp_ln30_fu_397_p2_carry__2                                         | CARRY.others.CARRY4  |
    | grp_sobel_accel_Pipeline_ROW_LOOP_COL_LOOP_fu_106/cmp105_fu_460_p2_carry_i_8                                           | LUT.others.LUT2      |
    | grp_sobel_accel_Pipeline_ROW_LOOP_COL_LOOP_fu_106/cmp105_fu_460_p2_carry_i_7                                           | CARRY.others.CARRY4  |
    | grp_sobel_accel_Pipeline_ROW_LOOP_COL_LOOP_fu_106/cmp105_fu_460_p2_carry_i_6                                           | CARRY.others.CARRY4  |
    | grp_sobel_accel_Pipeline_ROW_LOOP_COL_LOOP_fu_106/cmp105_fu_460_p2_carry_i_5                                           | CARRY.others.CARRY4  |
    | grp_sobel_accel_Pipeline_ROW_LOOP_COL_LOOP_fu_106/cmp105_fu_460_p2_carry__0_i_7                                        | CARRY.others.CARRY4  |
    | grp_sobel_accel_Pipeline_ROW_LOOP_COL_LOOP_fu_106/cmp105_fu_460_p2_carry__0_i_6                                        | CARRY.others.CARRY4  |
    | grp_sobel_accel_Pipeline_ROW_LOOP_COL_LOOP_fu_106/cmp105_fu_460_p2_carry__0_i_5                                        | CARRY.others.CARRY4  |
    | grp_sobel_accel_Pipeline_ROW_LOOP_COL_LOOP_fu_106/icmp_reg_1015_pp0_iter2_reg_reg[0]_srl2_i_5                          | LUT.others.LUT4      |
    | grp_sobel_accel_Pipeline_ROW_LOOP_COL_LOOP_fu_106/icmp_reg_1015_pp0_iter2_reg_reg[0]_srl2_i_2                          | LUT.others.LUT5      |
    | grp_sobel_accel_Pipeline_ROW_LOOP_COL_LOOP_fu_106/icmp_reg_1015_pp0_iter2_reg_reg[0]_srl2_i_1                          | LUT.others.LUT3      |
    | grp_sobel_accel_Pipeline_ROW_LOOP_COL_LOOP_fu_106/icmp_reg_1015_pp0_iter2_reg_reg[0]_srl2                              | DMEM.srl.SRL16E      |
    | width_read_reg_194_reg[1]                                                                                              | FLOP_LATCH.flop.FDRE |
    | grp_sobel_accel_Pipeline_ROW_LOOP_COL_LOOP_fu_106/icmp_ln30_fu_397_p2_carry_i_4                                        | LUT.others.LUT4      |
    | grp_sobel_accel_Pipeline_ROW_LOOP_COL_LOOP_fu_106/icmp_ln30_fu_397_p2_carry                                            | CARRY.others.CARRY4  |
    | grp_sobel_accel_Pipeline_ROW_LOOP_COL_LOOP_fu_106/icmp_ln30_fu_397_p2_carry__0                                         | CARRY.others.CARRY4  |
    | grp_sobel_accel_Pipeline_ROW_LOOP_COL_LOOP_fu_106/icmp_ln30_fu_397_p2_carry__1                                         | CARRY.others.CARRY4  |
    | grp_sobel_accel_Pipeline_ROW_LOOP_COL_LOOP_fu_106/icmp_ln30_fu_397_p2_carry__2                                         | CARRY.others.CARRY4  |
    | grp_sobel_accel_Pipeline_ROW_LOOP_COL_LOOP_fu_106/cmp105_fu_460_p2_carry_i_8                                           | LUT.others.LUT2      |
    | grp_sobel_accel_Pipeline_ROW_LOOP_COL_LOOP_fu_106/cmp105_fu_460_p2_carry_i_7                                           | CARRY.others.CARRY4  |
    | grp_sobel_accel_Pipeline_ROW_LOOP_COL_LOOP_fu_106/cmp105_fu_460_p2_carry_i_6                                           | CARRY.others.CARRY4  |
    | grp_sobel_accel_Pipeline_ROW_LOOP_COL_LOOP_fu_106/cmp105_fu_460_p2_carry_i_5                                           | CARRY.others.CARRY4  |
    | grp_sobel_accel_Pipeline_ROW_LOOP_COL_LOOP_fu_106/cmp105_fu_460_p2_carry__0_i_7                                        | CARRY.others.CARRY4  |
    | grp_sobel_accel_Pipeline_ROW_LOOP_COL_LOOP_fu_106/cmp105_fu_460_p2_carry__0_i_6                                        | CARRY.others.CARRY4  |
    | grp_sobel_accel_Pipeline_ROW_LOOP_COL_LOOP_fu_106/cmp105_fu_460_p2_carry__0_i_5                                        | CARRY.others.CARRY4  |
    | grp_sobel_accel_Pipeline_ROW_LOOP_COL_LOOP_fu_106/cmp105_fu_460_p2_carry__0_i_1                                        | LUT.others.LUT6      |
    | grp_sobel_accel_Pipeline_ROW_LOOP_COL_LOOP_fu_106/cmp105_fu_460_p2_carry__0                                            | CARRY.others.CARRY4  |
    | grp_sobel_accel_Pipeline_ROW_LOOP_COL_LOOP_fu_106/cmp105_fu_460_p2_carry__1                                            | CARRY.others.CARRY4  |
    | grp_sobel_accel_Pipeline_ROW_LOOP_COL_LOOP_fu_106/out_pixel_last_reg_1062_pp0_iter2_reg_reg[0]_srl2_i_1                | LUT.others.LUT2      |
    | grp_sobel_accel_Pipeline_ROW_LOOP_COL_LOOP_fu_106/out_pixel_last_reg_1062_pp0_iter2_reg_reg[0]_srl2                    | DMEM.srl.SRL16E      |
    | mul_ln6_reg_207_reg[16]__0                                                                                             | FLOP_LATCH.flop.FDRE |
    | mul_32ns_32ns_64_1_1_U22/tmp_product_carry                                                                             | CARRY.others.CARRY4  |
    | mul_32ns_32ns_64_1_1_U22/tmp_product_carry__0                                                                          | CARRY.others.CARRY4  |
    | mul_32ns_32ns_64_1_1_U22/tmp_product_carry__1                                                                          | CARRY.others.CARRY4  |
    | mul_32ns_32ns_64_1_1_U22/tmp_product_carry__2                                                                          | CARRY.others.CARRY4  |
    | mul_32ns_32ns_64_1_1_U22/tmp_product_carry__3                                                                          | CARRY.others.CARRY4  |
    | mul_32ns_32ns_64_1_1_U22/tmp_product_carry__4                                                                          | CARRY.others.CARRY4  |
    | mul_32ns_32ns_64_1_1_U22/tmp_product_carry__5                                                                          | CARRY.others.CARRY4  |
    | mul_32ns_32ns_64_1_1_U22/tmp_product_carry__6                                                                          | CARRY.others.CARRY4  |
    | mul_32ns_32ns_64_1_1_U22/tmp_product_carry__7                                                                          | CARRY.others.CARRY4  |
    | mul_32ns_32ns_64_1_1_U22/tmp_product_carry__8                                                                          | CARRY.others.CARRY4  |
    | mul_32ns_32ns_64_1_1_U22/tmp_product_carry__9                                                                          | CARRY.others.CARRY4  |
    | mul_32ns_32ns_64_1_1_U22/i__carry__3_i_1                                                                               | LUT.others.LUT6      |
    | grp_sobel_accel_Pipeline_ROW_LOOP_COL_LOOP_fu_106/icmp_ln29_fu_382_p2_inferred__0/i__carry__3                          | CARRY.others.CARRY4  |
    | grp_sobel_accel_Pipeline_ROW_LOOP_COL_LOOP_fu_106/icmp_ln29_fu_382_p2_inferred__0/i__carry__4                          | CARRY.others.CARRY4  |
    | grp_sobel_accel_Pipeline_ROW_LOOP_COL_LOOP_fu_106/sobel_accel_stream_stream_axis_0_int_int_int_line_buf_U/ram_reg_i_23 | LUT.others.LUT6      |
    | grp_sobel_accel_Pipeline_ROW_LOOP_COL_LOOP_fu_106/flow_control_loop_pipe_sequential_init_U/x_fu_146[10]_i_1            | LUT.others.LUT3      |
    | grp_sobel_accel_Pipeline_ROW_LOOP_COL_LOOP_fu_106/indvar_flatten_fu_154_reg[0]                                         | FLOP_LATCH.flop.FDRE |
    | mul_ln6_reg_207_reg[16]__0                                                                                             | FLOP_LATCH.flop.FDRE |
    | mul_32ns_32ns_64_1_1_U22/tmp_product_carry                                                                             | CARRY.others.CARRY4  |
    | mul_32ns_32ns_64_1_1_U22/tmp_product_carry__0                                                                          | CARRY.others.CARRY4  |
    | mul_32ns_32ns_64_1_1_U22/tmp_product_carry__1                                                                          | CARRY.others.CARRY4  |
    | mul_32ns_32ns_64_1_1_U22/tmp_product_carry__2                                                                          | CARRY.others.CARRY4  |
    | mul_32ns_32ns_64_1_1_U22/tmp_product_carry__3                                                                          | CARRY.others.CARRY4  |
    | mul_32ns_32ns_64_1_1_U22/tmp_product_carry__4                                                                          | CARRY.others.CARRY4  |
    | mul_32ns_32ns_64_1_1_U22/tmp_product_carry__5                                                                          | CARRY.others.CARRY4  |
    | mul_32ns_32ns_64_1_1_U22/tmp_product_carry__6                                                                          | CARRY.others.CARRY4  |
    | mul_32ns_32ns_64_1_1_U22/tmp_product_carry__7                                                                          | CARRY.others.CARRY4  |
    | mul_32ns_32ns_64_1_1_U22/tmp_product_carry__8                                                                          | CARRY.others.CARRY4  |
    | mul_32ns_32ns_64_1_1_U22/tmp_product_carry__9                                                                          | CARRY.others.CARRY4  |
    | mul_32ns_32ns_64_1_1_U22/i__carry__3_i_1                                                                               | LUT.others.LUT6      |
    | grp_sobel_accel_Pipeline_ROW_LOOP_COL_LOOP_fu_106/icmp_ln29_fu_382_p2_inferred__0/i__carry__3                          | CARRY.others.CARRY4  |
    | grp_sobel_accel_Pipeline_ROW_LOOP_COL_LOOP_fu_106/icmp_ln29_fu_382_p2_inferred__0/i__carry__4                          | CARRY.others.CARRY4  |
    | grp_sobel_accel_Pipeline_ROW_LOOP_COL_LOOP_fu_106/sobel_accel_stream_stream_axis_0_int_int_int_line_buf_U/ram_reg_i_23 | LUT.others.LUT6      |
    | grp_sobel_accel_Pipeline_ROW_LOOP_COL_LOOP_fu_106/flow_control_loop_pipe_sequential_init_U/x_fu_146[10]_i_1            | LUT.others.LUT3      |
    | grp_sobel_accel_Pipeline_ROW_LOOP_COL_LOOP_fu_106/indvar_flatten_fu_154_reg[10]                                        | FLOP_LATCH.flop.FDRE |
    | mul_ln6_reg_207_reg[16]__0                                                                                             | FLOP_LATCH.flop.FDRE |
    | mul_32ns_32ns_64_1_1_U22/tmp_product_carry                                                                             | CARRY.others.CARRY4  |
    | mul_32ns_32ns_64_1_1_U22/tmp_product_carry__0                                                                          | CARRY.others.CARRY4  |
    | mul_32ns_32ns_64_1_1_U22/tmp_product_carry__1                                                                          | CARRY.others.CARRY4  |
    | mul_32ns_32ns_64_1_1_U22/tmp_product_carry__2                                                                          | CARRY.others.CARRY4  |
    | mul_32ns_32ns_64_1_1_U22/tmp_product_carry__3                                                                          | CARRY.others.CARRY4  |
    | mul_32ns_32ns_64_1_1_U22/tmp_product_carry__4                                                                          | CARRY.others.CARRY4  |
    | mul_32ns_32ns_64_1_1_U22/tmp_product_carry__5                                                                          | CARRY.others.CARRY4  |
    | mul_32ns_32ns_64_1_1_U22/tmp_product_carry__6                                                                          | CARRY.others.CARRY4  |
    | mul_32ns_32ns_64_1_1_U22/tmp_product_carry__7                                                                          | CARRY.others.CARRY4  |
    | mul_32ns_32ns_64_1_1_U22/tmp_product_carry__8                                                                          | CARRY.others.CARRY4  |
    | mul_32ns_32ns_64_1_1_U22/tmp_product_carry__9                                                                          | CARRY.others.CARRY4  |
    | mul_32ns_32ns_64_1_1_U22/i__carry__3_i_1                                                                               | LUT.others.LUT6      |
    | grp_sobel_accel_Pipeline_ROW_LOOP_COL_LOOP_fu_106/icmp_ln29_fu_382_p2_inferred__0/i__carry__3                          | CARRY.others.CARRY4  |
    | grp_sobel_accel_Pipeline_ROW_LOOP_COL_LOOP_fu_106/icmp_ln29_fu_382_p2_inferred__0/i__carry__4                          | CARRY.others.CARRY4  |
    | grp_sobel_accel_Pipeline_ROW_LOOP_COL_LOOP_fu_106/sobel_accel_stream_stream_axis_0_int_int_int_line_buf_U/ram_reg_i_23 | LUT.others.LUT6      |
    | grp_sobel_accel_Pipeline_ROW_LOOP_COL_LOOP_fu_106/flow_control_loop_pipe_sequential_init_U/x_fu_146[10]_i_1            | LUT.others.LUT3      |
    | grp_sobel_accel_Pipeline_ROW_LOOP_COL_LOOP_fu_106/indvar_flatten_fu_154_reg[11]                                        | FLOP_LATCH.flop.FDRE |
    +------------------------------------------------------------------------------------------------------------------------+----------------------+

    +------------------------------------------------------------------------------------------------------------------------+----------------------+
    | Path3 Cells                                                                                                            | Primitive Type       |
    +------------------------------------------------------------------------------------------------------------------------+----------------------+
    | width_read_reg_194_reg[1]                                                                                              | FLOP_LATCH.flop.FDRE |
    | grp_sobel_accel_Pipeline_ROW_LOOP_COL_LOOP_fu_106/icmp_ln30_fu_397_p2_carry_i_4                                        | LUT.others.LUT4      |
    | grp_sobel_accel_Pipeline_ROW_LOOP_COL_LOOP_fu_106/icmp_ln30_fu_397_p2_carry                                            | CARRY.others.CARRY4  |
    | grp_sobel_accel_Pipeline_ROW_LOOP_COL_LOOP_fu_106/icmp_ln30_fu_397_p2_carry__0                                         | CARRY.others.CARRY4  |
    | grp_sobel_accel_Pipeline_ROW_LOOP_COL_LOOP_fu_106/icmp_ln30_fu_397_p2_carry__1                                         | CARRY.others.CARRY4  |
    | grp_sobel_accel_Pipeline_ROW_LOOP_COL_LOOP_fu_106/icmp_ln30_fu_397_p2_carry__2                                         | CARRY.others.CARRY4  |
    | grp_sobel_accel_Pipeline_ROW_LOOP_COL_LOOP_fu_106/cmp105_fu_460_p2_carry_i_8                                           | LUT.others.LUT2      |
    | grp_sobel_accel_Pipeline_ROW_LOOP_COL_LOOP_fu_106/cmp105_fu_460_p2_carry_i_7                                           | CARRY.others.CARRY4  |
    | grp_sobel_accel_Pipeline_ROW_LOOP_COL_LOOP_fu_106/cmp105_fu_460_p2_carry_i_6                                           | CARRY.others.CARRY4  |
    | grp_sobel_accel_Pipeline_ROW_LOOP_COL_LOOP_fu_106/cmp105_fu_460_p2_carry_i_5                                           | CARRY.others.CARRY4  |
    | grp_sobel_accel_Pipeline_ROW_LOOP_COL_LOOP_fu_106/cmp105_fu_460_p2_carry__0_i_7                                        | CARRY.others.CARRY4  |
    | grp_sobel_accel_Pipeline_ROW_LOOP_COL_LOOP_fu_106/cmp105_fu_460_p2_carry__0_i_6                                        | CARRY.others.CARRY4  |
    | grp_sobel_accel_Pipeline_ROW_LOOP_COL_LOOP_fu_106/cmp105_fu_460_p2_carry__0_i_5                                        | CARRY.others.CARRY4  |
    | grp_sobel_accel_Pipeline_ROW_LOOP_COL_LOOP_fu_106/icmp_reg_1015_pp0_iter2_reg_reg[0]_srl2_i_5                          | LUT.others.LUT4      |
    | grp_sobel_accel_Pipeline_ROW_LOOP_COL_LOOP_fu_106/icmp_reg_1015_pp0_iter2_reg_reg[0]_srl2_i_2                          | LUT.others.LUT5      |
    | grp_sobel_accel_Pipeline_ROW_LOOP_COL_LOOP_fu_106/icmp_reg_1015_pp0_iter2_reg_reg[0]_srl2_i_1                          | LUT.others.LUT3      |
    | grp_sobel_accel_Pipeline_ROW_LOOP_COL_LOOP_fu_106/icmp_reg_1015_pp0_iter2_reg_reg[0]_srl2                              | DMEM.srl.SRL16E      |
    | width_read_reg_194_reg[1]                                                                                              | FLOP_LATCH.flop.FDRE |
    | grp_sobel_accel_Pipeline_ROW_LOOP_COL_LOOP_fu_106/icmp_ln30_fu_397_p2_carry_i_4                                        | LUT.others.LUT4      |
    | grp_sobel_accel_Pipeline_ROW_LOOP_COL_LOOP_fu_106/icmp_ln30_fu_397_p2_carry                                            | CARRY.others.CARRY4  |
    | grp_sobel_accel_Pipeline_ROW_LOOP_COL_LOOP_fu_106/icmp_ln30_fu_397_p2_carry__0                                         | CARRY.others.CARRY4  |
    | grp_sobel_accel_Pipeline_ROW_LOOP_COL_LOOP_fu_106/icmp_ln30_fu_397_p2_carry__1                                         | CARRY.others.CARRY4  |
    | grp_sobel_accel_Pipeline_ROW_LOOP_COL_LOOP_fu_106/icmp_ln30_fu_397_p2_carry__2                                         | CARRY.others.CARRY4  |
    | grp_sobel_accel_Pipeline_ROW_LOOP_COL_LOOP_fu_106/cmp105_fu_460_p2_carry_i_8                                           | LUT.others.LUT2      |
    | grp_sobel_accel_Pipeline_ROW_LOOP_COL_LOOP_fu_106/cmp105_fu_460_p2_carry_i_7                                           | CARRY.others.CARRY4  |
    | grp_sobel_accel_Pipeline_ROW_LOOP_COL_LOOP_fu_106/cmp105_fu_460_p2_carry_i_6                                           | CARRY.others.CARRY4  |
    | grp_sobel_accel_Pipeline_ROW_LOOP_COL_LOOP_fu_106/cmp105_fu_460_p2_carry_i_5                                           | CARRY.others.CARRY4  |
    | grp_sobel_accel_Pipeline_ROW_LOOP_COL_LOOP_fu_106/cmp105_fu_460_p2_carry__0_i_7                                        | CARRY.others.CARRY4  |
    | grp_sobel_accel_Pipeline_ROW_LOOP_COL_LOOP_fu_106/cmp105_fu_460_p2_carry__0_i_6                                        | CARRY.others.CARRY4  |
    | grp_sobel_accel_Pipeline_ROW_LOOP_COL_LOOP_fu_106/cmp105_fu_460_p2_carry__0_i_5                                        | CARRY.others.CARRY4  |
    | grp_sobel_accel_Pipeline_ROW_LOOP_COL_LOOP_fu_106/cmp105_fu_460_p2_carry__0_i_1                                        | LUT.others.LUT6      |
    | grp_sobel_accel_Pipeline_ROW_LOOP_COL_LOOP_fu_106/cmp105_fu_460_p2_carry__0                                            | CARRY.others.CARRY4  |
    | grp_sobel_accel_Pipeline_ROW_LOOP_COL_LOOP_fu_106/cmp105_fu_460_p2_carry__1                                            | CARRY.others.CARRY4  |
    | grp_sobel_accel_Pipeline_ROW_LOOP_COL_LOOP_fu_106/out_pixel_last_reg_1062_pp0_iter2_reg_reg[0]_srl2_i_1                | LUT.others.LUT2      |
    | grp_sobel_accel_Pipeline_ROW_LOOP_COL_LOOP_fu_106/out_pixel_last_reg_1062_pp0_iter2_reg_reg[0]_srl2                    | DMEM.srl.SRL16E      |
    | mul_ln6_reg_207_reg[16]__0                                                                                             | FLOP_LATCH.flop.FDRE |
    | mul_32ns_32ns_64_1_1_U22/tmp_product_carry                                                                             | CARRY.others.CARRY4  |
    | mul_32ns_32ns_64_1_1_U22/tmp_product_carry__0                                                                          | CARRY.others.CARRY4  |
    | mul_32ns_32ns_64_1_1_U22/tmp_product_carry__1                                                                          | CARRY.others.CARRY4  |
    | mul_32ns_32ns_64_1_1_U22/tmp_product_carry__2                                                                          | CARRY.others.CARRY4  |
    | mul_32ns_32ns_64_1_1_U22/tmp_product_carry__3                                                                          | CARRY.others.CARRY4  |
    | mul_32ns_32ns_64_1_1_U22/tmp_product_carry__4                                                                          | CARRY.others.CARRY4  |
    | mul_32ns_32ns_64_1_1_U22/tmp_product_carry__5                                                                          | CARRY.others.CARRY4  |
    | mul_32ns_32ns_64_1_1_U22/tmp_product_carry__6                                                                          | CARRY.others.CARRY4  |
    | mul_32ns_32ns_64_1_1_U22/tmp_product_carry__7                                                                          | CARRY.others.CARRY4  |
    | mul_32ns_32ns_64_1_1_U22/tmp_product_carry__8                                                                          | CARRY.others.CARRY4  |
    | mul_32ns_32ns_64_1_1_U22/tmp_product_carry__9                                                                          | CARRY.others.CARRY4  |
    | mul_32ns_32ns_64_1_1_U22/i__carry__3_i_1                                                                               | LUT.others.LUT6      |
    | grp_sobel_accel_Pipeline_ROW_LOOP_COL_LOOP_fu_106/icmp_ln29_fu_382_p2_inferred__0/i__carry__3                          | CARRY.others.CARRY4  |
    | grp_sobel_accel_Pipeline_ROW_LOOP_COL_LOOP_fu_106/icmp_ln29_fu_382_p2_inferred__0/i__carry__4                          | CARRY.others.CARRY4  |
    | grp_sobel_accel_Pipeline_ROW_LOOP_COL_LOOP_fu_106/sobel_accel_stream_stream_axis_0_int_int_int_line_buf_U/ram_reg_i_23 | LUT.others.LUT6      |
    | grp_sobel_accel_Pipeline_ROW_LOOP_COL_LOOP_fu_106/flow_control_loop_pipe_sequential_init_U/x_fu_146[10]_i_1            | LUT.others.LUT3      |
    | grp_sobel_accel_Pipeline_ROW_LOOP_COL_LOOP_fu_106/indvar_flatten_fu_154_reg[0]                                         | FLOP_LATCH.flop.FDRE |
    | mul_ln6_reg_207_reg[16]__0                                                                                             | FLOP_LATCH.flop.FDRE |
    | mul_32ns_32ns_64_1_1_U22/tmp_product_carry                                                                             | CARRY.others.CARRY4  |
    | mul_32ns_32ns_64_1_1_U22/tmp_product_carry__0                                                                          | CARRY.others.CARRY4  |
    | mul_32ns_32ns_64_1_1_U22/tmp_product_carry__1                                                                          | CARRY.others.CARRY4  |
    | mul_32ns_32ns_64_1_1_U22/tmp_product_carry__2                                                                          | CARRY.others.CARRY4  |
    | mul_32ns_32ns_64_1_1_U22/tmp_product_carry__3                                                                          | CARRY.others.CARRY4  |
    | mul_32ns_32ns_64_1_1_U22/tmp_product_carry__4                                                                          | CARRY.others.CARRY4  |
    | mul_32ns_32ns_64_1_1_U22/tmp_product_carry__5                                                                          | CARRY.others.CARRY4  |
    | mul_32ns_32ns_64_1_1_U22/tmp_product_carry__6                                                                          | CARRY.others.CARRY4  |
    | mul_32ns_32ns_64_1_1_U22/tmp_product_carry__7                                                                          | CARRY.others.CARRY4  |
    | mul_32ns_32ns_64_1_1_U22/tmp_product_carry__8                                                                          | CARRY.others.CARRY4  |
    | mul_32ns_32ns_64_1_1_U22/tmp_product_carry__9                                                                          | CARRY.others.CARRY4  |
    | mul_32ns_32ns_64_1_1_U22/i__carry__3_i_1                                                                               | LUT.others.LUT6      |
    | grp_sobel_accel_Pipeline_ROW_LOOP_COL_LOOP_fu_106/icmp_ln29_fu_382_p2_inferred__0/i__carry__3                          | CARRY.others.CARRY4  |
    | grp_sobel_accel_Pipeline_ROW_LOOP_COL_LOOP_fu_106/icmp_ln29_fu_382_p2_inferred__0/i__carry__4                          | CARRY.others.CARRY4  |
    | grp_sobel_accel_Pipeline_ROW_LOOP_COL_LOOP_fu_106/sobel_accel_stream_stream_axis_0_int_int_int_line_buf_U/ram_reg_i_23 | LUT.others.LUT6      |
    | grp_sobel_accel_Pipeline_ROW_LOOP_COL_LOOP_fu_106/flow_control_loop_pipe_sequential_init_U/x_fu_146[10]_i_1            | LUT.others.LUT3      |
    | grp_sobel_accel_Pipeline_ROW_LOOP_COL_LOOP_fu_106/indvar_flatten_fu_154_reg[10]                                        | FLOP_LATCH.flop.FDRE |
    | mul_ln6_reg_207_reg[16]__0                                                                                             | FLOP_LATCH.flop.FDRE |
    | mul_32ns_32ns_64_1_1_U22/tmp_product_carry                                                                             | CARRY.others.CARRY4  |
    | mul_32ns_32ns_64_1_1_U22/tmp_product_carry__0                                                                          | CARRY.others.CARRY4  |
    | mul_32ns_32ns_64_1_1_U22/tmp_product_carry__1                                                                          | CARRY.others.CARRY4  |
    | mul_32ns_32ns_64_1_1_U22/tmp_product_carry__2                                                                          | CARRY.others.CARRY4  |
    | mul_32ns_32ns_64_1_1_U22/tmp_product_carry__3                                                                          | CARRY.others.CARRY4  |
    | mul_32ns_32ns_64_1_1_U22/tmp_product_carry__4                                                                          | CARRY.others.CARRY4  |
    | mul_32ns_32ns_64_1_1_U22/tmp_product_carry__5                                                                          | CARRY.others.CARRY4  |
    | mul_32ns_32ns_64_1_1_U22/tmp_product_carry__6                                                                          | CARRY.others.CARRY4  |
    | mul_32ns_32ns_64_1_1_U22/tmp_product_carry__7                                                                          | CARRY.others.CARRY4  |
    | mul_32ns_32ns_64_1_1_U22/tmp_product_carry__8                                                                          | CARRY.others.CARRY4  |
    | mul_32ns_32ns_64_1_1_U22/tmp_product_carry__9                                                                          | CARRY.others.CARRY4  |
    | mul_32ns_32ns_64_1_1_U22/i__carry__3_i_1                                                                               | LUT.others.LUT6      |
    | grp_sobel_accel_Pipeline_ROW_LOOP_COL_LOOP_fu_106/icmp_ln29_fu_382_p2_inferred__0/i__carry__3                          | CARRY.others.CARRY4  |
    | grp_sobel_accel_Pipeline_ROW_LOOP_COL_LOOP_fu_106/icmp_ln29_fu_382_p2_inferred__0/i__carry__4                          | CARRY.others.CARRY4  |
    | grp_sobel_accel_Pipeline_ROW_LOOP_COL_LOOP_fu_106/sobel_accel_stream_stream_axis_0_int_int_int_line_buf_U/ram_reg_i_23 | LUT.others.LUT6      |
    | grp_sobel_accel_Pipeline_ROW_LOOP_COL_LOOP_fu_106/flow_control_loop_pipe_sequential_init_U/x_fu_146[10]_i_1            | LUT.others.LUT3      |
    | grp_sobel_accel_Pipeline_ROW_LOOP_COL_LOOP_fu_106/indvar_flatten_fu_154_reg[11]                                        | FLOP_LATCH.flop.FDRE |
    +------------------------------------------------------------------------------------------------------------------------+----------------------+

    +------------------------------------------------------------------------------------------------------------------------+----------------------+
    | Path4 Cells                                                                                                            | Primitive Type       |
    +------------------------------------------------------------------------------------------------------------------------+----------------------+
    | width_read_reg_194_reg[1]                                                                                              | FLOP_LATCH.flop.FDRE |
    | grp_sobel_accel_Pipeline_ROW_LOOP_COL_LOOP_fu_106/icmp_ln30_fu_397_p2_carry_i_4                                        | LUT.others.LUT4      |
    | grp_sobel_accel_Pipeline_ROW_LOOP_COL_LOOP_fu_106/icmp_ln30_fu_397_p2_carry                                            | CARRY.others.CARRY4  |
    | grp_sobel_accel_Pipeline_ROW_LOOP_COL_LOOP_fu_106/icmp_ln30_fu_397_p2_carry__0                                         | CARRY.others.CARRY4  |
    | grp_sobel_accel_Pipeline_ROW_LOOP_COL_LOOP_fu_106/icmp_ln30_fu_397_p2_carry__1                                         | CARRY.others.CARRY4  |
    | grp_sobel_accel_Pipeline_ROW_LOOP_COL_LOOP_fu_106/icmp_ln30_fu_397_p2_carry__2                                         | CARRY.others.CARRY4  |
    | grp_sobel_accel_Pipeline_ROW_LOOP_COL_LOOP_fu_106/cmp105_fu_460_p2_carry_i_8                                           | LUT.others.LUT2      |
    | grp_sobel_accel_Pipeline_ROW_LOOP_COL_LOOP_fu_106/cmp105_fu_460_p2_carry_i_7                                           | CARRY.others.CARRY4  |
    | grp_sobel_accel_Pipeline_ROW_LOOP_COL_LOOP_fu_106/cmp105_fu_460_p2_carry_i_6                                           | CARRY.others.CARRY4  |
    | grp_sobel_accel_Pipeline_ROW_LOOP_COL_LOOP_fu_106/cmp105_fu_460_p2_carry_i_5                                           | CARRY.others.CARRY4  |
    | grp_sobel_accel_Pipeline_ROW_LOOP_COL_LOOP_fu_106/cmp105_fu_460_p2_carry__0_i_7                                        | CARRY.others.CARRY4  |
    | grp_sobel_accel_Pipeline_ROW_LOOP_COL_LOOP_fu_106/cmp105_fu_460_p2_carry__0_i_6                                        | CARRY.others.CARRY4  |
    | grp_sobel_accel_Pipeline_ROW_LOOP_COL_LOOP_fu_106/cmp105_fu_460_p2_carry__0_i_5                                        | CARRY.others.CARRY4  |
    | grp_sobel_accel_Pipeline_ROW_LOOP_COL_LOOP_fu_106/icmp_reg_1015_pp0_iter2_reg_reg[0]_srl2_i_5                          | LUT.others.LUT4      |
    | grp_sobel_accel_Pipeline_ROW_LOOP_COL_LOOP_fu_106/icmp_reg_1015_pp0_iter2_reg_reg[0]_srl2_i_2                          | LUT.others.LUT5      |
    | grp_sobel_accel_Pipeline_ROW_LOOP_COL_LOOP_fu_106/icmp_reg_1015_pp0_iter2_reg_reg[0]_srl2_i_1                          | LUT.others.LUT3      |
    | grp_sobel_accel_Pipeline_ROW_LOOP_COL_LOOP_fu_106/icmp_reg_1015_pp0_iter2_reg_reg[0]_srl2                              | DMEM.srl.SRL16E      |
    | width_read_reg_194_reg[1]                                                                                              | FLOP_LATCH.flop.FDRE |
    | grp_sobel_accel_Pipeline_ROW_LOOP_COL_LOOP_fu_106/icmp_ln30_fu_397_p2_carry_i_4                                        | LUT.others.LUT4      |
    | grp_sobel_accel_Pipeline_ROW_LOOP_COL_LOOP_fu_106/icmp_ln30_fu_397_p2_carry                                            | CARRY.others.CARRY4  |
    | grp_sobel_accel_Pipeline_ROW_LOOP_COL_LOOP_fu_106/icmp_ln30_fu_397_p2_carry__0                                         | CARRY.others.CARRY4  |
    | grp_sobel_accel_Pipeline_ROW_LOOP_COL_LOOP_fu_106/icmp_ln30_fu_397_p2_carry__1                                         | CARRY.others.CARRY4  |
    | grp_sobel_accel_Pipeline_ROW_LOOP_COL_LOOP_fu_106/icmp_ln30_fu_397_p2_carry__2                                         | CARRY.others.CARRY4  |
    | grp_sobel_accel_Pipeline_ROW_LOOP_COL_LOOP_fu_106/cmp105_fu_460_p2_carry_i_8                                           | LUT.others.LUT2      |
    | grp_sobel_accel_Pipeline_ROW_LOOP_COL_LOOP_fu_106/cmp105_fu_460_p2_carry_i_7                                           | CARRY.others.CARRY4  |
    | grp_sobel_accel_Pipeline_ROW_LOOP_COL_LOOP_fu_106/cmp105_fu_460_p2_carry_i_6                                           | CARRY.others.CARRY4  |
    | grp_sobel_accel_Pipeline_ROW_LOOP_COL_LOOP_fu_106/cmp105_fu_460_p2_carry_i_5                                           | CARRY.others.CARRY4  |
    | grp_sobel_accel_Pipeline_ROW_LOOP_COL_LOOP_fu_106/cmp105_fu_460_p2_carry__0_i_7                                        | CARRY.others.CARRY4  |
    | grp_sobel_accel_Pipeline_ROW_LOOP_COL_LOOP_fu_106/cmp105_fu_460_p2_carry__0_i_6                                        | CARRY.others.CARRY4  |
    | grp_sobel_accel_Pipeline_ROW_LOOP_COL_LOOP_fu_106/cmp105_fu_460_p2_carry__0_i_5                                        | CARRY.others.CARRY4  |
    | grp_sobel_accel_Pipeline_ROW_LOOP_COL_LOOP_fu_106/cmp105_fu_460_p2_carry__0_i_1                                        | LUT.others.LUT6      |
    | grp_sobel_accel_Pipeline_ROW_LOOP_COL_LOOP_fu_106/cmp105_fu_460_p2_carry__0                                            | CARRY.others.CARRY4  |
    | grp_sobel_accel_Pipeline_ROW_LOOP_COL_LOOP_fu_106/cmp105_fu_460_p2_carry__1                                            | CARRY.others.CARRY4  |
    | grp_sobel_accel_Pipeline_ROW_LOOP_COL_LOOP_fu_106/out_pixel_last_reg_1062_pp0_iter2_reg_reg[0]_srl2_i_1                | LUT.others.LUT2      |
    | grp_sobel_accel_Pipeline_ROW_LOOP_COL_LOOP_fu_106/out_pixel_last_reg_1062_pp0_iter2_reg_reg[0]_srl2                    | DMEM.srl.SRL16E      |
    | mul_ln6_reg_207_reg[16]__0                                                                                             | FLOP_LATCH.flop.FDRE |
    | mul_32ns_32ns_64_1_1_U22/tmp_product_carry                                                                             | CARRY.others.CARRY4  |
    | mul_32ns_32ns_64_1_1_U22/tmp_product_carry__0                                                                          | CARRY.others.CARRY4  |
    | mul_32ns_32ns_64_1_1_U22/tmp_product_carry__1                                                                          | CARRY.others.CARRY4  |
    | mul_32ns_32ns_64_1_1_U22/tmp_product_carry__2                                                                          | CARRY.others.CARRY4  |
    | mul_32ns_32ns_64_1_1_U22/tmp_product_carry__3                                                                          | CARRY.others.CARRY4  |
    | mul_32ns_32ns_64_1_1_U22/tmp_product_carry__4                                                                          | CARRY.others.CARRY4  |
    | mul_32ns_32ns_64_1_1_U22/tmp_product_carry__5                                                                          | CARRY.others.CARRY4  |
    | mul_32ns_32ns_64_1_1_U22/tmp_product_carry__6                                                                          | CARRY.others.CARRY4  |
    | mul_32ns_32ns_64_1_1_U22/tmp_product_carry__7                                                                          | CARRY.others.CARRY4  |
    | mul_32ns_32ns_64_1_1_U22/tmp_product_carry__8                                                                          | CARRY.others.CARRY4  |
    | mul_32ns_32ns_64_1_1_U22/tmp_product_carry__9                                                                          | CARRY.others.CARRY4  |
    | mul_32ns_32ns_64_1_1_U22/i__carry__3_i_1                                                                               | LUT.others.LUT6      |
    | grp_sobel_accel_Pipeline_ROW_LOOP_COL_LOOP_fu_106/icmp_ln29_fu_382_p2_inferred__0/i__carry__3                          | CARRY.others.CARRY4  |
    | grp_sobel_accel_Pipeline_ROW_LOOP_COL_LOOP_fu_106/icmp_ln29_fu_382_p2_inferred__0/i__carry__4                          | CARRY.others.CARRY4  |
    | grp_sobel_accel_Pipeline_ROW_LOOP_COL_LOOP_fu_106/sobel_accel_stream_stream_axis_0_int_int_int_line_buf_U/ram_reg_i_23 | LUT.others.LUT6      |
    | grp_sobel_accel_Pipeline_ROW_LOOP_COL_LOOP_fu_106/flow_control_loop_pipe_sequential_init_U/x_fu_146[10]_i_1            | LUT.others.LUT3      |
    | grp_sobel_accel_Pipeline_ROW_LOOP_COL_LOOP_fu_106/indvar_flatten_fu_154_reg[0]                                         | FLOP_LATCH.flop.FDRE |
    | mul_ln6_reg_207_reg[16]__0                                                                                             | FLOP_LATCH.flop.FDRE |
    | mul_32ns_32ns_64_1_1_U22/tmp_product_carry                                                                             | CARRY.others.CARRY4  |
    | mul_32ns_32ns_64_1_1_U22/tmp_product_carry__0                                                                          | CARRY.others.CARRY4  |
    | mul_32ns_32ns_64_1_1_U22/tmp_product_carry__1                                                                          | CARRY.others.CARRY4  |
    | mul_32ns_32ns_64_1_1_U22/tmp_product_carry__2                                                                          | CARRY.others.CARRY4  |
    | mul_32ns_32ns_64_1_1_U22/tmp_product_carry__3                                                                          | CARRY.others.CARRY4  |
    | mul_32ns_32ns_64_1_1_U22/tmp_product_carry__4                                                                          | CARRY.others.CARRY4  |
    | mul_32ns_32ns_64_1_1_U22/tmp_product_carry__5                                                                          | CARRY.others.CARRY4  |
    | mul_32ns_32ns_64_1_1_U22/tmp_product_carry__6                                                                          | CARRY.others.CARRY4  |
    | mul_32ns_32ns_64_1_1_U22/tmp_product_carry__7                                                                          | CARRY.others.CARRY4  |
    | mul_32ns_32ns_64_1_1_U22/tmp_product_carry__8                                                                          | CARRY.others.CARRY4  |
    | mul_32ns_32ns_64_1_1_U22/tmp_product_carry__9                                                                          | CARRY.others.CARRY4  |
    | mul_32ns_32ns_64_1_1_U22/i__carry__3_i_1                                                                               | LUT.others.LUT6      |
    | grp_sobel_accel_Pipeline_ROW_LOOP_COL_LOOP_fu_106/icmp_ln29_fu_382_p2_inferred__0/i__carry__3                          | CARRY.others.CARRY4  |
    | grp_sobel_accel_Pipeline_ROW_LOOP_COL_LOOP_fu_106/icmp_ln29_fu_382_p2_inferred__0/i__carry__4                          | CARRY.others.CARRY4  |
    | grp_sobel_accel_Pipeline_ROW_LOOP_COL_LOOP_fu_106/sobel_accel_stream_stream_axis_0_int_int_int_line_buf_U/ram_reg_i_23 | LUT.others.LUT6      |
    | grp_sobel_accel_Pipeline_ROW_LOOP_COL_LOOP_fu_106/flow_control_loop_pipe_sequential_init_U/x_fu_146[10]_i_1            | LUT.others.LUT3      |
    | grp_sobel_accel_Pipeline_ROW_LOOP_COL_LOOP_fu_106/indvar_flatten_fu_154_reg[10]                                        | FLOP_LATCH.flop.FDRE |
    | mul_ln6_reg_207_reg[16]__0                                                                                             | FLOP_LATCH.flop.FDRE |
    | mul_32ns_32ns_64_1_1_U22/tmp_product_carry                                                                             | CARRY.others.CARRY4  |
    | mul_32ns_32ns_64_1_1_U22/tmp_product_carry__0                                                                          | CARRY.others.CARRY4  |
    | mul_32ns_32ns_64_1_1_U22/tmp_product_carry__1                                                                          | CARRY.others.CARRY4  |
    | mul_32ns_32ns_64_1_1_U22/tmp_product_carry__2                                                                          | CARRY.others.CARRY4  |
    | mul_32ns_32ns_64_1_1_U22/tmp_product_carry__3                                                                          | CARRY.others.CARRY4  |
    | mul_32ns_32ns_64_1_1_U22/tmp_product_carry__4                                                                          | CARRY.others.CARRY4  |
    | mul_32ns_32ns_64_1_1_U22/tmp_product_carry__5                                                                          | CARRY.others.CARRY4  |
    | mul_32ns_32ns_64_1_1_U22/tmp_product_carry__6                                                                          | CARRY.others.CARRY4  |
    | mul_32ns_32ns_64_1_1_U22/tmp_product_carry__7                                                                          | CARRY.others.CARRY4  |
    | mul_32ns_32ns_64_1_1_U22/tmp_product_carry__8                                                                          | CARRY.others.CARRY4  |
    | mul_32ns_32ns_64_1_1_U22/tmp_product_carry__9                                                                          | CARRY.others.CARRY4  |
    | mul_32ns_32ns_64_1_1_U22/i__carry__3_i_1                                                                               | LUT.others.LUT6      |
    | grp_sobel_accel_Pipeline_ROW_LOOP_COL_LOOP_fu_106/icmp_ln29_fu_382_p2_inferred__0/i__carry__3                          | CARRY.others.CARRY4  |
    | grp_sobel_accel_Pipeline_ROW_LOOP_COL_LOOP_fu_106/icmp_ln29_fu_382_p2_inferred__0/i__carry__4                          | CARRY.others.CARRY4  |
    | grp_sobel_accel_Pipeline_ROW_LOOP_COL_LOOP_fu_106/sobel_accel_stream_stream_axis_0_int_int_int_line_buf_U/ram_reg_i_23 | LUT.others.LUT6      |
    | grp_sobel_accel_Pipeline_ROW_LOOP_COL_LOOP_fu_106/flow_control_loop_pipe_sequential_init_U/x_fu_146[10]_i_1            | LUT.others.LUT3      |
    | grp_sobel_accel_Pipeline_ROW_LOOP_COL_LOOP_fu_106/indvar_flatten_fu_154_reg[11]                                        | FLOP_LATCH.flop.FDRE |
    +------------------------------------------------------------------------------------------------------------------------+----------------------+

    +------------------------------------------------------------------------------------------------------------------------+----------------------+
    | Path5 Cells                                                                                                            | Primitive Type       |
    +------------------------------------------------------------------------------------------------------------------------+----------------------+
    | width_read_reg_194_reg[1]                                                                                              | FLOP_LATCH.flop.FDRE |
    | grp_sobel_accel_Pipeline_ROW_LOOP_COL_LOOP_fu_106/icmp_ln30_fu_397_p2_carry_i_4                                        | LUT.others.LUT4      |
    | grp_sobel_accel_Pipeline_ROW_LOOP_COL_LOOP_fu_106/icmp_ln30_fu_397_p2_carry                                            | CARRY.others.CARRY4  |
    | grp_sobel_accel_Pipeline_ROW_LOOP_COL_LOOP_fu_106/icmp_ln30_fu_397_p2_carry__0                                         | CARRY.others.CARRY4  |
    | grp_sobel_accel_Pipeline_ROW_LOOP_COL_LOOP_fu_106/icmp_ln30_fu_397_p2_carry__1                                         | CARRY.others.CARRY4  |
    | grp_sobel_accel_Pipeline_ROW_LOOP_COL_LOOP_fu_106/icmp_ln30_fu_397_p2_carry__2                                         | CARRY.others.CARRY4  |
    | grp_sobel_accel_Pipeline_ROW_LOOP_COL_LOOP_fu_106/cmp105_fu_460_p2_carry_i_8                                           | LUT.others.LUT2      |
    | grp_sobel_accel_Pipeline_ROW_LOOP_COL_LOOP_fu_106/cmp105_fu_460_p2_carry_i_7                                           | CARRY.others.CARRY4  |
    | grp_sobel_accel_Pipeline_ROW_LOOP_COL_LOOP_fu_106/cmp105_fu_460_p2_carry_i_6                                           | CARRY.others.CARRY4  |
    | grp_sobel_accel_Pipeline_ROW_LOOP_COL_LOOP_fu_106/cmp105_fu_460_p2_carry_i_5                                           | CARRY.others.CARRY4  |
    | grp_sobel_accel_Pipeline_ROW_LOOP_COL_LOOP_fu_106/cmp105_fu_460_p2_carry__0_i_7                                        | CARRY.others.CARRY4  |
    | grp_sobel_accel_Pipeline_ROW_LOOP_COL_LOOP_fu_106/cmp105_fu_460_p2_carry__0_i_6                                        | CARRY.others.CARRY4  |
    | grp_sobel_accel_Pipeline_ROW_LOOP_COL_LOOP_fu_106/cmp105_fu_460_p2_carry__0_i_5                                        | CARRY.others.CARRY4  |
    | grp_sobel_accel_Pipeline_ROW_LOOP_COL_LOOP_fu_106/icmp_reg_1015_pp0_iter2_reg_reg[0]_srl2_i_5                          | LUT.others.LUT4      |
    | grp_sobel_accel_Pipeline_ROW_LOOP_COL_LOOP_fu_106/icmp_reg_1015_pp0_iter2_reg_reg[0]_srl2_i_2                          | LUT.others.LUT5      |
    | grp_sobel_accel_Pipeline_ROW_LOOP_COL_LOOP_fu_106/icmp_reg_1015_pp0_iter2_reg_reg[0]_srl2_i_1                          | LUT.others.LUT3      |
    | grp_sobel_accel_Pipeline_ROW_LOOP_COL_LOOP_fu_106/icmp_reg_1015_pp0_iter2_reg_reg[0]_srl2                              | DMEM.srl.SRL16E      |
    | width_read_reg_194_reg[1]                                                                                              | FLOP_LATCH.flop.FDRE |
    | grp_sobel_accel_Pipeline_ROW_LOOP_COL_LOOP_fu_106/icmp_ln30_fu_397_p2_carry_i_4                                        | LUT.others.LUT4      |
    | grp_sobel_accel_Pipeline_ROW_LOOP_COL_LOOP_fu_106/icmp_ln30_fu_397_p2_carry                                            | CARRY.others.CARRY4  |
    | grp_sobel_accel_Pipeline_ROW_LOOP_COL_LOOP_fu_106/icmp_ln30_fu_397_p2_carry__0                                         | CARRY.others.CARRY4  |
    | grp_sobel_accel_Pipeline_ROW_LOOP_COL_LOOP_fu_106/icmp_ln30_fu_397_p2_carry__1                                         | CARRY.others.CARRY4  |
    | grp_sobel_accel_Pipeline_ROW_LOOP_COL_LOOP_fu_106/icmp_ln30_fu_397_p2_carry__2                                         | CARRY.others.CARRY4  |
    | grp_sobel_accel_Pipeline_ROW_LOOP_COL_LOOP_fu_106/cmp105_fu_460_p2_carry_i_8                                           | LUT.others.LUT2      |
    | grp_sobel_accel_Pipeline_ROW_LOOP_COL_LOOP_fu_106/cmp105_fu_460_p2_carry_i_7                                           | CARRY.others.CARRY4  |
    | grp_sobel_accel_Pipeline_ROW_LOOP_COL_LOOP_fu_106/cmp105_fu_460_p2_carry_i_6                                           | CARRY.others.CARRY4  |
    | grp_sobel_accel_Pipeline_ROW_LOOP_COL_LOOP_fu_106/cmp105_fu_460_p2_carry_i_5                                           | CARRY.others.CARRY4  |
    | grp_sobel_accel_Pipeline_ROW_LOOP_COL_LOOP_fu_106/cmp105_fu_460_p2_carry__0_i_7                                        | CARRY.others.CARRY4  |
    | grp_sobel_accel_Pipeline_ROW_LOOP_COL_LOOP_fu_106/cmp105_fu_460_p2_carry__0_i_6                                        | CARRY.others.CARRY4  |
    | grp_sobel_accel_Pipeline_ROW_LOOP_COL_LOOP_fu_106/cmp105_fu_460_p2_carry__0_i_5                                        | CARRY.others.CARRY4  |
    | grp_sobel_accel_Pipeline_ROW_LOOP_COL_LOOP_fu_106/cmp105_fu_460_p2_carry__0_i_1                                        | LUT.others.LUT6      |
    | grp_sobel_accel_Pipeline_ROW_LOOP_COL_LOOP_fu_106/cmp105_fu_460_p2_carry__0                                            | CARRY.others.CARRY4  |
    | grp_sobel_accel_Pipeline_ROW_LOOP_COL_LOOP_fu_106/cmp105_fu_460_p2_carry__1                                            | CARRY.others.CARRY4  |
    | grp_sobel_accel_Pipeline_ROW_LOOP_COL_LOOP_fu_106/out_pixel_last_reg_1062_pp0_iter2_reg_reg[0]_srl2_i_1                | LUT.others.LUT2      |
    | grp_sobel_accel_Pipeline_ROW_LOOP_COL_LOOP_fu_106/out_pixel_last_reg_1062_pp0_iter2_reg_reg[0]_srl2                    | DMEM.srl.SRL16E      |
    | mul_ln6_reg_207_reg[16]__0                                                                                             | FLOP_LATCH.flop.FDRE |
    | mul_32ns_32ns_64_1_1_U22/tmp_product_carry                                                                             | CARRY.others.CARRY4  |
    | mul_32ns_32ns_64_1_1_U22/tmp_product_carry__0                                                                          | CARRY.others.CARRY4  |
    | mul_32ns_32ns_64_1_1_U22/tmp_product_carry__1                                                                          | CARRY.others.CARRY4  |
    | mul_32ns_32ns_64_1_1_U22/tmp_product_carry__2                                                                          | CARRY.others.CARRY4  |
    | mul_32ns_32ns_64_1_1_U22/tmp_product_carry__3                                                                          | CARRY.others.CARRY4  |
    | mul_32ns_32ns_64_1_1_U22/tmp_product_carry__4                                                                          | CARRY.others.CARRY4  |
    | mul_32ns_32ns_64_1_1_U22/tmp_product_carry__5                                                                          | CARRY.others.CARRY4  |
    | mul_32ns_32ns_64_1_1_U22/tmp_product_carry__6                                                                          | CARRY.others.CARRY4  |
    | mul_32ns_32ns_64_1_1_U22/tmp_product_carry__7                                                                          | CARRY.others.CARRY4  |
    | mul_32ns_32ns_64_1_1_U22/tmp_product_carry__8                                                                          | CARRY.others.CARRY4  |
    | mul_32ns_32ns_64_1_1_U22/tmp_product_carry__9                                                                          | CARRY.others.CARRY4  |
    | mul_32ns_32ns_64_1_1_U22/i__carry__3_i_1                                                                               | LUT.others.LUT6      |
    | grp_sobel_accel_Pipeline_ROW_LOOP_COL_LOOP_fu_106/icmp_ln29_fu_382_p2_inferred__0/i__carry__3                          | CARRY.others.CARRY4  |
    | grp_sobel_accel_Pipeline_ROW_LOOP_COL_LOOP_fu_106/icmp_ln29_fu_382_p2_inferred__0/i__carry__4                          | CARRY.others.CARRY4  |
    | grp_sobel_accel_Pipeline_ROW_LOOP_COL_LOOP_fu_106/sobel_accel_stream_stream_axis_0_int_int_int_line_buf_U/ram_reg_i_23 | LUT.others.LUT6      |
    | grp_sobel_accel_Pipeline_ROW_LOOP_COL_LOOP_fu_106/flow_control_loop_pipe_sequential_init_U/x_fu_146[10]_i_1            | LUT.others.LUT3      |
    | grp_sobel_accel_Pipeline_ROW_LOOP_COL_LOOP_fu_106/indvar_flatten_fu_154_reg[0]                                         | FLOP_LATCH.flop.FDRE |
    | mul_ln6_reg_207_reg[16]__0                                                                                             | FLOP_LATCH.flop.FDRE |
    | mul_32ns_32ns_64_1_1_U22/tmp_product_carry                                                                             | CARRY.others.CARRY4  |
    | mul_32ns_32ns_64_1_1_U22/tmp_product_carry__0                                                                          | CARRY.others.CARRY4  |
    | mul_32ns_32ns_64_1_1_U22/tmp_product_carry__1                                                                          | CARRY.others.CARRY4  |
    | mul_32ns_32ns_64_1_1_U22/tmp_product_carry__2                                                                          | CARRY.others.CARRY4  |
    | mul_32ns_32ns_64_1_1_U22/tmp_product_carry__3                                                                          | CARRY.others.CARRY4  |
    | mul_32ns_32ns_64_1_1_U22/tmp_product_carry__4                                                                          | CARRY.others.CARRY4  |
    | mul_32ns_32ns_64_1_1_U22/tmp_product_carry__5                                                                          | CARRY.others.CARRY4  |
    | mul_32ns_32ns_64_1_1_U22/tmp_product_carry__6                                                                          | CARRY.others.CARRY4  |
    | mul_32ns_32ns_64_1_1_U22/tmp_product_carry__7                                                                          | CARRY.others.CARRY4  |
    | mul_32ns_32ns_64_1_1_U22/tmp_product_carry__8                                                                          | CARRY.others.CARRY4  |
    | mul_32ns_32ns_64_1_1_U22/tmp_product_carry__9                                                                          | CARRY.others.CARRY4  |
    | mul_32ns_32ns_64_1_1_U22/i__carry__3_i_1                                                                               | LUT.others.LUT6      |
    | grp_sobel_accel_Pipeline_ROW_LOOP_COL_LOOP_fu_106/icmp_ln29_fu_382_p2_inferred__0/i__carry__3                          | CARRY.others.CARRY4  |
    | grp_sobel_accel_Pipeline_ROW_LOOP_COL_LOOP_fu_106/icmp_ln29_fu_382_p2_inferred__0/i__carry__4                          | CARRY.others.CARRY4  |
    | grp_sobel_accel_Pipeline_ROW_LOOP_COL_LOOP_fu_106/sobel_accel_stream_stream_axis_0_int_int_int_line_buf_U/ram_reg_i_23 | LUT.others.LUT6      |
    | grp_sobel_accel_Pipeline_ROW_LOOP_COL_LOOP_fu_106/flow_control_loop_pipe_sequential_init_U/x_fu_146[10]_i_1            | LUT.others.LUT3      |
    | grp_sobel_accel_Pipeline_ROW_LOOP_COL_LOOP_fu_106/indvar_flatten_fu_154_reg[10]                                        | FLOP_LATCH.flop.FDRE |
    | mul_ln6_reg_207_reg[16]__0                                                                                             | FLOP_LATCH.flop.FDRE |
    | mul_32ns_32ns_64_1_1_U22/tmp_product_carry                                                                             | CARRY.others.CARRY4  |
    | mul_32ns_32ns_64_1_1_U22/tmp_product_carry__0                                                                          | CARRY.others.CARRY4  |
    | mul_32ns_32ns_64_1_1_U22/tmp_product_carry__1                                                                          | CARRY.others.CARRY4  |
    | mul_32ns_32ns_64_1_1_U22/tmp_product_carry__2                                                                          | CARRY.others.CARRY4  |
    | mul_32ns_32ns_64_1_1_U22/tmp_product_carry__3                                                                          | CARRY.others.CARRY4  |
    | mul_32ns_32ns_64_1_1_U22/tmp_product_carry__4                                                                          | CARRY.others.CARRY4  |
    | mul_32ns_32ns_64_1_1_U22/tmp_product_carry__5                                                                          | CARRY.others.CARRY4  |
    | mul_32ns_32ns_64_1_1_U22/tmp_product_carry__6                                                                          | CARRY.others.CARRY4  |
    | mul_32ns_32ns_64_1_1_U22/tmp_product_carry__7                                                                          | CARRY.others.CARRY4  |
    | mul_32ns_32ns_64_1_1_U22/tmp_product_carry__8                                                                          | CARRY.others.CARRY4  |
    | mul_32ns_32ns_64_1_1_U22/tmp_product_carry__9                                                                          | CARRY.others.CARRY4  |
    | mul_32ns_32ns_64_1_1_U22/i__carry__3_i_1                                                                               | LUT.others.LUT6      |
    | grp_sobel_accel_Pipeline_ROW_LOOP_COL_LOOP_fu_106/icmp_ln29_fu_382_p2_inferred__0/i__carry__3                          | CARRY.others.CARRY4  |
    | grp_sobel_accel_Pipeline_ROW_LOOP_COL_LOOP_fu_106/icmp_ln29_fu_382_p2_inferred__0/i__carry__4                          | CARRY.others.CARRY4  |
    | grp_sobel_accel_Pipeline_ROW_LOOP_COL_LOOP_fu_106/sobel_accel_stream_stream_axis_0_int_int_int_line_buf_U/ram_reg_i_23 | LUT.others.LUT6      |
    | grp_sobel_accel_Pipeline_ROW_LOOP_COL_LOOP_fu_106/flow_control_loop_pipe_sequential_init_U/x_fu_146[10]_i_1            | LUT.others.LUT3      |
    | grp_sobel_accel_Pipeline_ROW_LOOP_COL_LOOP_fu_106/indvar_flatten_fu_154_reg[11]                                        | FLOP_LATCH.flop.FDRE |
    +------------------------------------------------------------------------------------------------------------------------+----------------------+


================================================================
== RTL Synthesis Vivado Reports
================================================================
+--------------------------+--------------------------------------------------------------------+
| Report Type              | Report Location                                                    |
+--------------------------+--------------------------------------------------------------------+
| design_analysis          | impl/verilog/report/sobel_accel_design_analysis_synth.rpt          |
| failfast                 | impl/verilog/report/sobel_accel_failfast_synth.rpt                 |
| timing                   | impl/verilog/report/sobel_accel_timing_synth.rpt                   |
| timing_paths             | impl/verilog/report/sobel_accel_timing_paths_synth.rpt             |
| utilization              | impl/verilog/report/sobel_accel_utilization_synth.rpt              |
| utilization_hierarchical | impl/verilog/report/sobel_accel_utilization_hierarchical_synth.rpt |
+--------------------------+--------------------------------------------------------------------+


