Copyright 1986-2022 Xilinx, Inc. All Rights Reserved. Copyright 2022-2024 Advanced Micro Devices, Inc. All Rights Reserved.
---------------------------------------------------------------------------------------------------------------------------------------------
| Tool Version : Vivado v.2024.1 (win64) Build 5076996 Wed May 22 18:37:14 MDT 2024
| Date         : Mon May 11 08:22:41 2026
| Host         : LAPTOP-SR42HQDM running 64-bit major release  (build 9200)
| Command      : report_timing -max_paths 10 -file ./report/sobel_accel_timing_paths_synth.rpt
| Design       : bd_0_wrapper
| Device       : 7z020-clg400
| Speed File   : -1  PRODUCTION 1.12 2019-11-22
| Design State : Synthesized
---------------------------------------------------------------------------------------------------------------------------------------------

Timing Report

Slack (MET) :             1.810ns  (required time - arrival time)
  Source:                 bd_0_i/hls_inst/inst/width_read_reg_194_reg[1]/C
                            (rising edge-triggered cell FDRE clocked by ap_clk  {rise@0.000ns fall@5.000ns period=10.000ns})
  Destination:            bd_0_i/hls_inst/inst/grp_sobel_accel_Pipeline_ROW_LOOP_COL_LOOP_fu_106/icmp_reg_1015_pp0_iter2_reg_reg[0]_srl2/D
                            (rising edge-triggered cell SRL16E clocked by ap_clk  {rise@0.000ns fall@5.000ns period=10.000ns})
  Path Group:             ap_clk
  Path Type:              Setup (Max at Slow Process Corner)
  Requirement:            10.000ns  (ap_clk rise@10.000ns - ap_clk rise@0.000ns)
  Data Path Delay:        8.062ns  (logic 3.674ns (45.572%)  route 4.388ns (54.428%))
  Logic Levels:           15  (CARRY4=10 LUT2=1 LUT3=1 LUT4=2 LUT5=1)
  Clock Path Skew:        -0.049ns (DCD - SCD + CPR)
    Destination Clock Delay (DCD):    0.924ns = ( 10.924 - 10.000 ) 
    Source Clock Delay      (SCD):    0.973ns
    Clock Pessimism Removal (CPR):    0.000ns
  Clock Uncertainty:      0.035ns  ((TSJ^2 + TIJ^2)^1/2 + DJ) / 2 + PE
    Total System Jitter     (TSJ):    0.071ns
    Total Input Jitter      (TIJ):    0.000ns
    Discrete Jitter          (DJ):    0.000ns
    Phase Error              (PE):    0.000ns

    Location             Delay type                Incr(ns)  Path(ns)    Netlist Resource(s)
  -------------------------------------------------------------------    -------------------
                         (clock ap_clk rise edge)     0.000     0.000 r  
                                                      0.000     0.000 r  ap_clk (IN)
                         net (fo=725, unset)          0.973     0.973    bd_0_i/hls_inst/inst/ap_clk
                         FDRE                                         r  bd_0_i/hls_inst/inst/width_read_reg_194_reg[1]/C
  -------------------------------------------------------------------    -------------------
                         FDRE (Prop_fdre_C_Q)         0.518     1.491 r  bd_0_i/hls_inst/inst/width_read_reg_194_reg[1]/Q
                         net (fo=8, unplaced)         0.779     2.270    bd_0_i/hls_inst/inst/grp_sobel_accel_Pipeline_ROW_LOOP_COL_LOOP_fu_106/icmp_ln30_1_fu_618_p2_carry__2_0[1]
                         LUT4 (Prop_lut4_I1_O)        0.319     2.589 r  bd_0_i/hls_inst/inst/grp_sobel_accel_Pipeline_ROW_LOOP_COL_LOOP_fu_106/icmp_ln30_fu_397_p2_carry_i_4/O
                         net (fo=1, unplaced)         0.000     2.589    bd_0_i/hls_inst/inst/grp_sobel_accel_Pipeline_ROW_LOOP_COL_LOOP_fu_106/icmp_ln30_fu_397_p2_carry_i_4_n_0
                         CARRY4 (Prop_carry4_DI[0]_CO[3])
                                                      0.576     3.165 r  bd_0_i/hls_inst/inst/grp_sobel_accel_Pipeline_ROW_LOOP_COL_LOOP_fu_106/icmp_ln30_fu_397_p2_carry/CO[3]
                         net (fo=1, unplaced)         0.009     3.174    bd_0_i/hls_inst/inst/grp_sobel_accel_Pipeline_ROW_LOOP_COL_LOOP_fu_106/icmp_ln30_fu_397_p2_carry_n_0
                         CARRY4 (Prop_carry4_CI_CO[3])
                                                      0.117     3.291 r  bd_0_i/hls_inst/inst/grp_sobel_accel_Pipeline_ROW_LOOP_COL_LOOP_fu_106/icmp_ln30_fu_397_p2_carry__0/CO[3]
                         net (fo=1, unplaced)         0.000     3.291    bd_0_i/hls_inst/inst/grp_sobel_accel_Pipeline_ROW_LOOP_COL_LOOP_fu_106/icmp_ln30_fu_397_p2_carry__0_n_0
                         CARRY4 (Prop_carry4_CI_CO[3])
                                                      0.117     3.408 r  bd_0_i/hls_inst/inst/grp_sobel_accel_Pipeline_ROW_LOOP_COL_LOOP_fu_106/icmp_ln30_fu_397_p2_carry__1/CO[3]
                         net (fo=1, unplaced)         0.000     3.408    bd_0_i/hls_inst/inst/grp_sobel_accel_Pipeline_ROW_LOOP_COL_LOOP_fu_106/icmp_ln30_fu_397_p2_carry__1_n_0
                         CARRY4 (Prop_carry4_CI_CO[3])
                                                      0.117     3.525 r  bd_0_i/hls_inst/inst/grp_sobel_accel_Pipeline_ROW_LOOP_COL_LOOP_fu_106/icmp_ln30_fu_397_p2_carry__2/CO[3]
                         net (fo=34, unplaced)        0.991     4.516    bd_0_i/hls_inst/inst/grp_sobel_accel_Pipeline_ROW_LOOP_COL_LOOP_fu_106/icmp_ln30_fu_397_p2_carry__2_n_0
                         LUT2 (Prop_lut2_I1_O)        0.124     4.640 r  bd_0_i/hls_inst/inst/grp_sobel_accel_Pipeline_ROW_LOOP_COL_LOOP_fu_106/cmp105_fu_460_p2_carry_i_8/O
                         net (fo=1, unplaced)         0.000     4.640    bd_0_i/hls_inst/inst/grp_sobel_accel_Pipeline_ROW_LOOP_COL_LOOP_fu_106/cmp105_fu_460_p2_carry_i_8_n_0
                         CARRY4 (Prop_carry4_S[0]_CO[3])
                                                      0.513     5.153 r  bd_0_i/hls_inst/inst/grp_sobel_accel_Pipeline_ROW_LOOP_COL_LOOP_fu_106/cmp105_fu_460_p2_carry_i_7/CO[3]
                         net (fo=1, unplaced)         0.009     5.162    bd_0_i/hls_inst/inst/grp_sobel_accel_Pipeline_ROW_LOOP_COL_LOOP_fu_106/cmp105_fu_460_p2_carry_i_7_n_0
                         CARRY4 (Prop_carry4_CI_CO[3])
                                                      0.117     5.279 r  bd_0_i/hls_inst/inst/grp_sobel_accel_Pipeline_ROW_LOOP_COL_LOOP_fu_106/cmp105_fu_460_p2_carry_i_6/CO[3]
                         net (fo=1, unplaced)         0.000     5.279    bd_0_i/hls_inst/inst/grp_sobel_accel_Pipeline_ROW_LOOP_COL_LOOP_fu_106/cmp105_fu_460_p2_carry_i_6_n_0
                         CARRY4 (Prop_carry4_CI_CO[3])
                                                      0.117     5.396 r  bd_0_i/hls_inst/inst/grp_sobel_accel_Pipeline_ROW_LOOP_COL_LOOP_fu_106/cmp105_fu_460_p2_carry_i_5/CO[3]
                         net (fo=1, unplaced)         0.000     5.396    bd_0_i/hls_inst/inst/grp_sobel_accel_Pipeline_ROW_LOOP_COL_LOOP_fu_106/cmp105_fu_460_p2_carry_i_5_n_0
                         CARRY4 (Prop_carry4_CI_CO[3])
                                                      0.117     5.513 r  bd_0_i/hls_inst/inst/grp_sobel_accel_Pipeline_ROW_LOOP_COL_LOOP_fu_106/cmp105_fu_460_p2_carry__0_i_7/CO[3]
                         net (fo=1, unplaced)         0.000     5.513    bd_0_i/hls_inst/inst/grp_sobel_accel_Pipeline_ROW_LOOP_COL_LOOP_fu_106/cmp105_fu_460_p2_carry__0_i_7_n_0
                         CARRY4 (Prop_carry4_CI_CO[3])
                                                      0.117     5.630 r  bd_0_i/hls_inst/inst/grp_sobel_accel_Pipeline_ROW_LOOP_COL_LOOP_fu_106/cmp105_fu_460_p2_carry__0_i_6/CO[3]
                         net (fo=1, unplaced)         0.000     5.630    bd_0_i/hls_inst/inst/grp_sobel_accel_Pipeline_ROW_LOOP_COL_LOOP_fu_106/cmp105_fu_460_p2_carry__0_i_6_n_0
                         CARRY4 (Prop_carry4_CI_O[2])
                                                      0.256     5.886 r  bd_0_i/hls_inst/inst/grp_sobel_accel_Pipeline_ROW_LOOP_COL_LOOP_fu_106/cmp105_fu_460_p2_carry__0_i_5/O[2]
                         net (fo=2, unplaced)         0.916     6.802    bd_0_i/hls_inst/inst/grp_sobel_accel_Pipeline_ROW_LOOP_COL_LOOP_fu_106/select_ln29_1_fu_422_p3[22]
                         LUT4 (Prop_lut4_I2_O)        0.301     7.103 r  bd_0_i/hls_inst/inst/grp_sobel_accel_Pipeline_ROW_LOOP_COL_LOOP_fu_106/icmp_reg_1015_pp0_iter2_reg_reg[0]_srl2_i_5/O
                         net (fo=1, unplaced)         0.449     7.552    bd_0_i/hls_inst/inst/grp_sobel_accel_Pipeline_ROW_LOOP_COL_LOOP_fu_106/icmp_reg_1015_pp0_iter2_reg_reg[0]_srl2_i_5_n_0
                         LUT5 (Prop_lut5_I4_O)        0.124     7.676 r  bd_0_i/hls_inst/inst/grp_sobel_accel_Pipeline_ROW_LOOP_COL_LOOP_fu_106/icmp_reg_1015_pp0_iter2_reg_reg[0]_srl2_i_2/O
                         net (fo=1, unplaced)         0.902     8.578    bd_0_i/hls_inst/inst/grp_sobel_accel_Pipeline_ROW_LOOP_COL_LOOP_fu_106/icmp_reg_1015_pp0_iter2_reg_reg[0]_srl2_i_2_n_0
                         LUT3 (Prop_lut3_I0_O)        0.124     8.702 r  bd_0_i/hls_inst/inst/grp_sobel_accel_Pipeline_ROW_LOOP_COL_LOOP_fu_106/icmp_reg_1015_pp0_iter2_reg_reg[0]_srl2_i_1/O
                         net (fo=1, unplaced)         0.333     9.035    bd_0_i/hls_inst/inst/grp_sobel_accel_Pipeline_ROW_LOOP_COL_LOOP_fu_106/icmp_fu_454_p2
                         SRL16E                                       r  bd_0_i/hls_inst/inst/grp_sobel_accel_Pipeline_ROW_LOOP_COL_LOOP_fu_106/icmp_reg_1015_pp0_iter2_reg_reg[0]_srl2/D
  -------------------------------------------------------------------    -------------------

                         (clock ap_clk rise edge)    10.000    10.000 r  
                                                      0.000    10.000 r  ap_clk (IN)
                         net (fo=725, unset)          0.924    10.924    bd_0_i/hls_inst/inst/grp_sobel_accel_Pipeline_ROW_LOOP_COL_LOOP_fu_106/ap_clk
                         SRL16E                                       r  bd_0_i/hls_inst/inst/grp_sobel_accel_Pipeline_ROW_LOOP_COL_LOOP_fu_106/icmp_reg_1015_pp0_iter2_reg_reg[0]_srl2/CLK
                         clock pessimism              0.000    10.924    
                         clock uncertainty           -0.035    10.889    
                         SRL16E (Setup_srl16e_CLK_D)
                                                     -0.044    10.845    bd_0_i/hls_inst/inst/grp_sobel_accel_Pipeline_ROW_LOOP_COL_LOOP_fu_106/icmp_reg_1015_pp0_iter2_reg_reg[0]_srl2
  -------------------------------------------------------------------
                         required time                         10.845    
                         arrival time                          -9.035    
  -------------------------------------------------------------------
                         slack                                  1.810    

Slack (MET) :             2.019ns  (required time - arrival time)
  Source:                 bd_0_i/hls_inst/inst/width_read_reg_194_reg[1]/C
                            (rising edge-triggered cell FDRE clocked by ap_clk  {rise@0.000ns fall@5.000ns period=10.000ns})
  Destination:            bd_0_i/hls_inst/inst/grp_sobel_accel_Pipeline_ROW_LOOP_COL_LOOP_fu_106/out_pixel_last_reg_1062_pp0_iter2_reg_reg[0]_srl2/D
                            (rising edge-triggered cell SRL16E clocked by ap_clk  {rise@0.000ns fall@5.000ns period=10.000ns})
  Path Group:             ap_clk
  Path Type:              Setup (Max at Slow Process Corner)
  Requirement:            10.000ns  (ap_clk rise@10.000ns - ap_clk rise@0.000ns)
  Data Path Delay:        7.853ns  (logic 4.364ns (55.571%)  route 3.489ns (44.429%))
  Logic Levels:           16  (CARRY4=12 LUT2=2 LUT4=1 LUT6=1)
  Clock Path Skew:        -0.049ns (DCD - SCD + CPR)
    Destination Clock Delay (DCD):    0.924ns = ( 10.924 - 10.000 ) 
    Source Clock Delay      (SCD):    0.973ns
    Clock Pessimism Removal (CPR):    0.000ns
  Clock Uncertainty:      0.035ns  ((TSJ^2 + TIJ^2)^1/2 + DJ) / 2 + PE
    Total System Jitter     (TSJ):    0.071ns
    Total Input Jitter      (TIJ):    0.000ns
    Discrete Jitter          (DJ):    0.000ns
    Phase Error              (PE):    0.000ns

    Location             Delay type                Incr(ns)  Path(ns)    Netlist Resource(s)
  -------------------------------------------------------------------    -------------------
                         (clock ap_clk rise edge)     0.000     0.000 r  
                                                      0.000     0.000 r  ap_clk (IN)
                         net (fo=725, unset)          0.973     0.973    bd_0_i/hls_inst/inst/ap_clk
                         FDRE                                         r  bd_0_i/hls_inst/inst/width_read_reg_194_reg[1]/C
  -------------------------------------------------------------------    -------------------
                         FDRE (Prop_fdre_C_Q)         0.518     1.491 r  bd_0_i/hls_inst/inst/width_read_reg_194_reg[1]/Q
                         net (fo=8, unplaced)         0.779     2.270    bd_0_i/hls_inst/inst/grp_sobel_accel_Pipeline_ROW_LOOP_COL_LOOP_fu_106/icmp_ln30_1_fu_618_p2_carry__2_0[1]
                         LUT4 (Prop_lut4_I1_O)        0.319     2.589 r  bd_0_i/hls_inst/inst/grp_sobel_accel_Pipeline_ROW_LOOP_COL_LOOP_fu_106/icmp_ln30_fu_397_p2_carry_i_4/O
                         net (fo=1, unplaced)         0.000     2.589    bd_0_i/hls_inst/inst/grp_sobel_accel_Pipeline_ROW_LOOP_COL_LOOP_fu_106/icmp_ln30_fu_397_p2_carry_i_4_n_0
                         CARRY4 (Prop_carry4_DI[0]_CO[3])
                                                      0.576     3.165 r  bd_0_i/hls_inst/inst/grp_sobel_accel_Pipeline_ROW_LOOP_COL_LOOP_fu_106/icmp_ln30_fu_397_p2_carry/CO[3]
                         net (fo=1, unplaced)         0.009     3.174    bd_0_i/hls_inst/inst/grp_sobel_accel_Pipeline_ROW_LOOP_COL_LOOP_fu_106/icmp_ln30_fu_397_p2_carry_n_0
                         CARRY4 (Prop_carry4_CI_CO[3])
                                                      0.117     3.291 r  bd_0_i/hls_inst/inst/grp_sobel_accel_Pipeline_ROW_LOOP_COL_LOOP_fu_106/icmp_ln30_fu_397_p2_carry__0/CO[3]
                         net (fo=1, unplaced)         0.000     3.291    bd_0_i/hls_inst/inst/grp_sobel_accel_Pipeline_ROW_LOOP_COL_LOOP_fu_106/icmp_ln30_fu_397_p2_carry__0_n_0
                         CARRY4 (Prop_carry4_CI_CO[3])
                                                      0.117     3.408 r  bd_0_i/hls_inst/inst/grp_sobel_accel_Pipeline_ROW_LOOP_COL_LOOP_fu_106/icmp_ln30_fu_397_p2_carry__1/CO[3]
                         net (fo=1, unplaced)         0.000     3.408    bd_0_i/hls_inst/inst/grp_sobel_accel_Pipeline_ROW_LOOP_COL_LOOP_fu_106/icmp_ln30_fu_397_p2_carry__1_n_0
                         CARRY4 (Prop_carry4_CI_CO[3])
                                                      0.117     3.525 r  bd_0_i/hls_inst/inst/grp_sobel_accel_Pipeline_ROW_LOOP_COL_LOOP_fu_106/icmp_ln30_fu_397_p2_carry__2/CO[3]
                         net (fo=34, unplaced)        0.991     4.516    bd_0_i/hls_inst/inst/grp_sobel_accel_Pipeline_ROW_LOOP_COL_LOOP_fu_106/icmp_ln30_fu_397_p2_carry__2_n_0
                         LUT2 (Prop_lut2_I1_O)        0.124     4.640 r  bd_0_i/hls_inst/inst/grp_sobel_accel_Pipeline_ROW_LOOP_COL_LOOP_fu_106/cmp105_fu_460_p2_carry_i_8/O
                         net (fo=1, unplaced)         0.000     4.640    bd_0_i/hls_inst/inst/grp_sobel_accel_Pipeline_ROW_LOOP_COL_LOOP_fu_106/cmp105_fu_460_p2_carry_i_8_n_0
                         CARRY4 (Prop_carry4_S[0]_CO[3])
                                                      0.513     5.153 r  bd_0_i/hls_inst/inst/grp_sobel_accel_Pipeline_ROW_LOOP_COL_LOOP_fu_106/cmp105_fu_460_p2_carry_i_7/CO[3]
                         net (fo=1, unplaced)         0.009     5.162    bd_0_i/hls_inst/inst/grp_sobel_accel_Pipeline_ROW_LOOP_COL_LOOP_fu_106/cmp105_fu_460_p2_carry_i_7_n_0
                         CARRY4 (Prop_carry4_CI_CO[3])
                                                      0.117     5.279 r  bd_0_i/hls_inst/inst/grp_sobel_accel_Pipeline_ROW_LOOP_COL_LOOP_fu_106/cmp105_fu_460_p2_carry_i_6/CO[3]
                         net (fo=1, unplaced)         0.000     5.279    bd_0_i/hls_inst/inst/grp_sobel_accel_Pipeline_ROW_LOOP_COL_LOOP_fu_106/cmp105_fu_460_p2_carry_i_6_n_0
                         CARRY4 (Prop_carry4_CI_CO[3])
                                                      0.117     5.396 r  bd_0_i/hls_inst/inst/grp_sobel_accel_Pipeline_ROW_LOOP_COL_LOOP_fu_106/cmp105_fu_460_p2_carry_i_5/CO[3]
                         net (fo=1, unplaced)         0.000     5.396    bd_0_i/hls_inst/inst/grp_sobel_accel_Pipeline_ROW_LOOP_COL_LOOP_fu_106/cmp105_fu_460_p2_carry_i_5_n_0
                         CARRY4 (Prop_carry4_CI_CO[3])
                                                      0.117     5.513 r  bd_0_i/hls_inst/inst/grp_sobel_accel_Pipeline_ROW_LOOP_COL_LOOP_fu_106/cmp105_fu_460_p2_carry__0_i_7/CO[3]
                         net (fo=1, unplaced)         0.000     5.513    bd_0_i/hls_inst/inst/grp_sobel_accel_Pipeline_ROW_LOOP_COL_LOOP_fu_106/cmp105_fu_460_p2_carry__0_i_7_n_0
                         CARRY4 (Prop_carry4_CI_CO[3])
                                                      0.117     5.630 r  bd_0_i/hls_inst/inst/grp_sobel_accel_Pipeline_ROW_LOOP_COL_LOOP_fu_106/cmp105_fu_460_p2_carry__0_i_6/CO[3]
                         net (fo=1, unplaced)         0.000     5.630    bd_0_i/hls_inst/inst/grp_sobel_accel_Pipeline_ROW_LOOP_COL_LOOP_fu_106/cmp105_fu_460_p2_carry__0_i_6_n_0
                         CARRY4 (Prop_carry4_CI_O[2])
                                                      0.256     5.886 r  bd_0_i/hls_inst/inst/grp_sobel_accel_Pipeline_ROW_LOOP_COL_LOOP_fu_106/cmp105_fu_460_p2_carry__0_i_5/O[2]
                         net (fo=2, unplaced)         0.916     6.802    bd_0_i/hls_inst/inst/grp_sobel_accel_Pipeline_ROW_LOOP_COL_LOOP_fu_106/select_ln29_1_fu_422_p3[22]
                         LUT6 (Prop_lut6_I1_O)        0.301     7.103 r  bd_0_i/hls_inst/inst/grp_sobel_accel_Pipeline_ROW_LOOP_COL_LOOP_fu_106/cmp105_fu_460_p2_carry__0_i_1/O
                         net (fo=1, unplaced)         0.000     7.103    bd_0_i/hls_inst/inst/grp_sobel_accel_Pipeline_ROW_LOOP_COL_LOOP_fu_106/cmp105_fu_460_p2_carry__0_i_1_n_0
                         CARRY4 (Prop_carry4_S[3]_CO[3])
                                                      0.376     7.479 r  bd_0_i/hls_inst/inst/grp_sobel_accel_Pipeline_ROW_LOOP_COL_LOOP_fu_106/cmp105_fu_460_p2_carry__0/CO[3]
                         net (fo=1, unplaced)         0.000     7.479    bd_0_i/hls_inst/inst/grp_sobel_accel_Pipeline_ROW_LOOP_COL_LOOP_fu_106/cmp105_fu_460_p2_carry__0_n_0
                         CARRY4 (Prop_carry4_CI_CO[2])
                                                      0.252     7.731 r  bd_0_i/hls_inst/inst/grp_sobel_accel_Pipeline_ROW_LOOP_COL_LOOP_fu_106/cmp105_fu_460_p2_carry__1/CO[2]
                         net (fo=1, unplaced)         0.452     8.183    bd_0_i/hls_inst/inst/grp_sobel_accel_Pipeline_ROW_LOOP_COL_LOOP_fu_106/cmp105_fu_460_p2
                         LUT2 (Prop_lut2_I0_O)        0.310     8.493 r  bd_0_i/hls_inst/inst/grp_sobel_accel_Pipeline_ROW_LOOP_COL_LOOP_fu_106/out_pixel_last_reg_1062_pp0_iter2_reg_reg[0]_srl2_i_1/O
                         net (fo=1, unplaced)         0.333     8.826    bd_0_i/hls_inst/inst/grp_sobel_accel_Pipeline_ROW_LOOP_COL_LOOP_fu_106/out_pixel_last_fu_528_p2
                         SRL16E                                       r  bd_0_i/hls_inst/inst/grp_sobel_accel_Pipeline_ROW_LOOP_COL_LOOP_fu_106/out_pixel_last_reg_1062_pp0_iter2_reg_reg[0]_srl2/D
  -------------------------------------------------------------------    -------------------

                         (clock ap_clk rise edge)    10.000    10.000 r  
                                                      0.000    10.000 r  ap_clk (IN)
                         net (fo=725, unset)          0.924    10.924    bd_0_i/hls_inst/inst/grp_sobel_accel_Pipeline_ROW_LOOP_COL_LOOP_fu_106/ap_clk
                         SRL16E                                       r  bd_0_i/hls_inst/inst/grp_sobel_accel_Pipeline_ROW_LOOP_COL_LOOP_fu_106/out_pixel_last_reg_1062_pp0_iter2_reg_reg[0]_srl2/CLK
                         clock pessimism              0.000    10.924    
                         clock uncertainty           -0.035    10.889    
                         SRL16E (Setup_srl16e_CLK_D)
                                                     -0.044    10.845    bd_0_i/hls_inst/inst/grp_sobel_accel_Pipeline_ROW_LOOP_COL_LOOP_fu_106/out_pixel_last_reg_1062_pp0_iter2_reg_reg[0]_srl2
  -------------------------------------------------------------------
                         required time                         10.845    
                         arrival time                          -8.826    
  -------------------------------------------------------------------
                         slack                                  2.019    

Slack (MET) :             2.133ns  (required time - arrival time)
  Source:                 bd_0_i/hls_inst/inst/mul_ln6_reg_207_reg[16]__0/C
                            (rising edge-triggered cell FDRE clocked by ap_clk  {rise@0.000ns fall@5.000ns period=10.000ns})
  Destination:            bd_0_i/hls_inst/inst/grp_sobel_accel_Pipeline_ROW_LOOP_COL_LOOP_fu_106/indvar_flatten_fu_154_reg[0]/R
                            (rising edge-triggered cell FDRE clocked by ap_clk  {rise@0.000ns fall@5.000ns period=10.000ns})
  Path Group:             ap_clk
  Path Type:              Setup (Max at Slow Process Corner)
  Requirement:            10.000ns  (ap_clk rise@10.000ns - ap_clk rise@0.000ns)
  Data Path Delay:        7.259ns  (logic 3.939ns (54.264%)  route 3.320ns (45.736%))
  Logic Levels:           16  (CARRY4=13 LUT3=1 LUT6=2)
  Clock Path Skew:        -0.049ns (DCD - SCD + CPR)
    Destination Clock Delay (DCD):    0.924ns = ( 10.924 - 10.000 ) 
    Source Clock Delay      (SCD):    0.973ns
    Clock Pessimism Removal (CPR):    0.000ns
  Clock Uncertainty:      0.035ns  ((TSJ^2 + TIJ^2)^1/2 + DJ) / 2 + PE
    Total System Jitter     (TSJ):    0.071ns
    Total Input Jitter      (TIJ):    0.000ns
    Discrete Jitter          (DJ):    0.000ns
    Phase Error              (PE):    0.000ns

    Location             Delay type                Incr(ns)  Path(ns)    Netlist Resource(s)
  -------------------------------------------------------------------    -------------------
                         (clock ap_clk rise edge)     0.000     0.000 r  
                                                      0.000     0.000 r  ap_clk (IN)
                         net (fo=725, unset)          0.973     0.973    bd_0_i/hls_inst/inst/ap_clk
                         FDRE                                         r  bd_0_i/hls_inst/inst/mul_ln6_reg_207_reg[16]__0/C
  -------------------------------------------------------------------    -------------------
                         FDRE (Prop_fdre_C_Q)         0.518     1.491 r  bd_0_i/hls_inst/inst/mul_ln6_reg_207_reg[16]__0/Q
                         net (fo=1, unplaced)         0.666     2.157    bd_0_i/hls_inst/inst/mul_32ns_32ns_64_1_1_U22/i__carry__0_i_3[0]
                         CARRY4 (Prop_carry4_S[0]_CO[3])
                                                      0.808     2.965 r  bd_0_i/hls_inst/inst/mul_32ns_32ns_64_1_1_U22/tmp_product_carry/CO[3]
                         net (fo=1, unplaced)         0.009     2.974    bd_0_i/hls_inst/inst/mul_32ns_32ns_64_1_1_U22/tmp_product_carry_n_0
                         CARRY4 (Prop_carry4_CI_CO[3])
                                                      0.117     3.091 r  bd_0_i/hls_inst/inst/mul_32ns_32ns_64_1_1_U22/tmp_product_carry__0/CO[3]
                         net (fo=1, unplaced)         0.000     3.091    bd_0_i/hls_inst/inst/mul_32ns_32ns_64_1_1_U22/tmp_product_carry__0_n_0
                         CARRY4 (Prop_carry4_CI_CO[3])
                                                      0.117     3.208 r  bd_0_i/hls_inst/inst/mul_32ns_32ns_64_1_1_U22/tmp_product_carry__1/CO[3]
                         net (fo=1, unplaced)         0.000     3.208    bd_0_i/hls_inst/inst/mul_32ns_32ns_64_1_1_U22/tmp_product_carry__1_n_0
                         CARRY4 (Prop_carry4_CI_CO[3])
                                                      0.117     3.325 r  bd_0_i/hls_inst/inst/mul_32ns_32ns_64_1_1_U22/tmp_product_carry__2/CO[3]
                         net (fo=1, unplaced)         0.000     3.325    bd_0_i/hls_inst/inst/mul_32ns_32ns_64_1_1_U22/tmp_product_carry__2_n_0
                         CARRY4 (Prop_carry4_CI_CO[3])
                                                      0.117     3.442 r  bd_0_i/hls_inst/inst/mul_32ns_32ns_64_1_1_U22/tmp_product_carry__3/CO[3]
                         net (fo=1, unplaced)         0.000     3.442    bd_0_i/hls_inst/inst/mul_32ns_32ns_64_1_1_U22/tmp_product_carry__3_n_0
                         CARRY4 (Prop_carry4_CI_CO[3])
                                                      0.117     3.559 r  bd_0_i/hls_inst/inst/mul_32ns_32ns_64_1_1_U22/tmp_product_carry__4/CO[3]
                         net (fo=1, unplaced)         0.000     3.559    bd_0_i/hls_inst/inst/mul_32ns_32ns_64_1_1_U22/tmp_product_carry__4_n_0
                         CARRY4 (Prop_carry4_CI_CO[3])
                                                      0.117     3.676 r  bd_0_i/hls_inst/inst/mul_32ns_32ns_64_1_1_U22/tmp_product_carry__5/CO[3]
                         net (fo=1, unplaced)         0.000     3.676    bd_0_i/hls_inst/inst/mul_32ns_32ns_64_1_1_U22/tmp_product_carry__5_n_0
                         CARRY4 (Prop_carry4_CI_CO[3])
                                                      0.117     3.793 r  bd_0_i/hls_inst/inst/mul_32ns_32ns_64_1_1_U22/tmp_product_carry__6/CO[3]
                         net (fo=1, unplaced)         0.000     3.793    bd_0_i/hls_inst/inst/mul_32ns_32ns_64_1_1_U22/tmp_product_carry__6_n_0
                         CARRY4 (Prop_carry4_CI_CO[3])
                                                      0.117     3.910 r  bd_0_i/hls_inst/inst/mul_32ns_32ns_64_1_1_U22/tmp_product_carry__7/CO[3]
                         net (fo=1, unplaced)         0.000     3.910    bd_0_i/hls_inst/inst/mul_32ns_32ns_64_1_1_U22/tmp_product_carry__7_n_0
                         CARRY4 (Prop_carry4_CI_CO[3])
                                                      0.117     4.027 r  bd_0_i/hls_inst/inst/mul_32ns_32ns_64_1_1_U22/tmp_product_carry__8/CO[3]
                         net (fo=1, unplaced)         0.000     4.027    bd_0_i/hls_inst/inst/mul_32ns_32ns_64_1_1_U22/tmp_product_carry__8_n_0
                         CARRY4 (Prop_carry4_CI_O[2])
                                                      0.256     4.283 r  bd_0_i/hls_inst/inst/mul_32ns_32ns_64_1_1_U22/tmp_product_carry__9/O[2]
                         net (fo=1, unplaced)         0.905     5.188    bd_0_i/hls_inst/inst/mul_32ns_32ns_64_1_1_U22/mul_ln6_reg_207[58]
                         LUT6 (Prop_lut6_I0_O)        0.301     5.489 r  bd_0_i/hls_inst/inst/mul_32ns_32ns_64_1_1_U22/i__carry__3_i_1/O
                         net (fo=1, unplaced)         0.000     5.489    bd_0_i/hls_inst/inst/grp_sobel_accel_Pipeline_ROW_LOOP_COL_LOOP_fu_106/icmp_ln29_reg_1007_reg[0]_0[3]
                         CARRY4 (Prop_carry4_S[3]_CO[3])
                                                      0.376     5.865 r  bd_0_i/hls_inst/inst/grp_sobel_accel_Pipeline_ROW_LOOP_COL_LOOP_fu_106/icmp_ln29_fu_382_p2_inferred__0/i__carry__3/CO[3]
                         net (fo=1, unplaced)         0.000     5.865    bd_0_i/hls_inst/inst/grp_sobel_accel_Pipeline_ROW_LOOP_COL_LOOP_fu_106/icmp_ln29_fu_382_p2_inferred__0/i__carry__3_n_0
                         CARRY4 (Prop_carry4_CI_CO[1])
                                                      0.179     6.044 r  bd_0_i/hls_inst/inst/grp_sobel_accel_Pipeline_ROW_LOOP_COL_LOOP_fu_106/icmp_ln29_fu_382_p2_inferred__0/i__carry__4/CO[1]
                         net (fo=11, unplaced)        0.358     6.402    bd_0_i/hls_inst/inst/grp_sobel_accel_Pipeline_ROW_LOOP_COL_LOOP_fu_106/sobel_accel_stream_stream_axis_0_int_int_int_line_buf_U/CO[0]
                         LUT6 (Prop_lut6_I3_O)        0.332     6.734 f  bd_0_i/hls_inst/inst/grp_sobel_accel_Pipeline_ROW_LOOP_COL_LOOP_fu_106/sobel_accel_stream_stream_axis_0_int_int_int_line_buf_U/ram_reg_i_23/O
                         net (fo=13, unplaced)        0.499     7.233    bd_0_i/hls_inst/inst/grp_sobel_accel_Pipeline_ROW_LOOP_COL_LOOP_fu_106/flow_control_loop_pipe_sequential_init_U/ap_done_cache_reg_0
                         LUT3 (Prop_lut3_I1_O)        0.116     7.349 r  bd_0_i/hls_inst/inst/grp_sobel_accel_Pipeline_ROW_LOOP_COL_LOOP_fu_106/flow_control_loop_pipe_sequential_init_U/x_fu_146[10]_i_1/O
                         net (fo=133, unplaced)       0.883     8.232    bd_0_i/hls_inst/inst/grp_sobel_accel_Pipeline_ROW_LOOP_COL_LOOP_fu_106/reuse_reg37_fu_1342_out
                         FDRE                                         r  bd_0_i/hls_inst/inst/grp_sobel_accel_Pipeline_ROW_LOOP_COL_LOOP_fu_106/indvar_flatten_fu_154_reg[0]/R
  -------------------------------------------------------------------    -------------------

                         (clock ap_clk rise edge)    10.000    10.000 r  
                                                      0.000    10.000 r  ap_clk (IN)
                         net (fo=725, unset)          0.924    10.924    bd_0_i/hls_inst/inst/grp_sobel_accel_Pipeline_ROW_LOOP_COL_LOOP_fu_106/ap_clk
                         FDRE                                         r  bd_0_i/hls_inst/inst/grp_sobel_accel_Pipeline_ROW_LOOP_COL_LOOP_fu_106/indvar_flatten_fu_154_reg[0]/C
                         clock pessimism              0.000    10.924    
                         clock uncertainty           -0.035    10.889    
                         FDRE (Setup_fdre_C_R)       -0.524    10.365    bd_0_i/hls_inst/inst/grp_sobel_accel_Pipeline_ROW_LOOP_COL_LOOP_fu_106/indvar_flatten_fu_154_reg[0]
  -------------------------------------------------------------------
                         required time                         10.365    
                         arrival time                          -8.232    
  -------------------------------------------------------------------
                         slack                                  2.133    

Slack (MET) :             2.133ns  (required time - arrival time)
  Source:                 bd_0_i/hls_inst/inst/mul_ln6_reg_207_reg[16]__0/C
                            (rising edge-triggered cell FDRE clocked by ap_clk  {rise@0.000ns fall@5.000ns period=10.000ns})
  Destination:            bd_0_i/hls_inst/inst/grp_sobel_accel_Pipeline_ROW_LOOP_COL_LOOP_fu_106/indvar_flatten_fu_154_reg[10]/R
                            (rising edge-triggered cell FDRE clocked by ap_clk  {rise@0.000ns fall@5.000ns period=10.000ns})
  Path Group:             ap_clk
  Path Type:              Setup (Max at Slow Process Corner)
  Requirement:            10.000ns  (ap_clk rise@10.000ns - ap_clk rise@0.000ns)
  Data Path Delay:        7.259ns  (logic 3.939ns (54.264%)  route 3.320ns (45.736%))
  Logic Levels:           16  (CARRY4=13 LUT3=1 LUT6=2)
  Clock Path Skew:        -0.049ns (DCD - SCD + CPR)
    Destination Clock Delay (DCD):    0.924ns = ( 10.924 - 10.000 ) 
    Source Clock Delay      (SCD):    0.973ns
    Clock Pessimism Removal (CPR):    0.000ns
  Clock Uncertainty:      0.035ns  ((TSJ^2 + TIJ^2)^1/2 + DJ) / 2 + PE
    Total System Jitter     (TSJ):    0.071ns
    Total Input Jitter      (TIJ):    0.000ns
    Discrete Jitter          (DJ):    0.000ns
    Phase Error              (PE):    0.000ns

    Location             Delay type                Incr(ns)  Path(ns)    Netlist Resource(s)
  -------------------------------------------------------------------    -------------------
                         (clock ap_clk rise edge)     0.000     0.000 r  
                                                      0.000     0.000 r  ap_clk (IN)
                         net (fo=725, unset)          0.973     0.973    bd_0_i/hls_inst/inst/ap_clk
                         FDRE                                         r  bd_0_i/hls_inst/inst/mul_ln6_reg_207_reg[16]__0/C
  -------------------------------------------------------------------    -------------------
                         FDRE (Prop_fdre_C_Q)         0.518     1.491 r  bd_0_i/hls_inst/inst/mul_ln6_reg_207_reg[16]__0/Q
                         net (fo=1, unplaced)         0.666     2.157    bd_0_i/hls_inst/inst/mul_32ns_32ns_64_1_1_U22/i__carry__0_i_3[0]
                         CARRY4 (Prop_carry4_S[0]_CO[3])
                                                      0.808     2.965 r  bd_0_i/hls_inst/inst/mul_32ns_32ns_64_1_1_U22/tmp_product_carry/CO[3]
                         net (fo=1, unplaced)         0.009     2.974    bd_0_i/hls_inst/inst/mul_32ns_32ns_64_1_1_U22/tmp_product_carry_n_0
                         CARRY4 (Prop_carry4_CI_CO[3])
                                                      0.117     3.091 r  bd_0_i/hls_inst/inst/mul_32ns_32ns_64_1_1_U22/tmp_product_carry__0/CO[3]
                         net (fo=1, unplaced)         0.000     3.091    bd_0_i/hls_inst/inst/mul_32ns_32ns_64_1_1_U22/tmp_product_carry__0_n_0
                         CARRY4 (Prop_carry4_CI_CO[3])
                                                      0.117     3.208 r  bd_0_i/hls_inst/inst/mul_32ns_32ns_64_1_1_U22/tmp_product_carry__1/CO[3]
                         net (fo=1, unplaced)         0.000     3.208    bd_0_i/hls_inst/inst/mul_32ns_32ns_64_1_1_U22/tmp_product_carry__1_n_0
                         CARRY4 (Prop_carry4_CI_CO[3])
                                                      0.117     3.325 r  bd_0_i/hls_inst/inst/mul_32ns_32ns_64_1_1_U22/tmp_product_carry__2/CO[3]
                         net (fo=1, unplaced)         0.000     3.325    bd_0_i/hls_inst/inst/mul_32ns_32ns_64_1_1_U22/tmp_product_carry__2_n_0
                         CARRY4 (Prop_carry4_CI_CO[3])
                                                      0.117     3.442 r  bd_0_i/hls_inst/inst/mul_32ns_32ns_64_1_1_U22/tmp_product_carry__3/CO[3]
                         net (fo=1, unplaced)         0.000     3.442    bd_0_i/hls_inst/inst/mul_32ns_32ns_64_1_1_U22/tmp_product_carry__3_n_0
                         CARRY4 (Prop_carry4_CI_CO[3])
                                                      0.117     3.559 r  bd_0_i/hls_inst/inst/mul_32ns_32ns_64_1_1_U22/tmp_product_carry__4/CO[3]
                         net (fo=1, unplaced)         0.000     3.559    bd_0_i/hls_inst/inst/mul_32ns_32ns_64_1_1_U22/tmp_product_carry__4_n_0
                         CARRY4 (Prop_carry4_CI_CO[3])
                                                      0.117     3.676 r  bd_0_i/hls_inst/inst/mul_32ns_32ns_64_1_1_U22/tmp_product_carry__5/CO[3]
                         net (fo=1, unplaced)         0.000     3.676    bd_0_i/hls_inst/inst/mul_32ns_32ns_64_1_1_U22/tmp_product_carry__5_n_0
                         CARRY4 (Prop_carry4_CI_CO[3])
                                                      0.117     3.793 r  bd_0_i/hls_inst/inst/mul_32ns_32ns_64_1_1_U22/tmp_product_carry__6/CO[3]
                         net (fo=1, unplaced)         0.000     3.793    bd_0_i/hls_inst/inst/mul_32ns_32ns_64_1_1_U22/tmp_product_carry__6_n_0
                         CARRY4 (Prop_carry4_CI_CO[3])
                                                      0.117     3.910 r  bd_0_i/hls_inst/inst/mul_32ns_32ns_64_1_1_U22/tmp_product_carry__7/CO[3]
                         net (fo=1, unplaced)         0.000     3.910    bd_0_i/hls_inst/inst/mul_32ns_32ns_64_1_1_U22/tmp_product_carry__7_n_0
                         CARRY4 (Prop_carry4_CI_CO[3])
                                                      0.117     4.027 r  bd_0_i/hls_inst/inst/mul_32ns_32ns_64_1_1_U22/tmp_product_carry__8/CO[3]
                         net (fo=1, unplaced)         0.000     4.027    bd_0_i/hls_inst/inst/mul_32ns_32ns_64_1_1_U22/tmp_product_carry__8_n_0
                         CARRY4 (Prop_carry4_CI_O[2])
                                                      0.256     4.283 r  bd_0_i/hls_inst/inst/mul_32ns_32ns_64_1_1_U22/tmp_product_carry__9/O[2]
                         net (fo=1, unplaced)         0.905     5.188    bd_0_i/hls_inst/inst/mul_32ns_32ns_64_1_1_U22/mul_ln6_reg_207[58]
                         LUT6 (Prop_lut6_I0_O)        0.301     5.489 r  bd_0_i/hls_inst/inst/mul_32ns_32ns_64_1_1_U22/i__carry__3_i_1/O
                         net (fo=1, unplaced)         0.000     5.489    bd_0_i/hls_inst/inst/grp_sobel_accel_Pipeline_ROW_LOOP_COL_LOOP_fu_106/icmp_ln29_reg_1007_reg[0]_0[3]
                         CARRY4 (Prop_carry4_S[3]_CO[3])
                                                      0.376     5.865 r  bd_0_i/hls_inst/inst/grp_sobel_accel_Pipeline_ROW_LOOP_COL_LOOP_fu_106/icmp_ln29_fu_382_p2_inferred__0/i__carry__3/CO[3]
                         net (fo=1, unplaced)         0.000     5.865    bd_0_i/hls_inst/inst/grp_sobel_accel_Pipeline_ROW_LOOP_COL_LOOP_fu_106/icmp_ln29_fu_382_p2_inferred__0/i__carry__3_n_0
                         CARRY4 (Prop_carry4_CI_CO[1])
                                                      0.179     6.044 r  bd_0_i/hls_inst/inst/grp_sobel_accel_Pipeline_ROW_LOOP_COL_LOOP_fu_106/icmp_ln29_fu_382_p2_inferred__0/i__carry__4/CO[1]
                         net (fo=11, unplaced)        0.358     6.402    bd_0_i/hls_inst/inst/grp_sobel_accel_Pipeline_ROW_LOOP_COL_LOOP_fu_106/sobel_accel_stream_stream_axis_0_int_int_int_line_buf_U/CO[0]
                         LUT6 (Prop_lut6_I3_O)        0.332     6.734 f  bd_0_i/hls_inst/inst/grp_sobel_accel_Pipeline_ROW_LOOP_COL_LOOP_fu_106/sobel_accel_stream_stream_axis_0_int_int_int_line_buf_U/ram_reg_i_23/O
                         net (fo=13, unplaced)        0.499     7.233    bd_0_i/hls_inst/inst/grp_sobel_accel_Pipeline_ROW_LOOP_COL_LOOP_fu_106/flow_control_loop_pipe_sequential_init_U/ap_done_cache_reg_0
                         LUT3 (Prop_lut3_I1_O)        0.116     7.349 r  bd_0_i/hls_inst/inst/grp_sobel_accel_Pipeline_ROW_LOOP_COL_LOOP_fu_106/flow_control_loop_pipe_sequential_init_U/x_fu_146[10]_i_1/O
                         net (fo=133, unplaced)       0.883     8.232    bd_0_i/hls_inst/inst/grp_sobel_accel_Pipeline_ROW_LOOP_COL_LOOP_fu_106/reuse_reg37_fu_1342_out
                         FDRE                                         r  bd_0_i/hls_inst/inst/grp_sobel_accel_Pipeline_ROW_LOOP_COL_LOOP_fu_106/indvar_flatten_fu_154_reg[10]/R
  -------------------------------------------------------------------    -------------------

                         (clock ap_clk rise edge)    10.000    10.000 r  
                                                      0.000    10.000 r  ap_clk (IN)
                         net (fo=725, unset)          0.924    10.924    bd_0_i/hls_inst/inst/grp_sobel_accel_Pipeline_ROW_LOOP_COL_LOOP_fu_106/ap_clk
                         FDRE                                         r  bd_0_i/hls_inst/inst/grp_sobel_accel_Pipeline_ROW_LOOP_COL_LOOP_fu_106/indvar_flatten_fu_154_reg[10]/C
                         clock pessimism              0.000    10.924    
                         clock uncertainty           -0.035    10.889    
                         FDRE (Setup_fdre_C_R)       -0.524    10.365    bd_0_i/hls_inst/inst/grp_sobel_accel_Pipeline_ROW_LOOP_COL_LOOP_fu_106/indvar_flatten_fu_154_reg[10]
  -------------------------------------------------------------------
                         required time                         10.365    
                         arrival time                          -8.232    
  -------------------------------------------------------------------
                         slack                                  2.133    

Slack (MET) :             2.133ns  (required time - arrival time)
  Source:                 bd_0_i/hls_inst/inst/mul_ln6_reg_207_reg[16]__0/C
                            (rising edge-triggered cell FDRE clocked by ap_clk  {rise@0.000ns fall@5.000ns period=10.000ns})
  Destination:            bd_0_i/hls_inst/inst/grp_sobel_accel_Pipeline_ROW_LOOP_COL_LOOP_fu_106/indvar_flatten_fu_154_reg[11]/R
                            (rising edge-triggered cell FDRE clocked by ap_clk  {rise@0.000ns fall@5.000ns period=10.000ns})
  Path Group:             ap_clk
  Path Type:              Setup (Max at Slow Process Corner)
  Requirement:            10.000ns  (ap_clk rise@10.000ns - ap_clk rise@0.000ns)
  Data Path Delay:        7.259ns  (logic 3.939ns (54.264%)  route 3.320ns (45.736%))
  Logic Levels:           16  (CARRY4=13 LUT3=1 LUT6=2)
  Clock Path Skew:        -0.049ns (DCD - SCD + CPR)
    Destination Clock Delay (DCD):    0.924ns = ( 10.924 - 10.000 ) 
    Source Clock Delay      (SCD):    0.973ns
    Clock Pessimism Removal (CPR):    0.000ns
  Clock Uncertainty:      0.035ns  ((TSJ^2 + TIJ^2)^1/2 + DJ) / 2 + PE
    Total System Jitter     (TSJ):    0.071ns
    Total Input Jitter      (TIJ):    0.000ns
    Discrete Jitter          (DJ):    0.000ns
    Phase Error              (PE):    0.000ns

    Location             Delay type                Incr(ns)  Path(ns)    Netlist Resource(s)
  -------------------------------------------------------------------    -------------------
                         (clock ap_clk rise edge)     0.000     0.000 r  
                                                      0.000     0.000 r  ap_clk (IN)
                         net (fo=725, unset)          0.973     0.973    bd_0_i/hls_inst/inst/ap_clk
                         FDRE                                         r  bd_0_i/hls_inst/inst/mul_ln6_reg_207_reg[16]__0/C
  -------------------------------------------------------------------    -------------------
                         FDRE (Prop_fdre_C_Q)         0.518     1.491 r  bd_0_i/hls_inst/inst/mul_ln6_reg_207_reg[16]__0/Q
                         net (fo=1, unplaced)         0.666     2.157    bd_0_i/hls_inst/inst/mul_32ns_32ns_64_1_1_U22/i__carry__0_i_3[0]
                         CARRY4 (Prop_carry4_S[0]_CO[3])
                                                      0.808     2.965 r  bd_0_i/hls_inst/inst/mul_32ns_32ns_64_1_1_U22/tmp_product_carry/CO[3]
                         net (fo=1, unplaced)         0.009     2.974    bd_0_i/hls_inst/inst/mul_32ns_32ns_64_1_1_U22/tmp_product_carry_n_0
                         CARRY4 (Prop_carry4_CI_CO[3])
                                                      0.117     3.091 r  bd_0_i/hls_inst/inst/mul_32ns_32ns_64_1_1_U22/tmp_product_carry__0/CO[3]
                         net (fo=1, unplaced)         0.000     3.091    bd_0_i/hls_inst/inst/mul_32ns_32ns_64_1_1_U22/tmp_product_carry__0_n_0
                         CARRY4 (Prop_carry4_CI_CO[3])
                                                      0.117     3.208 r  bd_0_i/hls_inst/inst/mul_32ns_32ns_64_1_1_U22/tmp_product_carry__1/CO[3]
                         net (fo=1, unplaced)         0.000     3.208    bd_0_i/hls_inst/inst/mul_32ns_32ns_64_1_1_U22/tmp_product_carry__1_n_0
                         CARRY4 (Prop_carry4_CI_CO[3])
                                                      0.117     3.325 r  bd_0_i/hls_inst/inst/mul_32ns_32ns_64_1_1_U22/tmp_product_carry__2/CO[3]
                         net (fo=1, unplaced)         0.000     3.325    bd_0_i/hls_inst/inst/mul_32ns_32ns_64_1_1_U22/tmp_product_carry__2_n_0
                         CARRY4 (Prop_carry4_CI_CO[3])
                                                      0.117     3.442 r  bd_0_i/hls_inst/inst/mul_32ns_32ns_64_1_1_U22/tmp_product_carry__3/CO[3]
                         net (fo=1, unplaced)         0.000     3.442    bd_0_i/hls_inst/inst/mul_32ns_32ns_64_1_1_U22/tmp_product_carry__3_n_0
                         CARRY4 (Prop_carry4_CI_CO[3])
                                                      0.117     3.559 r  bd_0_i/hls_inst/inst/mul_32ns_32ns_64_1_1_U22/tmp_product_carry__4/CO[3]
                         net (fo=1, unplaced)         0.000     3.559    bd_0_i/hls_inst/inst/mul_32ns_32ns_64_1_1_U22/tmp_product_carry__4_n_0
                         CARRY4 (Prop_carry4_CI_CO[3])
                                                      0.117     3.676 r  bd_0_i/hls_inst/inst/mul_32ns_32ns_64_1_1_U22/tmp_product_carry__5/CO[3]
                         net (fo=1, unplaced)         0.000     3.676    bd_0_i/hls_inst/inst/mul_32ns_32ns_64_1_1_U22/tmp_product_carry__5_n_0
                         CARRY4 (Prop_carry4_CI_CO[3])
                                                      0.117     3.793 r  bd_0_i/hls_inst/inst/mul_32ns_32ns_64_1_1_U22/tmp_product_carry__6/CO[3]
                         net (fo=1, unplaced)         0.000     3.793    bd_0_i/hls_inst/inst/mul_32ns_32ns_64_1_1_U22/tmp_product_carry__6_n_0
                         CARRY4 (Prop_carry4_CI_CO[3])
                                                      0.117     3.910 r  bd_0_i/hls_inst/inst/mul_32ns_32ns_64_1_1_U22/tmp_product_carry__7/CO[3]
                         net (fo=1, unplaced)         0.000     3.910    bd_0_i/hls_inst/inst/mul_32ns_32ns_64_1_1_U22/tmp_product_carry__7_n_0
                         CARRY4 (Prop_carry4_CI_CO[3])
                                                      0.117     4.027 r  bd_0_i/hls_inst/inst/mul_32ns_32ns_64_1_1_U22/tmp_product_carry__8/CO[3]
                         net (fo=1, unplaced)         0.000     4.027    bd_0_i/hls_inst/inst/mul_32ns_32ns_64_1_1_U22/tmp_product_carry__8_n_0
                         CARRY4 (Prop_carry4_CI_O[2])
                                                      0.256     4.283 r  bd_0_i/hls_inst/inst/mul_32ns_32ns_64_1_1_U22/tmp_product_carry__9/O[2]
                         net (fo=1, unplaced)         0.905     5.188    bd_0_i/hls_inst/inst/mul_32ns_32ns_64_1_1_U22/mul_ln6_reg_207[58]
                         LUT6 (Prop_lut6_I0_O)        0.301     5.489 r  bd_0_i/hls_inst/inst/mul_32ns_32ns_64_1_1_U22/i__carry__3_i_1/O
                         net (fo=1, unplaced)         0.000     5.489    bd_0_i/hls_inst/inst/grp_sobel_accel_Pipeline_ROW_LOOP_COL_LOOP_fu_106/icmp_ln29_reg_1007_reg[0]_0[3]
                         CARRY4 (Prop_carry4_S[3]_CO[3])
                                                      0.376     5.865 r  bd_0_i/hls_inst/inst/grp_sobel_accel_Pipeline_ROW_LOOP_COL_LOOP_fu_106/icmp_ln29_fu_382_p2_inferred__0/i__carry__3/CO[3]
                         net (fo=1, unplaced)         0.000     5.865    bd_0_i/hls_inst/inst/grp_sobel_accel_Pipeline_ROW_LOOP_COL_LOOP_fu_106/icmp_ln29_fu_382_p2_inferred__0/i__carry__3_n_0
                         CARRY4 (Prop_carry4_CI_CO[1])
                                                      0.179     6.044 r  bd_0_i/hls_inst/inst/grp_sobel_accel_Pipeline_ROW_LOOP_COL_LOOP_fu_106/icmp_ln29_fu_382_p2_inferred__0/i__carry__4/CO[1]
                         net (fo=11, unplaced)        0.358     6.402    bd_0_i/hls_inst/inst/grp_sobel_accel_Pipeline_ROW_LOOP_COL_LOOP_fu_106/sobel_accel_stream_stream_axis_0_int_int_int_line_buf_U/CO[0]
                         LUT6 (Prop_lut6_I3_O)        0.332     6.734 f  bd_0_i/hls_inst/inst/grp_sobel_accel_Pipeline_ROW_LOOP_COL_LOOP_fu_106/sobel_accel_stream_stream_axis_0_int_int_int_line_buf_U/ram_reg_i_23/O
                         net (fo=13, unplaced)        0.499     7.233    bd_0_i/hls_inst/inst/grp_sobel_accel_Pipeline_ROW_LOOP_COL_LOOP_fu_106/flow_control_loop_pipe_sequential_init_U/ap_done_cache_reg_0
                         LUT3 (Prop_lut3_I1_O)        0.116     7.349 r  bd_0_i/hls_inst/inst/grp_sobel_accel_Pipeline_ROW_LOOP_COL_LOOP_fu_106/flow_control_loop_pipe_sequential_init_U/x_fu_146[10]_i_1/O
                         net (fo=133, unplaced)       0.883     8.232    bd_0_i/hls_inst/inst/grp_sobel_accel_Pipeline_ROW_LOOP_COL_LOOP_fu_106/reuse_reg37_fu_1342_out
                         FDRE                                         r  bd_0_i/hls_inst/inst/grp_sobel_accel_Pipeline_ROW_LOOP_COL_LOOP_fu_106/indvar_flatten_fu_154_reg[11]/R
  -------------------------------------------------------------------    -------------------

                         (clock ap_clk rise edge)    10.000    10.000 r  
                                                      0.000    10.000 r  ap_clk (IN)
                         net (fo=725, unset)          0.924    10.924    bd_0_i/hls_inst/inst/grp_sobel_accel_Pipeline_ROW_LOOP_COL_LOOP_fu_106/ap_clk
                         FDRE                                         r  bd_0_i/hls_inst/inst/grp_sobel_accel_Pipeline_ROW_LOOP_COL_LOOP_fu_106/indvar_flatten_fu_154_reg[11]/C
                         clock pessimism              0.000    10.924    
                         clock uncertainty           -0.035    10.889    
                         FDRE (Setup_fdre_C_R)       -0.524    10.365    bd_0_i/hls_inst/inst/grp_sobel_accel_Pipeline_ROW_LOOP_COL_LOOP_fu_106/indvar_flatten_fu_154_reg[11]
  -------------------------------------------------------------------
                         required time                         10.365    
                         arrival time                          -8.232    
  -------------------------------------------------------------------
                         slack                                  2.133    

Slack (MET) :             2.133ns  (required time - arrival time)
  Source:                 bd_0_i/hls_inst/inst/mul_ln6_reg_207_reg[16]__0/C
                            (rising edge-triggered cell FDRE clocked by ap_clk  {rise@0.000ns fall@5.000ns period=10.000ns})
  Destination:            bd_0_i/hls_inst/inst/grp_sobel_accel_Pipeline_ROW_LOOP_COL_LOOP_fu_106/indvar_flatten_fu_154_reg[12]/R
                            (rising edge-triggered cell FDRE clocked by ap_clk  {rise@0.000ns fall@5.000ns period=10.000ns})
  Path Group:             ap_clk
  Path Type:              Setup (Max at Slow Process Corner)
  Requirement:            10.000ns  (ap_clk rise@10.000ns - ap_clk rise@0.000ns)
  Data Path Delay:        7.259ns  (logic 3.939ns (54.264%)  route 3.320ns (45.736%))
  Logic Levels:           16  (CARRY4=13 LUT3=1 LUT6=2)
  Clock Path Skew:        -0.049ns (DCD - SCD + CPR)
    Destination Clock Delay (DCD):    0.924ns = ( 10.924 - 10.000 ) 
    Source Clock Delay      (SCD):    0.973ns
    Clock Pessimism Removal (CPR):    0.000ns
  Clock Uncertainty:      0.035ns  ((TSJ^2 + TIJ^2)^1/2 + DJ) / 2 + PE
    Total System Jitter     (TSJ):    0.071ns
    Total Input Jitter      (TIJ):    0.000ns
    Discrete Jitter          (DJ):    0.000ns
    Phase Error              (PE):    0.000ns

    Location             Delay type                Incr(ns)  Path(ns)    Netlist Resource(s)
  -------------------------------------------------------------------    -------------------
                         (clock ap_clk rise edge)     0.000     0.000 r  
                                                      0.000     0.000 r  ap_clk (IN)
                         net (fo=725, unset)          0.973     0.973    bd_0_i/hls_inst/inst/ap_clk
                         FDRE                                         r  bd_0_i/hls_inst/inst/mul_ln6_reg_207_reg[16]__0/C
  -------------------------------------------------------------------    -------------------
                         FDRE (Prop_fdre_C_Q)         0.518     1.491 r  bd_0_i/hls_inst/inst/mul_ln6_reg_207_reg[16]__0/Q
                         net (fo=1, unplaced)         0.666     2.157    bd_0_i/hls_inst/inst/mul_32ns_32ns_64_1_1_U22/i__carry__0_i_3[0]
                         CARRY4 (Prop_carry4_S[0]_CO[3])
                                                      0.808     2.965 r  bd_0_i/hls_inst/inst/mul_32ns_32ns_64_1_1_U22/tmp_product_carry/CO[3]
                         net (fo=1, unplaced)         0.009     2.974    bd_0_i/hls_inst/inst/mul_32ns_32ns_64_1_1_U22/tmp_product_carry_n_0
                         CARRY4 (Prop_carry4_CI_CO[3])
                                                      0.117     3.091 r  bd_0_i/hls_inst/inst/mul_32ns_32ns_64_1_1_U22/tmp_product_carry__0/CO[3]
                         net (fo=1, unplaced)         0.000     3.091    bd_0_i/hls_inst/inst/mul_32ns_32ns_64_1_1_U22/tmp_product_carry__0_n_0
                         CARRY4 (Prop_carry4_CI_CO[3])
                                                      0.117     3.208 r  bd_0_i/hls_inst/inst/mul_32ns_32ns_64_1_1_U22/tmp_product_carry__1/CO[3]
                         net (fo=1, unplaced)         0.000     3.208    bd_0_i/hls_inst/inst/mul_32ns_32ns_64_1_1_U22/tmp_product_carry__1_n_0
                         CARRY4 (Prop_carry4_CI_CO[3])
                                                      0.117     3.325 r  bd_0_i/hls_inst/inst/mul_32ns_32ns_64_1_1_U22/tmp_product_carry__2/CO[3]
                         net (fo=1, unplaced)         0.000     3.325    bd_0_i/hls_inst/inst/mul_32ns_32ns_64_1_1_U22/tmp_product_carry__2_n_0
                         CARRY4 (Prop_carry4_CI_CO[3])
                                                      0.117     3.442 r  bd_0_i/hls_inst/inst/mul_32ns_32ns_64_1_1_U22/tmp_product_carry__3/CO[3]
                         net (fo=1, unplaced)         0.000     3.442    bd_0_i/hls_inst/inst/mul_32ns_32ns_64_1_1_U22/tmp_product_carry__3_n_0
                         CARRY4 (Prop_carry4_CI_CO[3])
                                                      0.117     3.559 r  bd_0_i/hls_inst/inst/mul_32ns_32ns_64_1_1_U22/tmp_product_carry__4/CO[3]
                         net (fo=1, unplaced)         0.000     3.559    bd_0_i/hls_inst/inst/mul_32ns_32ns_64_1_1_U22/tmp_product_carry__4_n_0
                         CARRY4 (Prop_carry4_CI_CO[3])
                                                      0.117     3.676 r  bd_0_i/hls_inst/inst/mul_32ns_32ns_64_1_1_U22/tmp_product_carry__5/CO[3]
                         net (fo=1, unplaced)         0.000     3.676    bd_0_i/hls_inst/inst/mul_32ns_32ns_64_1_1_U22/tmp_product_carry__5_n_0
                         CARRY4 (Prop_carry4_CI_CO[3])
                                                      0.117     3.793 r  bd_0_i/hls_inst/inst/mul_32ns_32ns_64_1_1_U22/tmp_product_carry__6/CO[3]
                         net (fo=1, unplaced)         0.000     3.793    bd_0_i/hls_inst/inst/mul_32ns_32ns_64_1_1_U22/tmp_product_carry__6_n_0
                         CARRY4 (Prop_carry4_CI_CO[3])
                                                      0.117     3.910 r  bd_0_i/hls_inst/inst/mul_32ns_32ns_64_1_1_U22/tmp_product_carry__7/CO[3]
                         net (fo=1, unplaced)         0.000     3.910    bd_0_i/hls_inst/inst/mul_32ns_32ns_64_1_1_U22/tmp_product_carry__7_n_0
                         CARRY4 (Prop_carry4_CI_CO[3])
                                                      0.117     4.027 r  bd_0_i/hls_inst/inst/mul_32ns_32ns_64_1_1_U22/tmp_product_carry__8/CO[3]
                         net (fo=1, unplaced)         0.000     4.027    bd_0_i/hls_inst/inst/mul_32ns_32ns_64_1_1_U22/tmp_product_carry__8_n_0
                         CARRY4 (Prop_carry4_CI_O[2])
                                                      0.256     4.283 r  bd_0_i/hls_inst/inst/mul_32ns_32ns_64_1_1_U22/tmp_product_carry__9/O[2]
                         net (fo=1, unplaced)         0.905     5.188    bd_0_i/hls_inst/inst/mul_32ns_32ns_64_1_1_U22/mul_ln6_reg_207[58]
                         LUT6 (Prop_lut6_I0_O)        0.301     5.489 r  bd_0_i/hls_inst/inst/mul_32ns_32ns_64_1_1_U22/i__carry__3_i_1/O
                         net (fo=1, unplaced)         0.000     5.489    bd_0_i/hls_inst/inst/grp_sobel_accel_Pipeline_ROW_LOOP_COL_LOOP_fu_106/icmp_ln29_reg_1007_reg[0]_0[3]
                         CARRY4 (Prop_carry4_S[3]_CO[3])
                                                      0.376     5.865 r  bd_0_i/hls_inst/inst/grp_sobel_accel_Pipeline_ROW_LOOP_COL_LOOP_fu_106/icmp_ln29_fu_382_p2_inferred__0/i__carry__3/CO[3]
                         net (fo=1, unplaced)         0.000     5.865    bd_0_i/hls_inst/inst/grp_sobel_accel_Pipeline_ROW_LOOP_COL_LOOP_fu_106/icmp_ln29_fu_382_p2_inferred__0/i__carry__3_n_0
                         CARRY4 (Prop_carry4_CI_CO[1])
                                                      0.179     6.044 r  bd_0_i/hls_inst/inst/grp_sobel_accel_Pipeline_ROW_LOOP_COL_LOOP_fu_106/icmp_ln29_fu_382_p2_inferred__0/i__carry__4/CO[1]
                         net (fo=11, unplaced)        0.358     6.402    bd_0_i/hls_inst/inst/grp_sobel_accel_Pipeline_ROW_LOOP_COL_LOOP_fu_106/sobel_accel_stream_stream_axis_0_int_int_int_line_buf_U/CO[0]
                         LUT6 (Prop_lut6_I3_O)        0.332     6.734 f  bd_0_i/hls_inst/inst/grp_sobel_accel_Pipeline_ROW_LOOP_COL_LOOP_fu_106/sobel_accel_stream_stream_axis_0_int_int_int_line_buf_U/ram_reg_i_23/O
                         net (fo=13, unplaced)        0.499     7.233    bd_0_i/hls_inst/inst/grp_sobel_accel_Pipeline_ROW_LOOP_COL_LOOP_fu_106/flow_control_loop_pipe_sequential_init_U/ap_done_cache_reg_0
                         LUT3 (Prop_lut3_I1_O)        0.116     7.349 r  bd_0_i/hls_inst/inst/grp_sobel_accel_Pipeline_ROW_LOOP_COL_LOOP_fu_106/flow_control_loop_pipe_sequential_init_U/x_fu_146[10]_i_1/O
                         net (fo=133, unplaced)       0.883     8.232    bd_0_i/hls_inst/inst/grp_sobel_accel_Pipeline_ROW_LOOP_COL_LOOP_fu_106/reuse_reg37_fu_1342_out
                         FDRE                                         r  bd_0_i/hls_inst/inst/grp_sobel_accel_Pipeline_ROW_LOOP_COL_LOOP_fu_106/indvar_flatten_fu_154_reg[12]/R
  -------------------------------------------------------------------    -------------------

                         (clock ap_clk rise edge)    10.000    10.000 r  
                                                      0.000    10.000 r  ap_clk (IN)
                         net (fo=725, unset)          0.924    10.924    bd_0_i/hls_inst/inst/grp_sobel_accel_Pipeline_ROW_LOOP_COL_LOOP_fu_106/ap_clk
                         FDRE                                         r  bd_0_i/hls_inst/inst/grp_sobel_accel_Pipeline_ROW_LOOP_COL_LOOP_fu_106/indvar_flatten_fu_154_reg[12]/C
                         clock pessimism              0.000    10.924    
                         clock uncertainty           -0.035    10.889    
                         FDRE (Setup_fdre_C_R)       -0.524    10.365    bd_0_i/hls_inst/inst/grp_sobel_accel_Pipeline_ROW_LOOP_COL_LOOP_fu_106/indvar_flatten_fu_154_reg[12]
  -------------------------------------------------------------------
                         required time                         10.365    
                         arrival time                          -8.232    
  -------------------------------------------------------------------
                         slack                                  2.133    

Slack (MET) :             2.133ns  (required time - arrival time)
  Source:                 bd_0_i/hls_inst/inst/mul_ln6_reg_207_reg[16]__0/C
                            (rising edge-triggered cell FDRE clocked by ap_clk  {rise@0.000ns fall@5.000ns period=10.000ns})
  Destination:            bd_0_i/hls_inst/inst/grp_sobel_accel_Pipeline_ROW_LOOP_COL_LOOP_fu_106/indvar_flatten_fu_154_reg[13]/R
                            (rising edge-triggered cell FDRE clocked by ap_clk  {rise@0.000ns fall@5.000ns period=10.000ns})
  Path Group:             ap_clk
  Path Type:              Setup (Max at Slow Process Corner)
  Requirement:            10.000ns  (ap_clk rise@10.000ns - ap_clk rise@0.000ns)
  Data Path Delay:        7.259ns  (logic 3.939ns (54.264%)  route 3.320ns (45.736%))
  Logic Levels:           16  (CARRY4=13 LUT3=1 LUT6=2)
  Clock Path Skew:        -0.049ns (DCD - SCD + CPR)
    Destination Clock Delay (DCD):    0.924ns = ( 10.924 - 10.000 ) 
    Source Clock Delay      (SCD):    0.973ns
    Clock Pessimism Removal (CPR):    0.000ns
  Clock Uncertainty:      0.035ns  ((TSJ^2 + TIJ^2)^1/2 + DJ) / 2 + PE
    Total System Jitter     (TSJ):    0.071ns
    Total Input Jitter      (TIJ):    0.000ns
    Discrete Jitter          (DJ):    0.000ns
    Phase Error              (PE):    0.000ns

    Location             Delay type                Incr(ns)  Path(ns)    Netlist Resource(s)
  -------------------------------------------------------------------    -------------------
                         (clock ap_clk rise edge)     0.000     0.000 r  
                                                      0.000     0.000 r  ap_clk (IN)
                         net (fo=725, unset)          0.973     0.973    bd_0_i/hls_inst/inst/ap_clk
                         FDRE                                         r  bd_0_i/hls_inst/inst/mul_ln6_reg_207_reg[16]__0/C
  -------------------------------------------------------------------    -------------------
                         FDRE (Prop_fdre_C_Q)         0.518     1.491 r  bd_0_i/hls_inst/inst/mul_ln6_reg_207_reg[16]__0/Q
                         net (fo=1, unplaced)         0.666     2.157    bd_0_i/hls_inst/inst/mul_32ns_32ns_64_1_1_U22/i__carry__0_i_3[0]
                         CARRY4 (Prop_carry4_S[0]_CO[3])
                                                      0.808     2.965 r  bd_0_i/hls_inst/inst/mul_32ns_32ns_64_1_1_U22/tmp_product_carry/CO[3]
                         net (fo=1, unplaced)         0.009     2.974    bd_0_i/hls_inst/inst/mul_32ns_32ns_64_1_1_U22/tmp_product_carry_n_0
                         CARRY4 (Prop_carry4_CI_CO[3])
                                                      0.117     3.091 r  bd_0_i/hls_inst/inst/mul_32ns_32ns_64_1_1_U22/tmp_product_carry__0/CO[3]
                         net (fo=1, unplaced)         0.000     3.091    bd_0_i/hls_inst/inst/mul_32ns_32ns_64_1_1_U22/tmp_product_carry__0_n_0
                         CARRY4 (Prop_carry4_CI_CO[3])
                                                      0.117     3.208 r  bd_0_i/hls_inst/inst/mul_32ns_32ns_64_1_1_U22/tmp_product_carry__1/CO[3]
                         net (fo=1, unplaced)         0.000     3.208    bd_0_i/hls_inst/inst/mul_32ns_32ns_64_1_1_U22/tmp_product_carry__1_n_0
                         CARRY4 (Prop_carry4_CI_CO[3])
                                                      0.117     3.325 r  bd_0_i/hls_inst/inst/mul_32ns_32ns_64_1_1_U22/tmp_product_carry__2/CO[3]
                         net (fo=1, unplaced)         0.000     3.325    bd_0_i/hls_inst/inst/mul_32ns_32ns_64_1_1_U22/tmp_product_carry__2_n_0
                         CARRY4 (Prop_carry4_CI_CO[3])
                                                      0.117     3.442 r  bd_0_i/hls_inst/inst/mul_32ns_32ns_64_1_1_U22/tmp_product_carry__3/CO[3]
                         net (fo=1, unplaced)         0.000     3.442    bd_0_i/hls_inst/inst/mul_32ns_32ns_64_1_1_U22/tmp_product_carry__3_n_0
                         CARRY4 (Prop_carry4_CI_CO[3])
                                                      0.117     3.559 r  bd_0_i/hls_inst/inst/mul_32ns_32ns_64_1_1_U22/tmp_product_carry__4/CO[3]
                         net (fo=1, unplaced)         0.000     3.559    bd_0_i/hls_inst/inst/mul_32ns_32ns_64_1_1_U22/tmp_product_carry__4_n_0
                         CARRY4 (Prop_carry4_CI_CO[3])
                                                      0.117     3.676 r  bd_0_i/hls_inst/inst/mul_32ns_32ns_64_1_1_U22/tmp_product_carry__5/CO[3]
                         net (fo=1, unplaced)         0.000     3.676    bd_0_i/hls_inst/inst/mul_32ns_32ns_64_1_1_U22/tmp_product_carry__5_n_0
                         CARRY4 (Prop_carry4_CI_CO[3])
                                                      0.117     3.793 r  bd_0_i/hls_inst/inst/mul_32ns_32ns_64_1_1_U22/tmp_product_carry__6/CO[3]
                         net (fo=1, unplaced)         0.000     3.793    bd_0_i/hls_inst/inst/mul_32ns_32ns_64_1_1_U22/tmp_product_carry__6_n_0
                         CARRY4 (Prop_carry4_CI_CO[3])
                                                      0.117     3.910 r  bd_0_i/hls_inst/inst/mul_32ns_32ns_64_1_1_U22/tmp_product_carry__7/CO[3]
                         net (fo=1, unplaced)         0.000     3.910    bd_0_i/hls_inst/inst/mul_32ns_32ns_64_1_1_U22/tmp_product_carry__7_n_0
                         CARRY4 (Prop_carry4_CI_CO[3])
                                                      0.117     4.027 r  bd_0_i/hls_inst/inst/mul_32ns_32ns_64_1_1_U22/tmp_product_carry__8/CO[3]
                         net (fo=1, unplaced)         0.000     4.027    bd_0_i/hls_inst/inst/mul_32ns_32ns_64_1_1_U22/tmp_product_carry__8_n_0
                         CARRY4 (Prop_carry4_CI_O[2])
                                                      0.256     4.283 r  bd_0_i/hls_inst/inst/mul_32ns_32ns_64_1_1_U22/tmp_product_carry__9/O[2]
                         net (fo=1, unplaced)         0.905     5.188    bd_0_i/hls_inst/inst/mul_32ns_32ns_64_1_1_U22/mul_ln6_reg_207[58]
                         LUT6 (Prop_lut6_I0_O)        0.301     5.489 r  bd_0_i/hls_inst/inst/mul_32ns_32ns_64_1_1_U22/i__carry__3_i_1/O
                         net (fo=1, unplaced)         0.000     5.489    bd_0_i/hls_inst/inst/grp_sobel_accel_Pipeline_ROW_LOOP_COL_LOOP_fu_106/icmp_ln29_reg_1007_reg[0]_0[3]
                         CARRY4 (Prop_carry4_S[3]_CO[3])
                                                      0.376     5.865 r  bd_0_i/hls_inst/inst/grp_sobel_accel_Pipeline_ROW_LOOP_COL_LOOP_fu_106/icmp_ln29_fu_382_p2_inferred__0/i__carry__3/CO[3]
                         net (fo=1, unplaced)         0.000     5.865    bd_0_i/hls_inst/inst/grp_sobel_accel_Pipeline_ROW_LOOP_COL_LOOP_fu_106/icmp_ln29_fu_382_p2_inferred__0/i__carry__3_n_0
                         CARRY4 (Prop_carry4_CI_CO[1])
                                                      0.179     6.044 r  bd_0_i/hls_inst/inst/grp_sobel_accel_Pipeline_ROW_LOOP_COL_LOOP_fu_106/icmp_ln29_fu_382_p2_inferred__0/i__carry__4/CO[1]
                         net (fo=11, unplaced)        0.358     6.402    bd_0_i/hls_inst/inst/grp_sobel_accel_Pipeline_ROW_LOOP_COL_LOOP_fu_106/sobel_accel_stream_stream_axis_0_int_int_int_line_buf_U/CO[0]
                         LUT6 (Prop_lut6_I3_O)        0.332     6.734 f  bd_0_i/hls_inst/inst/grp_sobel_accel_Pipeline_ROW_LOOP_COL_LOOP_fu_106/sobel_accel_stream_stream_axis_0_int_int_int_line_buf_U/ram_reg_i_23/O
                         net (fo=13, unplaced)        0.499     7.233    bd_0_i/hls_inst/inst/grp_sobel_accel_Pipeline_ROW_LOOP_COL_LOOP_fu_106/flow_control_loop_pipe_sequential_init_U/ap_done_cache_reg_0
                         LUT3 (Prop_lut3_I1_O)        0.116     7.349 r  bd_0_i/hls_inst/inst/grp_sobel_accel_Pipeline_ROW_LOOP_COL_LOOP_fu_106/flow_control_loop_pipe_sequential_init_U/x_fu_146[10]_i_1/O
                         net (fo=133, unplaced)       0.883     8.232    bd_0_i/hls_inst/inst/grp_sobel_accel_Pipeline_ROW_LOOP_COL_LOOP_fu_106/reuse_reg37_fu_1342_out
                         FDRE                                         r  bd_0_i/hls_inst/inst/grp_sobel_accel_Pipeline_ROW_LOOP_COL_LOOP_fu_106/indvar_flatten_fu_154_reg[13]/R
  -------------------------------------------------------------------    -------------------

                         (clock ap_clk rise edge)    10.000    10.000 r  
                                                      0.000    10.000 r  ap_clk (IN)
                         net (fo=725, unset)          0.924    10.924    bd_0_i/hls_inst/inst/grp_sobel_accel_Pipeline_ROW_LOOP_COL_LOOP_fu_106/ap_clk
                         FDRE                                         r  bd_0_i/hls_inst/inst/grp_sobel_accel_Pipeline_ROW_LOOP_COL_LOOP_fu_106/indvar_flatten_fu_154_reg[13]/C
                         clock pessimism              0.000    10.924    
                         clock uncertainty           -0.035    10.889    
                         FDRE (Setup_fdre_C_R)       -0.524    10.365    bd_0_i/hls_inst/inst/grp_sobel_accel_Pipeline_ROW_LOOP_COL_LOOP_fu_106/indvar_flatten_fu_154_reg[13]
  -------------------------------------------------------------------
                         required time                         10.365    
                         arrival time                          -8.232    
  -------------------------------------------------------------------
                         slack                                  2.133    

Slack (MET) :             2.133ns  (required time - arrival time)
  Source:                 bd_0_i/hls_inst/inst/mul_ln6_reg_207_reg[16]__0/C
                            (rising edge-triggered cell FDRE clocked by ap_clk  {rise@0.000ns fall@5.000ns period=10.000ns})
  Destination:            bd_0_i/hls_inst/inst/grp_sobel_accel_Pipeline_ROW_LOOP_COL_LOOP_fu_106/indvar_flatten_fu_154_reg[14]/R
                            (rising edge-triggered cell FDRE clocked by ap_clk  {rise@0.000ns fall@5.000ns period=10.000ns})
  Path Group:             ap_clk
  Path Type:              Setup (Max at Slow Process Corner)
  Requirement:            10.000ns  (ap_clk rise@10.000ns - ap_clk rise@0.000ns)
  Data Path Delay:        7.259ns  (logic 3.939ns (54.264%)  route 3.320ns (45.736%))
  Logic Levels:           16  (CARRY4=13 LUT3=1 LUT6=2)
  Clock Path Skew:        -0.049ns (DCD - SCD + CPR)
    Destination Clock Delay (DCD):    0.924ns = ( 10.924 - 10.000 ) 
    Source Clock Delay      (SCD):    0.973ns
    Clock Pessimism Removal (CPR):    0.000ns
  Clock Uncertainty:      0.035ns  ((TSJ^2 + TIJ^2)^1/2 + DJ) / 2 + PE
    Total System Jitter     (TSJ):    0.071ns
    Total Input Jitter      (TIJ):    0.000ns
    Discrete Jitter          (DJ):    0.000ns
    Phase Error              (PE):    0.000ns

    Location             Delay type                Incr(ns)  Path(ns)    Netlist Resource(s)
  -------------------------------------------------------------------    -------------------
                         (clock ap_clk rise edge)     0.000     0.000 r  
                                                      0.000     0.000 r  ap_clk (IN)
                         net (fo=725, unset)          0.973     0.973    bd_0_i/hls_inst/inst/ap_clk
                         FDRE                                         r  bd_0_i/hls_inst/inst/mul_ln6_reg_207_reg[16]__0/C
  -------------------------------------------------------------------    -------------------
                         FDRE (Prop_fdre_C_Q)         0.518     1.491 r  bd_0_i/hls_inst/inst/mul_ln6_reg_207_reg[16]__0/Q
                         net (fo=1, unplaced)         0.666     2.157    bd_0_i/hls_inst/inst/mul_32ns_32ns_64_1_1_U22/i__carry__0_i_3[0]
                         CARRY4 (Prop_carry4_S[0]_CO[3])
                                                      0.808     2.965 r  bd_0_i/hls_inst/inst/mul_32ns_32ns_64_1_1_U22/tmp_product_carry/CO[3]
                         net (fo=1, unplaced)         0.009     2.974    bd_0_i/hls_inst/inst/mul_32ns_32ns_64_1_1_U22/tmp_product_carry_n_0
                         CARRY4 (Prop_carry4_CI_CO[3])
                                                      0.117     3.091 r  bd_0_i/hls_inst/inst/mul_32ns_32ns_64_1_1_U22/tmp_product_carry__0/CO[3]
                         net (fo=1, unplaced)         0.000     3.091    bd_0_i/hls_inst/inst/mul_32ns_32ns_64_1_1_U22/tmp_product_carry__0_n_0
                         CARRY4 (Prop_carry4_CI_CO[3])
                                                      0.117     3.208 r  bd_0_i/hls_inst/inst/mul_32ns_32ns_64_1_1_U22/tmp_product_carry__1/CO[3]
                         net (fo=1, unplaced)         0.000     3.208    bd_0_i/hls_inst/inst/mul_32ns_32ns_64_1_1_U22/tmp_product_carry__1_n_0
                         CARRY4 (Prop_carry4_CI_CO[3])
                                                      0.117     3.325 r  bd_0_i/hls_inst/inst/mul_32ns_32ns_64_1_1_U22/tmp_product_carry__2/CO[3]
                         net (fo=1, unplaced)         0.000     3.325    bd_0_i/hls_inst/inst/mul_32ns_32ns_64_1_1_U22/tmp_product_carry__2_n_0
                         CARRY4 (Prop_carry4_CI_CO[3])
                                                      0.117     3.442 r  bd_0_i/hls_inst/inst/mul_32ns_32ns_64_1_1_U22/tmp_product_carry__3/CO[3]
                         net (fo=1, unplaced)         0.000     3.442    bd_0_i/hls_inst/inst/mul_32ns_32ns_64_1_1_U22/tmp_product_carry__3_n_0
                         CARRY4 (Prop_carry4_CI_CO[3])
                                                      0.117     3.559 r  bd_0_i/hls_inst/inst/mul_32ns_32ns_64_1_1_U22/tmp_product_carry__4/CO[3]
                         net (fo=1, unplaced)         0.000     3.559    bd_0_i/hls_inst/inst/mul_32ns_32ns_64_1_1_U22/tmp_product_carry__4_n_0
                         CARRY4 (Prop_carry4_CI_CO[3])
                                                      0.117     3.676 r  bd_0_i/hls_inst/inst/mul_32ns_32ns_64_1_1_U22/tmp_product_carry__5/CO[3]
                         net (fo=1, unplaced)         0.000     3.676    bd_0_i/hls_inst/inst/mul_32ns_32ns_64_1_1_U22/tmp_product_carry__5_n_0
                         CARRY4 (Prop_carry4_CI_CO[3])
                                                      0.117     3.793 r  bd_0_i/hls_inst/inst/mul_32ns_32ns_64_1_1_U22/tmp_product_carry__6/CO[3]
                         net (fo=1, unplaced)         0.000     3.793    bd_0_i/hls_inst/inst/mul_32ns_32ns_64_1_1_U22/tmp_product_carry__6_n_0
                         CARRY4 (Prop_carry4_CI_CO[3])
                                                      0.117     3.910 r  bd_0_i/hls_inst/inst/mul_32ns_32ns_64_1_1_U22/tmp_product_carry__7/CO[3]
                         net (fo=1, unplaced)         0.000     3.910    bd_0_i/hls_inst/inst/mul_32ns_32ns_64_1_1_U22/tmp_product_carry__7_n_0
                         CARRY4 (Prop_carry4_CI_CO[3])
                                                      0.117     4.027 r  bd_0_i/hls_inst/inst/mul_32ns_32ns_64_1_1_U22/tmp_product_carry__8/CO[3]
                         net (fo=1, unplaced)         0.000     4.027    bd_0_i/hls_inst/inst/mul_32ns_32ns_64_1_1_U22/tmp_product_carry__8_n_0
                         CARRY4 (Prop_carry4_CI_O[2])
                                                      0.256     4.283 r  bd_0_i/hls_inst/inst/mul_32ns_32ns_64_1_1_U22/tmp_product_carry__9/O[2]
                         net (fo=1, unplaced)         0.905     5.188    bd_0_i/hls_inst/inst/mul_32ns_32ns_64_1_1_U22/mul_ln6_reg_207[58]
                         LUT6 (Prop_lut6_I0_O)        0.301     5.489 r  bd_0_i/hls_inst/inst/mul_32ns_32ns_64_1_1_U22/i__carry__3_i_1/O
                         net (fo=1, unplaced)         0.000     5.489    bd_0_i/hls_inst/inst/grp_sobel_accel_Pipeline_ROW_LOOP_COL_LOOP_fu_106/icmp_ln29_reg_1007_reg[0]_0[3]
                         CARRY4 (Prop_carry4_S[3]_CO[3])
                                                      0.376     5.865 r  bd_0_i/hls_inst/inst/grp_sobel_accel_Pipeline_ROW_LOOP_COL_LOOP_fu_106/icmp_ln29_fu_382_p2_inferred__0/i__carry__3/CO[3]
                         net (fo=1, unplaced)         0.000     5.865    bd_0_i/hls_inst/inst/grp_sobel_accel_Pipeline_ROW_LOOP_COL_LOOP_fu_106/icmp_ln29_fu_382_p2_inferred__0/i__carry__3_n_0
                         CARRY4 (Prop_carry4_CI_CO[1])
                                                      0.179     6.044 r  bd_0_i/hls_inst/inst/grp_sobel_accel_Pipeline_ROW_LOOP_COL_LOOP_fu_106/icmp_ln29_fu_382_p2_inferred__0/i__carry__4/CO[1]
                         net (fo=11, unplaced)        0.358     6.402    bd_0_i/hls_inst/inst/grp_sobel_accel_Pipeline_ROW_LOOP_COL_LOOP_fu_106/sobel_accel_stream_stream_axis_0_int_int_int_line_buf_U/CO[0]
                         LUT6 (Prop_lut6_I3_O)        0.332     6.734 f  bd_0_i/hls_inst/inst/grp_sobel_accel_Pipeline_ROW_LOOP_COL_LOOP_fu_106/sobel_accel_stream_stream_axis_0_int_int_int_line_buf_U/ram_reg_i_23/O
                         net (fo=13, unplaced)        0.499     7.233    bd_0_i/hls_inst/inst/grp_sobel_accel_Pipeline_ROW_LOOP_COL_LOOP_fu_106/flow_control_loop_pipe_sequential_init_U/ap_done_cache_reg_0
                         LUT3 (Prop_lut3_I1_O)        0.116     7.349 r  bd_0_i/hls_inst/inst/grp_sobel_accel_Pipeline_ROW_LOOP_COL_LOOP_fu_106/flow_control_loop_pipe_sequential_init_U/x_fu_146[10]_i_1/O
                         net (fo=133, unplaced)       0.883     8.232    bd_0_i/hls_inst/inst/grp_sobel_accel_Pipeline_ROW_LOOP_COL_LOOP_fu_106/reuse_reg37_fu_1342_out
                         FDRE                                         r  bd_0_i/hls_inst/inst/grp_sobel_accel_Pipeline_ROW_LOOP_COL_LOOP_fu_106/indvar_flatten_fu_154_reg[14]/R
  -------------------------------------------------------------------    -------------------

                         (clock ap_clk rise edge)    10.000    10.000 r  
                                                      0.000    10.000 r  ap_clk (IN)
                         net (fo=725, unset)          0.924    10.924    bd_0_i/hls_inst/inst/grp_sobel_accel_Pipeline_ROW_LOOP_COL_LOOP_fu_106/ap_clk
                         FDRE                                         r  bd_0_i/hls_inst/inst/grp_sobel_accel_Pipeline_ROW_LOOP_COL_LOOP_fu_106/indvar_flatten_fu_154_reg[14]/C
                         clock pessimism              0.000    10.924    
                         clock uncertainty           -0.035    10.889    
                         FDRE (Setup_fdre_C_R)       -0.524    10.365    bd_0_i/hls_inst/inst/grp_sobel_accel_Pipeline_ROW_LOOP_COL_LOOP_fu_106/indvar_flatten_fu_154_reg[14]
  -------------------------------------------------------------------
                         required time                         10.365    
                         arrival time                          -8.232    
  -------------------------------------------------------------------
                         slack                                  2.133    

Slack (MET) :             2.133ns  (required time - arrival time)
  Source:                 bd_0_i/hls_inst/inst/mul_ln6_reg_207_reg[16]__0/C
                            (rising edge-triggered cell FDRE clocked by ap_clk  {rise@0.000ns fall@5.000ns period=10.000ns})
  Destination:            bd_0_i/hls_inst/inst/grp_sobel_accel_Pipeline_ROW_LOOP_COL_LOOP_fu_106/indvar_flatten_fu_154_reg[15]/R
                            (rising edge-triggered cell FDRE clocked by ap_clk  {rise@0.000ns fall@5.000ns period=10.000ns})
  Path Group:             ap_clk
  Path Type:              Setup (Max at Slow Process Corner)
  Requirement:            10.000ns  (ap_clk rise@10.000ns - ap_clk rise@0.000ns)
  Data Path Delay:        7.259ns  (logic 3.939ns (54.264%)  route 3.320ns (45.736%))
  Logic Levels:           16  (CARRY4=13 LUT3=1 LUT6=2)
  Clock Path Skew:        -0.049ns (DCD - SCD + CPR)
    Destination Clock Delay (DCD):    0.924ns = ( 10.924 - 10.000 ) 
    Source Clock Delay      (SCD):    0.973ns
    Clock Pessimism Removal (CPR):    0.000ns
  Clock Uncertainty:      0.035ns  ((TSJ^2 + TIJ^2)^1/2 + DJ) / 2 + PE
    Total System Jitter     (TSJ):    0.071ns
    Total Input Jitter      (TIJ):    0.000ns
    Discrete Jitter          (DJ):    0.000ns
    Phase Error              (PE):    0.000ns

    Location             Delay type                Incr(ns)  Path(ns)    Netlist Resource(s)
  -------------------------------------------------------------------    -------------------
                         (clock ap_clk rise edge)     0.000     0.000 r  
                                                      0.000     0.000 r  ap_clk (IN)
                         net (fo=725, unset)          0.973     0.973    bd_0_i/hls_inst/inst/ap_clk
                         FDRE                                         r  bd_0_i/hls_inst/inst/mul_ln6_reg_207_reg[16]__0/C
  -------------------------------------------------------------------    -------------------
                         FDRE (Prop_fdre_C_Q)         0.518     1.491 r  bd_0_i/hls_inst/inst/mul_ln6_reg_207_reg[16]__0/Q
                         net (fo=1, unplaced)         0.666     2.157    bd_0_i/hls_inst/inst/mul_32ns_32ns_64_1_1_U22/i__carry__0_i_3[0]
                         CARRY4 (Prop_carry4_S[0]_CO[3])
                                                      0.808     2.965 r  bd_0_i/hls_inst/inst/mul_32ns_32ns_64_1_1_U22/tmp_product_carry/CO[3]
                         net (fo=1, unplaced)         0.009     2.974    bd_0_i/hls_inst/inst/mul_32ns_32ns_64_1_1_U22/tmp_product_carry_n_0
                         CARRY4 (Prop_carry4_CI_CO[3])
                                                      0.117     3.091 r  bd_0_i/hls_inst/inst/mul_32ns_32ns_64_1_1_U22/tmp_product_carry__0/CO[3]
                         net (fo=1, unplaced)         0.000     3.091    bd_0_i/hls_inst/inst/mul_32ns_32ns_64_1_1_U22/tmp_product_carry__0_n_0
                         CARRY4 (Prop_carry4_CI_CO[3])
                                                      0.117     3.208 r  bd_0_i/hls_inst/inst/mul_32ns_32ns_64_1_1_U22/tmp_product_carry__1/CO[3]
                         net (fo=1, unplaced)         0.000     3.208    bd_0_i/hls_inst/inst/mul_32ns_32ns_64_1_1_U22/tmp_product_carry__1_n_0
                         CARRY4 (Prop_carry4_CI_CO[3])
                                                      0.117     3.325 r  bd_0_i/hls_inst/inst/mul_32ns_32ns_64_1_1_U22/tmp_product_carry__2/CO[3]
                         net (fo=1, unplaced)         0.000     3.325    bd_0_i/hls_inst/inst/mul_32ns_32ns_64_1_1_U22/tmp_product_carry__2_n_0
                         CARRY4 (Prop_carry4_CI_CO[3])
                                                      0.117     3.442 r  bd_0_i/hls_inst/inst/mul_32ns_32ns_64_1_1_U22/tmp_product_carry__3/CO[3]
                         net (fo=1, unplaced)         0.000     3.442    bd_0_i/hls_inst/inst/mul_32ns_32ns_64_1_1_U22/tmp_product_carry__3_n_0
                         CARRY4 (Prop_carry4_CI_CO[3])
                                                      0.117     3.559 r  bd_0_i/hls_inst/inst/mul_32ns_32ns_64_1_1_U22/tmp_product_carry__4/CO[3]
                         net (fo=1, unplaced)         0.000     3.559    bd_0_i/hls_inst/inst/mul_32ns_32ns_64_1_1_U22/tmp_product_carry__4_n_0
                         CARRY4 (Prop_carry4_CI_CO[3])
                                                      0.117     3.676 r  bd_0_i/hls_inst/inst/mul_32ns_32ns_64_1_1_U22/tmp_product_carry__5/CO[3]
                         net (fo=1, unplaced)         0.000     3.676    bd_0_i/hls_inst/inst/mul_32ns_32ns_64_1_1_U22/tmp_product_carry__5_n_0
                         CARRY4 (Prop_carry4_CI_CO[3])
                                                      0.117     3.793 r  bd_0_i/hls_inst/inst/mul_32ns_32ns_64_1_1_U22/tmp_product_carry__6/CO[3]
                         net (fo=1, unplaced)         0.000     3.793    bd_0_i/hls_inst/inst/mul_32ns_32ns_64_1_1_U22/tmp_product_carry__6_n_0
                         CARRY4 (Prop_carry4_CI_CO[3])
                                                      0.117     3.910 r  bd_0_i/hls_inst/inst/mul_32ns_32ns_64_1_1_U22/tmp_product_carry__7/CO[3]
                         net (fo=1, unplaced)         0.000     3.910    bd_0_i/hls_inst/inst/mul_32ns_32ns_64_1_1_U22/tmp_product_carry__7_n_0
                         CARRY4 (Prop_carry4_CI_CO[3])
                                                      0.117     4.027 r  bd_0_i/hls_inst/inst/mul_32ns_32ns_64_1_1_U22/tmp_product_carry__8/CO[3]
                         net (fo=1, unplaced)         0.000     4.027    bd_0_i/hls_inst/inst/mul_32ns_32ns_64_1_1_U22/tmp_product_carry__8_n_0
                         CARRY4 (Prop_carry4_CI_O[2])
                                                      0.256     4.283 r  bd_0_i/hls_inst/inst/mul_32ns_32ns_64_1_1_U22/tmp_product_carry__9/O[2]
                         net (fo=1, unplaced)         0.905     5.188    bd_0_i/hls_inst/inst/mul_32ns_32ns_64_1_1_U22/mul_ln6_reg_207[58]
                         LUT6 (Prop_lut6_I0_O)        0.301     5.489 r  bd_0_i/hls_inst/inst/mul_32ns_32ns_64_1_1_U22/i__carry__3_i_1/O
                         net (fo=1, unplaced)         0.000     5.489    bd_0_i/hls_inst/inst/grp_sobel_accel_Pipeline_ROW_LOOP_COL_LOOP_fu_106/icmp_ln29_reg_1007_reg[0]_0[3]
                         CARRY4 (Prop_carry4_S[3]_CO[3])
                                                      0.376     5.865 r  bd_0_i/hls_inst/inst/grp_sobel_accel_Pipeline_ROW_LOOP_COL_LOOP_fu_106/icmp_ln29_fu_382_p2_inferred__0/i__carry__3/CO[3]
                         net (fo=1, unplaced)         0.000     5.865    bd_0_i/hls_inst/inst/grp_sobel_accel_Pipeline_ROW_LOOP_COL_LOOP_fu_106/icmp_ln29_fu_382_p2_inferred__0/i__carry__3_n_0
                         CARRY4 (Prop_carry4_CI_CO[1])
                                                      0.179     6.044 r  bd_0_i/hls_inst/inst/grp_sobel_accel_Pipeline_ROW_LOOP_COL_LOOP_fu_106/icmp_ln29_fu_382_p2_inferred__0/i__carry__4/CO[1]
                         net (fo=11, unplaced)        0.358     6.402    bd_0_i/hls_inst/inst/grp_sobel_accel_Pipeline_ROW_LOOP_COL_LOOP_fu_106/sobel_accel_stream_stream_axis_0_int_int_int_line_buf_U/CO[0]
                         LUT6 (Prop_lut6_I3_O)        0.332     6.734 f  bd_0_i/hls_inst/inst/grp_sobel_accel_Pipeline_ROW_LOOP_COL_LOOP_fu_106/sobel_accel_stream_stream_axis_0_int_int_int_line_buf_U/ram_reg_i_23/O
                         net (fo=13, unplaced)        0.499     7.233    bd_0_i/hls_inst/inst/grp_sobel_accel_Pipeline_ROW_LOOP_COL_LOOP_fu_106/flow_control_loop_pipe_sequential_init_U/ap_done_cache_reg_0
                         LUT3 (Prop_lut3_I1_O)        0.116     7.349 r  bd_0_i/hls_inst/inst/grp_sobel_accel_Pipeline_ROW_LOOP_COL_LOOP_fu_106/flow_control_loop_pipe_sequential_init_U/x_fu_146[10]_i_1/O
                         net (fo=133, unplaced)       0.883     8.232    bd_0_i/hls_inst/inst/grp_sobel_accel_Pipeline_ROW_LOOP_COL_LOOP_fu_106/reuse_reg37_fu_1342_out
                         FDRE                                         r  bd_0_i/hls_inst/inst/grp_sobel_accel_Pipeline_ROW_LOOP_COL_LOOP_fu_106/indvar_flatten_fu_154_reg[15]/R
  -------------------------------------------------------------------    -------------------

                         (clock ap_clk rise edge)    10.000    10.000 r  
                                                      0.000    10.000 r  ap_clk (IN)
                         net (fo=725, unset)          0.924    10.924    bd_0_i/hls_inst/inst/grp_sobel_accel_Pipeline_ROW_LOOP_COL_LOOP_fu_106/ap_clk
                         FDRE                                         r  bd_0_i/hls_inst/inst/grp_sobel_accel_Pipeline_ROW_LOOP_COL_LOOP_fu_106/indvar_flatten_fu_154_reg[15]/C
                         clock pessimism              0.000    10.924    
                         clock uncertainty           -0.035    10.889    
                         FDRE (Setup_fdre_C_R)       -0.524    10.365    bd_0_i/hls_inst/inst/grp_sobel_accel_Pipeline_ROW_LOOP_COL_LOOP_fu_106/indvar_flatten_fu_154_reg[15]
  -------------------------------------------------------------------
                         required time                         10.365    
                         arrival time                          -8.232    
  -------------------------------------------------------------------
                         slack                                  2.133    

Slack (MET) :             2.133ns  (required time - arrival time)
  Source:                 bd_0_i/hls_inst/inst/mul_ln6_reg_207_reg[16]__0/C
                            (rising edge-triggered cell FDRE clocked by ap_clk  {rise@0.000ns fall@5.000ns period=10.000ns})
  Destination:            bd_0_i/hls_inst/inst/grp_sobel_accel_Pipeline_ROW_LOOP_COL_LOOP_fu_106/indvar_flatten_fu_154_reg[16]/R
                            (rising edge-triggered cell FDRE clocked by ap_clk  {rise@0.000ns fall@5.000ns period=10.000ns})
  Path Group:             ap_clk
  Path Type:              Setup (Max at Slow Process Corner)
  Requirement:            10.000ns  (ap_clk rise@10.000ns - ap_clk rise@0.000ns)
  Data Path Delay:        7.259ns  (logic 3.939ns (54.264%)  route 3.320ns (45.736%))
  Logic Levels:           16  (CARRY4=13 LUT3=1 LUT6=2)
  Clock Path Skew:        -0.049ns (DCD - SCD + CPR)
    Destination Clock Delay (DCD):    0.924ns = ( 10.924 - 10.000 ) 
    Source Clock Delay      (SCD):    0.973ns
    Clock Pessimism Removal (CPR):    0.000ns
  Clock Uncertainty:      0.035ns  ((TSJ^2 + TIJ^2)^1/2 + DJ) / 2 + PE
    Total System Jitter     (TSJ):    0.071ns
    Total Input Jitter      (TIJ):    0.000ns
    Discrete Jitter          (DJ):    0.000ns
    Phase Error              (PE):    0.000ns

    Location             Delay type                Incr(ns)  Path(ns)    Netlist Resource(s)
  -------------------------------------------------------------------    -------------------
                         (clock ap_clk rise edge)     0.000     0.000 r  
                                                      0.000     0.000 r  ap_clk (IN)
                         net (fo=725, unset)          0.973     0.973    bd_0_i/hls_inst/inst/ap_clk
                         FDRE                                         r  bd_0_i/hls_inst/inst/mul_ln6_reg_207_reg[16]__0/C
  -------------------------------------------------------------------    -------------------
                         FDRE (Prop_fdre_C_Q)         0.518     1.491 r  bd_0_i/hls_inst/inst/mul_ln6_reg_207_reg[16]__0/Q
                         net (fo=1, unplaced)         0.666     2.157    bd_0_i/hls_inst/inst/mul_32ns_32ns_64_1_1_U22/i__carry__0_i_3[0]
                         CARRY4 (Prop_carry4_S[0]_CO[3])
                                                      0.808     2.965 r  bd_0_i/hls_inst/inst/mul_32ns_32ns_64_1_1_U22/tmp_product_carry/CO[3]
                         net (fo=1, unplaced)         0.009     2.974    bd_0_i/hls_inst/inst/mul_32ns_32ns_64_1_1_U22/tmp_product_carry_n_0
                         CARRY4 (Prop_carry4_CI_CO[3])
                                                      0.117     3.091 r  bd_0_i/hls_inst/inst/mul_32ns_32ns_64_1_1_U22/tmp_product_carry__0/CO[3]
                         net (fo=1, unplaced)         0.000     3.091    bd_0_i/hls_inst/inst/mul_32ns_32ns_64_1_1_U22/tmp_product_carry__0_n_0
                         CARRY4 (Prop_carry4_CI_CO[3])
                                                      0.117     3.208 r  bd_0_i/hls_inst/inst/mul_32ns_32ns_64_1_1_U22/tmp_product_carry__1/CO[3]
                         net (fo=1, unplaced)         0.000     3.208    bd_0_i/hls_inst/inst/mul_32ns_32ns_64_1_1_U22/tmp_product_carry__1_n_0
                         CARRY4 (Prop_carry4_CI_CO[3])
                                                      0.117     3.325 r  bd_0_i/hls_inst/inst/mul_32ns_32ns_64_1_1_U22/tmp_product_carry__2/CO[3]
                         net (fo=1, unplaced)         0.000     3.325    bd_0_i/hls_inst/inst/mul_32ns_32ns_64_1_1_U22/tmp_product_carry__2_n_0
                         CARRY4 (Prop_carry4_CI_CO[3])
                                                      0.117     3.442 r  bd_0_i/hls_inst/inst/mul_32ns_32ns_64_1_1_U22/tmp_product_carry__3/CO[3]
                         net (fo=1, unplaced)         0.000     3.442    bd_0_i/hls_inst/inst/mul_32ns_32ns_64_1_1_U22/tmp_product_carry__3_n_0
                         CARRY4 (Prop_carry4_CI_CO[3])
                                                      0.117     3.559 r  bd_0_i/hls_inst/inst/mul_32ns_32ns_64_1_1_U22/tmp_product_carry__4/CO[3]
                         net (fo=1, unplaced)         0.000     3.559    bd_0_i/hls_inst/inst/mul_32ns_32ns_64_1_1_U22/tmp_product_carry__4_n_0
                         CARRY4 (Prop_carry4_CI_CO[3])
                                                      0.117     3.676 r  bd_0_i/hls_inst/inst/mul_32ns_32ns_64_1_1_U22/tmp_product_carry__5/CO[3]
                         net (fo=1, unplaced)         0.000     3.676    bd_0_i/hls_inst/inst/mul_32ns_32ns_64_1_1_U22/tmp_product_carry__5_n_0
                         CARRY4 (Prop_carry4_CI_CO[3])
                                                      0.117     3.793 r  bd_0_i/hls_inst/inst/mul_32ns_32ns_64_1_1_U22/tmp_product_carry__6/CO[3]
                         net (fo=1, unplaced)         0.000     3.793    bd_0_i/hls_inst/inst/mul_32ns_32ns_64_1_1_U22/tmp_product_carry__6_n_0
                         CARRY4 (Prop_carry4_CI_CO[3])
                                                      0.117     3.910 r  bd_0_i/hls_inst/inst/mul_32ns_32ns_64_1_1_U22/tmp_product_carry__7/CO[3]
                         net (fo=1, unplaced)         0.000     3.910    bd_0_i/hls_inst/inst/mul_32ns_32ns_64_1_1_U22/tmp_product_carry__7_n_0
                         CARRY4 (Prop_carry4_CI_CO[3])
                                                      0.117     4.027 r  bd_0_i/hls_inst/inst/mul_32ns_32ns_64_1_1_U22/tmp_product_carry__8/CO[3]
                         net (fo=1, unplaced)         0.000     4.027    bd_0_i/hls_inst/inst/mul_32ns_32ns_64_1_1_U22/tmp_product_carry__8_n_0
                         CARRY4 (Prop_carry4_CI_O[2])
                                                      0.256     4.283 r  bd_0_i/hls_inst/inst/mul_32ns_32ns_64_1_1_U22/tmp_product_carry__9/O[2]
                         net (fo=1, unplaced)         0.905     5.188    bd_0_i/hls_inst/inst/mul_32ns_32ns_64_1_1_U22/mul_ln6_reg_207[58]
                         LUT6 (Prop_lut6_I0_O)        0.301     5.489 r  bd_0_i/hls_inst/inst/mul_32ns_32ns_64_1_1_U22/i__carry__3_i_1/O
                         net (fo=1, unplaced)         0.000     5.489    bd_0_i/hls_inst/inst/grp_sobel_accel_Pipeline_ROW_LOOP_COL_LOOP_fu_106/icmp_ln29_reg_1007_reg[0]_0[3]
                         CARRY4 (Prop_carry4_S[3]_CO[3])
                                                      0.376     5.865 r  bd_0_i/hls_inst/inst/grp_sobel_accel_Pipeline_ROW_LOOP_COL_LOOP_fu_106/icmp_ln29_fu_382_p2_inferred__0/i__carry__3/CO[3]
                         net (fo=1, unplaced)         0.000     5.865    bd_0_i/hls_inst/inst/grp_sobel_accel_Pipeline_ROW_LOOP_COL_LOOP_fu_106/icmp_ln29_fu_382_p2_inferred__0/i__carry__3_n_0
                         CARRY4 (Prop_carry4_CI_CO[1])
                                                      0.179     6.044 r  bd_0_i/hls_inst/inst/grp_sobel_accel_Pipeline_ROW_LOOP_COL_LOOP_fu_106/icmp_ln29_fu_382_p2_inferred__0/i__carry__4/CO[1]
                         net (fo=11, unplaced)        0.358     6.402    bd_0_i/hls_inst/inst/grp_sobel_accel_Pipeline_ROW_LOOP_COL_LOOP_fu_106/sobel_accel_stream_stream_axis_0_int_int_int_line_buf_U/CO[0]
                         LUT6 (Prop_lut6_I3_O)        0.332     6.734 f  bd_0_i/hls_inst/inst/grp_sobel_accel_Pipeline_ROW_LOOP_COL_LOOP_fu_106/sobel_accel_stream_stream_axis_0_int_int_int_line_buf_U/ram_reg_i_23/O
                         net (fo=13, unplaced)        0.499     7.233    bd_0_i/hls_inst/inst/grp_sobel_accel_Pipeline_ROW_LOOP_COL_LOOP_fu_106/flow_control_loop_pipe_sequential_init_U/ap_done_cache_reg_0
                         LUT3 (Prop_lut3_I1_O)        0.116     7.349 r  bd_0_i/hls_inst/inst/grp_sobel_accel_Pipeline_ROW_LOOP_COL_LOOP_fu_106/flow_control_loop_pipe_sequential_init_U/x_fu_146[10]_i_1/O
                         net (fo=133, unplaced)       0.883     8.232    bd_0_i/hls_inst/inst/grp_sobel_accel_Pipeline_ROW_LOOP_COL_LOOP_fu_106/reuse_reg37_fu_1342_out
                         FDRE                                         r  bd_0_i/hls_inst/inst/grp_sobel_accel_Pipeline_ROW_LOOP_COL_LOOP_fu_106/indvar_flatten_fu_154_reg[16]/R
  -------------------------------------------------------------------    -------------------

                         (clock ap_clk rise edge)    10.000    10.000 r  
                                                      0.000    10.000 r  ap_clk (IN)
                         net (fo=725, unset)          0.924    10.924    bd_0_i/hls_inst/inst/grp_sobel_accel_Pipeline_ROW_LOOP_COL_LOOP_fu_106/ap_clk
                         FDRE                                         r  bd_0_i/hls_inst/inst/grp_sobel_accel_Pipeline_ROW_LOOP_COL_LOOP_fu_106/indvar_flatten_fu_154_reg[16]/C
                         clock pessimism              0.000    10.924    
                         clock uncertainty           -0.035    10.889    
                         FDRE (Setup_fdre_C_R)       -0.524    10.365    bd_0_i/hls_inst/inst/grp_sobel_accel_Pipeline_ROW_LOOP_COL_LOOP_fu_106/indvar_flatten_fu_154_reg[16]
  -------------------------------------------------------------------
                         required time                         10.365    
                         arrival time                          -8.232    
  -------------------------------------------------------------------
                         slack                                  2.133    




