Copyright 1986-2022 Xilinx, Inc. All Rights Reserved. Copyright 2022-2024 Advanced Micro Devices, Inc. All Rights Reserved.
---------------------------------------------------------------------------------------------------------------------------------------------
| Tool Version : Vivado v.2024.1 (win64) Build 5076996 Wed May 22 18:37:14 MDT 2024
| Date         : Mon May 11 08:22:41 2026
| Host         : LAPTOP-SR42HQDM running 64-bit major release  (build 9200)
| Command      : report_timing_summary -file ./report/sobel_accel_timing_synth.rpt
| Design       : bd_0_wrapper
| Device       : 7z020-clg400
| Speed File   : -1  PRODUCTION 1.12 2019-11-22
| Design State : Synthesized
---------------------------------------------------------------------------------------------------------------------------------------------

Timing Summary Report

------------------------------------------------------------------------------------------------
| Timer Settings
| --------------
------------------------------------------------------------------------------------------------

  Enable Multi Corner Analysis               :  Yes
  Enable Pessimism Removal                   :  Yes
  Pessimism Removal Resolution               :  Nearest Common Node
  Enable Input Delay Default Clock           :  No
  Enable Preset / Clear Arcs                 :  No
  Disable Flight Delays                      :  No
  Ignore I/O Paths                           :  No
  Timing Early Launch at Borrowing Latches   :  No
  Borrow Time for Max Delay Exceptions       :  Yes
  Merge Timing Exceptions                    :  Yes
  Inter-SLR Compensation                     :  Conservative

  Corner  Analyze    Analyze    
  Name    Max Paths  Min Paths  
  ------  ---------  ---------  
  Slow    Yes        Yes        
  Fast    Yes        Yes        


------------------------------------------------------------------------------------------------
| Report Methodology
| ------------------
------------------------------------------------------------------------------------------------

No report available as report_methodology has not been run prior. Run report_methodology on the current design for the summary of methodology violations.



check_timing report

Table of Contents
-----------------
1. checking no_clock (0)
2. checking constant_clock (0)
3. checking pulse_width_clock (0)
4. checking unconstrained_internal_endpoints (0)
5. checking no_input_delay (63)
6. checking no_output_delay (50)
7. checking multiple_clock (0)
8. checking generated_clocks (0)
9. checking loops (0)
10. checking partial_input_delay (0)
11. checking partial_output_delay (0)
12. checking latch_loops (0)

1. checking no_clock (0)
------------------------
 There are 0 register/latch pins with no clock.


2. checking constant_clock (0)
------------------------------
 There are 0 register/latch pins with constant_clock.


3. checking pulse_width_clock (0)
---------------------------------
 There are 0 register/latch pins which need pulse_width check


4. checking unconstrained_internal_endpoints (0)
------------------------------------------------
 There are 0 pins that are not constrained for maximum delay.

 There are 0 pins that are not constrained for maximum delay due to constant clock.


5. checking no_input_delay (63)
-------------------------------
 There are 63 input ports with no input delay specified. (HIGH)

 There are 0 input ports with no input delay but user has a false path constraint.


6. checking no_output_delay (50)
--------------------------------
 There are 50 ports with no output delay specified. (HIGH)

 There are 0 ports with no output delay but user has a false path constraint

 There are 0 ports with no output delay but with a timing clock defined on it or propagating through it


7. checking multiple_clock (0)
------------------------------
 There are 0 register/latch pins with multiple clocks.


8. checking generated_clocks (0)
--------------------------------
 There are 0 generated clocks that are not connected to a clock source.


9. checking loops (0)
---------------------
 There are 0 combinational loops in the design.


10. checking partial_input_delay (0)
------------------------------------
 There are 0 input ports with partial input delay specified.


11. checking partial_output_delay (0)
-------------------------------------
 There are 0 ports with partial output delay specified.


12. checking latch_loops (0)
----------------------------
 There are 0 combinational latch loops in the design through latch input



------------------------------------------------------------------------------------------------
| Design Timing Summary
| ---------------------
------------------------------------------------------------------------------------------------

    WNS(ns)      TNS(ns)  TNS Failing Endpoints  TNS Total Endpoints      WHS(ns)      THS(ns)  THS Failing Endpoints  THS Total Endpoints     WPWS(ns)     TPWS(ns)  TPWS Failing Endpoints  TPWS Total Endpoints  
    -------      -------  ---------------------  -------------------      -------      -------  ---------------------  -------------------     --------     --------  ----------------------  --------------------  
      1.810        0.000                      0                 1825        0.191        0.000                      0                 1825        4.020        0.000                       0                   724  


All user specified timing constraints are met.


------------------------------------------------------------------------------------------------
| Clock Summary
| -------------
------------------------------------------------------------------------------------------------

Clock   Waveform(ns)       Period(ns)      Frequency(MHz)
-----   ------------       ----------      --------------
ap_clk  {0.000 5.000}      10.000          100.000         


------------------------------------------------------------------------------------------------
| Intra Clock Table
| -----------------
------------------------------------------------------------------------------------------------

Clock             WNS(ns)      TNS(ns)  TNS Failing Endpoints  TNS Total Endpoints      WHS(ns)      THS(ns)  THS Failing Endpoints  THS Total Endpoints     WPWS(ns)     TPWS(ns)  TPWS Failing Endpoints  TPWS Total Endpoints  
-----             -------      -------  ---------------------  -------------------      -------      -------  ---------------------  -------------------     --------     --------  ----------------------  --------------------  
ap_clk              1.810        0.000                      0                 1825        0.191        0.000                      0                 1825        4.020        0.000                       0                   724  


------------------------------------------------------------------------------------------------
| Inter Clock Table
| -----------------
------------------------------------------------------------------------------------------------

From Clock    To Clock          WNS(ns)      TNS(ns)  TNS Failing Endpoints  TNS Total Endpoints      WHS(ns)      THS(ns)  THS Failing Endpoints  THS Total Endpoints  
----------    --------          -------      -------  ---------------------  -------------------      -------      -------  ---------------------  -------------------  


------------------------------------------------------------------------------------------------
| Other Path Groups Table
| -----------------------
------------------------------------------------------------------------------------------------

Path Group    From Clock    To Clock          WNS(ns)      TNS(ns)  TNS Failing Endpoints  TNS Total Endpoints      WHS(ns)      THS(ns)  THS Failing Endpoints  THS Total Endpoints  
----------    ----------    --------          -------      -------  ---------------------  -------------------      -------      -------  ---------------------  -------------------  


------------------------------------------------------------------------------------------------
| Timing Details
| --------------
------------------------------------------------------------------------------------------------


---------------------------------------------------------------------------------------------------
From Clock:  ap_clk
  To Clock:  ap_clk

Setup :            0  Failing Endpoints,  Worst Slack        1.810ns,  Total Violation        0.000ns
Hold  :            0  Failing Endpoints,  Worst Slack        0.191ns,  Total Violation        0.000ns
PW    :            0  Failing Endpoints,  Worst Slack        4.020ns,  Total Violation        0.000ns
---------------------------------------------------------------------------------------------------


Max Delay Paths
--------------------------------------------------------------------------------------
Slack (MET) :             1.810ns  (required time - arrival time)
  Source:                 bd_0_i/hls_inst/inst/width_read_reg_194_reg[1]/C
                            (rising edge-triggered cell FDRE clocked by ap_clk  {rise@0.000ns fall@5.000ns period=10.000ns})
  Destination:            bd_0_i/hls_inst/inst/grp_sobel_accel_Pipeline_ROW_LOOP_COL_LOOP_fu_106/icmp_reg_1015_pp0_iter2_reg_reg[0]_srl2/D
                            (rising edge-triggered cell SRL16E clocked by ap_clk  {rise@0.000ns fall@5.000ns period=10.000ns})
  Path Group:             ap_clk
  Path Type:              Setup (Max at Slow Process Corner)
  Requirement:            10.000ns  (ap_clk rise@10.000ns - ap_clk rise@0.000ns)
  Data Path Delay:        8.062ns  (logic 3.674ns (45.572%)  route 4.388ns (54.428%))
  Logic Levels:           15  (CARRY4=10 LUT2=1 LUT3=1 LUT4=2 LUT5=1)
  Clock Path Skew:        -0.049ns (DCD - SCD + CPR)
    Destination Clock Delay (DCD):    0.924ns = ( 10.924 - 10.000 ) 
    Source Clock Delay      (SCD):    0.973ns
    Clock Pessimism Removal (CPR):    0.000ns
  Clock Uncertainty:      0.035ns  ((TSJ^2 + TIJ^2)^1/2 + DJ) / 2 + PE
    Total System Jitter     (TSJ):    0.071ns
    Total Input Jitter      (TIJ):    0.000ns
    Discrete Jitter          (DJ):    0.000ns
    Phase Error              (PE):    0.000ns

    Location             Delay type                Incr(ns)  Path(ns)    Netlist Resource(s)
  -------------------------------------------------------------------    -------------------
                         (clock ap_clk rise edge)     0.000     0.000 r  
                                                      0.000     0.000 r  ap_clk (IN)
                         net (fo=725, unset)          0.973     0.973    bd_0_i/hls_inst/inst/ap_clk
                         FDRE                                         r  bd_0_i/hls_inst/inst/width_read_reg_194_reg[1]/C
  -------------------------------------------------------------------    -------------------
                         FDRE (Prop_fdre_C_Q)         0.518     1.491 r  bd_0_i/hls_inst/inst/width_read_reg_194_reg[1]/Q
                         net (fo=8, unplaced)         0.779     2.270    bd_0_i/hls_inst/inst/grp_sobel_accel_Pipeline_ROW_LOOP_COL_LOOP_fu_106/icmp_ln30_1_fu_618_p2_carry__2_0[1]
                         LUT4 (Prop_lut4_I1_O)        0.319     2.589 r  bd_0_i/hls_inst/inst/grp_sobel_accel_Pipeline_ROW_LOOP_COL_LOOP_fu_106/icmp_ln30_fu_397_p2_carry_i_4/O
                         net (fo=1, unplaced)         0.000     2.589    bd_0_i/hls_inst/inst/grp_sobel_accel_Pipeline_ROW_LOOP_COL_LOOP_fu_106/icmp_ln30_fu_397_p2_carry_i_4_n_0
                         CARRY4 (Prop_carry4_DI[0]_CO[3])
                                                      0.576     3.165 r  bd_0_i/hls_inst/inst/grp_sobel_accel_Pipeline_ROW_LOOP_COL_LOOP_fu_106/icmp_ln30_fu_397_p2_carry/CO[3]
                         net (fo=1, unplaced)         0.009     3.174    bd_0_i/hls_inst/inst/grp_sobel_accel_Pipeline_ROW_LOOP_COL_LOOP_fu_106/icmp_ln30_fu_397_p2_carry_n_0
                         CARRY4 (Prop_carry4_CI_CO[3])
                                                      0.117     3.291 r  bd_0_i/hls_inst/inst/grp_sobel_accel_Pipeline_ROW_LOOP_COL_LOOP_fu_106/icmp_ln30_fu_397_p2_carry__0/CO[3]
                         net (fo=1, unplaced)         0.000     3.291    bd_0_i/hls_inst/inst/grp_sobel_accel_Pipeline_ROW_LOOP_COL_LOOP_fu_106/icmp_ln30_fu_397_p2_carry__0_n_0
                         CARRY4 (Prop_carry4_CI_CO[3])
                                                      0.117     3.408 r  bd_0_i/hls_inst/inst/grp_sobel_accel_Pipeline_ROW_LOOP_COL_LOOP_fu_106/icmp_ln30_fu_397_p2_carry__1/CO[3]
                         net (fo=1, unplaced)         0.000     3.408    bd_0_i/hls_inst/inst/grp_sobel_accel_Pipeline_ROW_LOOP_COL_LOOP_fu_106/icmp_ln30_fu_397_p2_carry__1_n_0
                         CARRY4 (Prop_carry4_CI_CO[3])
                                                      0.117     3.525 r  bd_0_i/hls_inst/inst/grp_sobel_accel_Pipeline_ROW_LOOP_COL_LOOP_fu_106/icmp_ln30_fu_397_p2_carry__2/CO[3]
                         net (fo=34, unplaced)        0.991     4.516    bd_0_i/hls_inst/inst/grp_sobel_accel_Pipeline_ROW_LOOP_COL_LOOP_fu_106/icmp_ln30_fu_397_p2_carry__2_n_0
                         LUT2 (Prop_lut2_I1_O)        0.124     4.640 r  bd_0_i/hls_inst/inst/grp_sobel_accel_Pipeline_ROW_LOOP_COL_LOOP_fu_106/cmp105_fu_460_p2_carry_i_8/O
                         net (fo=1, unplaced)         0.000     4.640    bd_0_i/hls_inst/inst/grp_sobel_accel_Pipeline_ROW_LOOP_COL_LOOP_fu_106/cmp105_fu_460_p2_carry_i_8_n_0
                         CARRY4 (Prop_carry4_S[0]_CO[3])
                                                      0.513     5.153 r  bd_0_i/hls_inst/inst/grp_sobel_accel_Pipeline_ROW_LOOP_COL_LOOP_fu_106/cmp105_fu_460_p2_carry_i_7/CO[3]
                         net (fo=1, unplaced)         0.009     5.162    bd_0_i/hls_inst/inst/grp_sobel_accel_Pipeline_ROW_LOOP_COL_LOOP_fu_106/cmp105_fu_460_p2_carry_i_7_n_0
                         CARRY4 (Prop_carry4_CI_CO[3])
                                                      0.117     5.279 r  bd_0_i/hls_inst/inst/grp_sobel_accel_Pipeline_ROW_LOOP_COL_LOOP_fu_106/cmp105_fu_460_p2_carry_i_6/CO[3]
                         net (fo=1, unplaced)         0.000     5.279    bd_0_i/hls_inst/inst/grp_sobel_accel_Pipeline_ROW_LOOP_COL_LOOP_fu_106/cmp105_fu_460_p2_carry_i_6_n_0
                         CARRY4 (Prop_carry4_CI_CO[3])
                                                      0.117     5.396 r  bd_0_i/hls_inst/inst/grp_sobel_accel_Pipeline_ROW_LOOP_COL_LOOP_fu_106/cmp105_fu_460_p2_carry_i_5/CO[3]
                         net (fo=1, unplaced)         0.000     5.396    bd_0_i/hls_inst/inst/grp_sobel_accel_Pipeline_ROW_LOOP_COL_LOOP_fu_106/cmp105_fu_460_p2_carry_i_5_n_0
                         CARRY4 (Prop_carry4_CI_CO[3])
                                                      0.117     5.513 r  bd_0_i/hls_inst/inst/grp_sobel_accel_Pipeline_ROW_LOOP_COL_LOOP_fu_106/cmp105_fu_460_p2_carry__0_i_7/CO[3]
                         net (fo=1, unplaced)         0.000     5.513    bd_0_i/hls_inst/inst/grp_sobel_accel_Pipeline_ROW_LOOP_COL_LOOP_fu_106/cmp105_fu_460_p2_carry__0_i_7_n_0
                         CARRY4 (Prop_carry4_CI_CO[3])
                                                      0.117     5.630 r  bd_0_i/hls_inst/inst/grp_sobel_accel_Pipeline_ROW_LOOP_COL_LOOP_fu_106/cmp105_fu_460_p2_carry__0_i_6/CO[3]
                         net (fo=1, unplaced)         0.000     5.630    bd_0_i/hls_inst/inst/grp_sobel_accel_Pipeline_ROW_LOOP_COL_LOOP_fu_106/cmp105_fu_460_p2_carry__0_i_6_n_0
                         CARRY4 (Prop_carry4_CI_O[2])
                                                      0.256     5.886 r  bd_0_i/hls_inst/inst/grp_sobel_accel_Pipeline_ROW_LOOP_COL_LOOP_fu_106/cmp105_fu_460_p2_carry__0_i_5/O[2]
                         net (fo=2, unplaced)         0.916     6.802    bd_0_i/hls_inst/inst/grp_sobel_accel_Pipeline_ROW_LOOP_COL_LOOP_fu_106/select_ln29_1_fu_422_p3[22]
                         LUT4 (Prop_lut4_I2_O)        0.301     7.103 r  bd_0_i/hls_inst/inst/grp_sobel_accel_Pipeline_ROW_LOOP_COL_LOOP_fu_106/icmp_reg_1015_pp0_iter2_reg_reg[0]_srl2_i_5/O
                         net (fo=1, unplaced)         0.449     7.552    bd_0_i/hls_inst/inst/grp_sobel_accel_Pipeline_ROW_LOOP_COL_LOOP_fu_106/icmp_reg_1015_pp0_iter2_reg_reg[0]_srl2_i_5_n_0
                         LUT5 (Prop_lut5_I4_O)        0.124     7.676 r  bd_0_i/hls_inst/inst/grp_sobel_accel_Pipeline_ROW_LOOP_COL_LOOP_fu_106/icmp_reg_1015_pp0_iter2_reg_reg[0]_srl2_i_2/O
                         net (fo=1, unplaced)         0.902     8.578    bd_0_i/hls_inst/inst/grp_sobel_accel_Pipeline_ROW_LOOP_COL_LOOP_fu_106/icmp_reg_1015_pp0_iter2_reg_reg[0]_srl2_i_2_n_0
                         LUT3 (Prop_lut3_I0_O)        0.124     8.702 r  bd_0_i/hls_inst/inst/grp_sobel_accel_Pipeline_ROW_LOOP_COL_LOOP_fu_106/icmp_reg_1015_pp0_iter2_reg_reg[0]_srl2_i_1/O
                         net (fo=1, unplaced)         0.333     9.035    bd_0_i/hls_inst/inst/grp_sobel_accel_Pipeline_ROW_LOOP_COL_LOOP_fu_106/icmp_fu_454_p2
                         SRL16E                                       r  bd_0_i/hls_inst/inst/grp_sobel_accel_Pipeline_ROW_LOOP_COL_LOOP_fu_106/icmp_reg_1015_pp0_iter2_reg_reg[0]_srl2/D
  -------------------------------------------------------------------    -------------------

                         (clock ap_clk rise edge)    10.000    10.000 r  
                                                      0.000    10.000 r  ap_clk (IN)
                         net (fo=725, unset)          0.924    10.924    bd_0_i/hls_inst/inst/grp_sobel_accel_Pipeline_ROW_LOOP_COL_LOOP_fu_106/ap_clk
                         SRL16E                                       r  bd_0_i/hls_inst/inst/grp_sobel_accel_Pipeline_ROW_LOOP_COL_LOOP_fu_106/icmp_reg_1015_pp0_iter2_reg_reg[0]_srl2/CLK
                         clock pessimism              0.000    10.924    
                         clock uncertainty           -0.035    10.889    
                         SRL16E (Setup_srl16e_CLK_D)
                                                     -0.044    10.845    bd_0_i/hls_inst/inst/grp_sobel_accel_Pipeline_ROW_LOOP_COL_LOOP_fu_106/icmp_reg_1015_pp0_iter2_reg_reg[0]_srl2
  -------------------------------------------------------------------
                         required time                         10.845    
                         arrival time                          -9.035    
  -------------------------------------------------------------------
                         slack                                  1.810    





Min Delay Paths
--------------------------------------------------------------------------------------
Slack (MET) :             0.191ns  (arrival time - required time)
  Source:                 bd_0_i/hls_inst/inst/grp_sobel_accel_Pipeline_ROW_LOOP_COL_LOOP_fu_106/y_fu_150_reg[0]/C
                            (rising edge-triggered cell FDRE clocked by ap_clk  {rise@0.000ns fall@5.000ns period=10.000ns})
  Destination:            bd_0_i/hls_inst/inst/grp_sobel_accel_Pipeline_ROW_LOOP_COL_LOOP_fu_106/y_fu_150_reg[1]/D
                            (rising edge-triggered cell FDRE clocked by ap_clk  {rise@0.000ns fall@5.000ns period=10.000ns})
  Path Group:             ap_clk
  Path Type:              Hold (Min at Fast Process Corner)
  Requirement:            0.000ns  (ap_clk rise@0.000ns - ap_clk rise@0.000ns)
  Data Path Delay:        0.347ns  (logic 0.256ns (73.765%)  route 0.091ns (26.235%))
  Logic Levels:           1  (CARRY4=1)
  Clock Path Skew:        0.022ns (DCD - SCD - CPR)
    Destination Clock Delay (DCD):    0.432ns
    Source Clock Delay      (SCD):    0.410ns
    Clock Pessimism Removal (CPR):    -0.000ns

    Location             Delay type                Incr(ns)  Path(ns)    Netlist Resource(s)
  -------------------------------------------------------------------    -------------------
                         (clock ap_clk rise edge)     0.000     0.000 r  
                                                      0.000     0.000 r  ap_clk (IN)
                         net (fo=725, unset)          0.410     0.410    bd_0_i/hls_inst/inst/grp_sobel_accel_Pipeline_ROW_LOOP_COL_LOOP_fu_106/ap_clk
                         FDRE                                         r  bd_0_i/hls_inst/inst/grp_sobel_accel_Pipeline_ROW_LOOP_COL_LOOP_fu_106/y_fu_150_reg[0]/C
  -------------------------------------------------------------------    -------------------
                         FDRE (Prop_fdre_C_Q)         0.164     0.574 r  bd_0_i/hls_inst/inst/grp_sobel_accel_Pipeline_ROW_LOOP_COL_LOOP_fu_106/y_fu_150_reg[0]/Q
                         net (fo=4, unplaced)         0.091     0.665    bd_0_i/hls_inst/inst/grp_sobel_accel_Pipeline_ROW_LOOP_COL_LOOP_fu_106/y_fu_150_reg[0]
                         CARRY4 (Prop_carry4_DI[0]_O[1])
                                                      0.092     0.757 r  bd_0_i/hls_inst/inst/grp_sobel_accel_Pipeline_ROW_LOOP_COL_LOOP_fu_106/y_fu_150_reg[0]_i_1/O[1]
                         net (fo=1, unplaced)         0.000     0.757    bd_0_i/hls_inst/inst/grp_sobel_accel_Pipeline_ROW_LOOP_COL_LOOP_fu_106/y_fu_150_reg[0]_i_1_n_6
                         FDRE                                         r  bd_0_i/hls_inst/inst/grp_sobel_accel_Pipeline_ROW_LOOP_COL_LOOP_fu_106/y_fu_150_reg[1]/D
  -------------------------------------------------------------------    -------------------

                         (clock ap_clk rise edge)     0.000     0.000 r  
                                                      0.000     0.000 r  ap_clk (IN)
                         net (fo=725, unset)          0.432     0.432    bd_0_i/hls_inst/inst/grp_sobel_accel_Pipeline_ROW_LOOP_COL_LOOP_fu_106/ap_clk
                         FDRE                                         r  bd_0_i/hls_inst/inst/grp_sobel_accel_Pipeline_ROW_LOOP_COL_LOOP_fu_106/y_fu_150_reg[1]/C
                         clock pessimism              0.000     0.432    
                         FDRE (Hold_fdre_C_D)         0.134     0.566    bd_0_i/hls_inst/inst/grp_sobel_accel_Pipeline_ROW_LOOP_COL_LOOP_fu_106/y_fu_150_reg[1]
  -------------------------------------------------------------------
                         required time                         -0.566    
                         arrival time                           0.757    
  -------------------------------------------------------------------
                         slack                                  0.191    





Pulse Width Checks
--------------------------------------------------------------------------------------
Clock Name:         ap_clk
Waveform(ns):       { 0.000 5.000 }
Period(ns):         10.000
Sources:            { ap_clk }

Check Type        Corner  Lib Pin      Reference Pin  Required(ns)  Actual(ns)  Slack(ns)  Location  Pin
Min Period        n/a     DSP48E1/CLK  n/a            3.884         10.000      6.116                bd_0_i/hls_inst/inst/mul_ln6_reg_207_reg/CLK
Low Pulse Width   Slow    SRL16E/CLK   n/a            0.980         5.000       4.020                bd_0_i/hls_inst/inst/grp_sobel_accel_Pipeline_ROW_LOOP_COL_LOOP_fu_106/curr_pixel_user_reg_1030_pp0_iter2_reg_reg[0]_srl2/CLK
High Pulse Width  Slow    SRL16E/CLK   n/a            0.980         5.000       4.020                bd_0_i/hls_inst/inst/grp_sobel_accel_Pipeline_ROW_LOOP_COL_LOOP_fu_106/curr_pixel_user_reg_1030_pp0_iter2_reg_reg[0]_srl2/CLK



