Copyright 1986-2022 Xilinx, Inc. All Rights Reserved. Copyright 2022-2024 Advanced Micro Devices, Inc. All Rights Reserved.
---------------------------------------------------------------------------------------------------------------------------------------------
| Tool Version : Vivado v.2024.1 (win64) Build 5076996 Wed May 22 18:37:14 MDT 2024
| Date         : Mon May 11 08:22:41 2026
| Host         : LAPTOP-SR42HQDM running 64-bit major release  (build 9200)
| Command      : report_design_analysis -file ./report/sobel_accel_design_analysis_synth.rpt
| Design       : bd_0_wrapper
| Device       : xc7z020
| Design State : Synthesized
---------------------------------------------------------------------------------------------------------------------------------------------

Report Design Analysis

Table of Contents
-----------------
1. Setup Path Characteristics 1-1
2. Logic Level Distribution
3. Placer Final Level Congestion Reporting
4. SLR Net Crossing Reporting

1. Setup Path Characteristics 1-1
---------------------------------

+---------------------------+----------------------------------------------------------------------------------------------------------------------------------------+
|      Characteristics      |                                                                 Path #1                                                                |
+---------------------------+----------------------------------------------------------------------------------------------------------------------------------------+
| Requirement               | 10.000                                                                                                                                 |
| Path Delay                | 8.062                                                                                                                                  |
| Logic Delay               | 3.674(46%)                                                                                                                             |
| Net Delay                 | 4.388(54%)                                                                                                                             |
| Clock Skew                | -0.049                                                                                                                                 |
| Slack                     | 1.810                                                                                                                                  |
| Clock Uncertainty         | 0.035                                                                                                                                  |
| Clock Relationship        | Safely Timed                                                                                                                           |
| Clock Delay Group         | Same Clock                                                                                                                             |
| Logic Levels              | 15                                                                                                                                     |
| Routes                    | NA                                                                                                                                     |
| Logical Path              | FDRE/C-(8)-LUT4-(1)-CARRY4-CARRY4-CARRY4-CARRY4-LUT2-(1)-CARRY4-CARRY4-CARRY4-CARRY4-CARRY4-CARRY4-LUT4-(1)-LUT5-(1)-LUT3-(1)-SRL16E/D |
| Start Point Clock         | ap_clk                                                                                                                                 |
| End Point Clock           | ap_clk                                                                                                                                 |
| DSP Block                 | None                                                                                                                                   |
| RAM Registers             | None-None                                                                                                                              |
| IO Crossings              | 0                                                                                                                                      |
| Config Crossings          | 0                                                                                                                                      |
| SLR Crossings             | 0                                                                                                                                      |
| PBlocks                   | 0                                                                                                                                      |
| High Fanout               | 8                                                                                                                                      |
| Dont Touch                | 0                                                                                                                                      |
| Mark Debug                | 0                                                                                                                                      |
| Start Point Pin Primitive | FDRE/C                                                                                                                                 |
| End Point Pin Primitive   | SRL16E/D                                                                                                                               |
| Start Point Pin           | width_read_reg_194_reg[1]/C                                                                                                            |
| End Point Pin             | icmp_reg_1015_pp0_iter2_reg_reg[0]_srl2/D                                                                                              |
+---------------------------+----------------------------------------------------------------------------------------------------------------------------------------+
* Bounding box calculated as % of dimensions for the target device (308, 299)


2. Logic Level Distribution
---------------------------

+-----------------+-------------+-----+-----+---+---+---+----+----+----+---+----+----+----+----+----+-----+-----+----+
| End Point Clock | Requirement |  0  |  1  | 3 | 4 | 5 |  6 |  7 |  8 | 9 | 10 | 11 | 12 | 13 | 14 |  15 |  16 | 17 |
+-----------------+-------------+-----+-----+---+---+---+----+----+----+---+----+----+----+----+----+-----+-----+----+
| ap_clk          | 10.000ns    | 130 | 170 | 1 | 4 | 9 | 67 | 24 | 19 | 8 |  8 |  8 |  8 |  9 |  8 | 213 | 313 |  1 |
+-----------------+-------------+-----+-----+---+---+---+----+----+----+---+----+----+----+----+----+-----+-----+----+
* Columns represent the logic levels per end point clock
** Distribution is for top worst 1000 paths


3. Placer Final Level Congestion Reporting
------------------------------------------

+-----------+------+-------+------------+--------+---------------+---------------+-----+--------+------+------+------+-----+-------+-----+------------+
| Direction | Type | Level | Congestion | Window | Combined LUTs | Avg LUT Input | LUT | LUTRAM | Flop | MUXF | RAMB | DSP | CARRY | SRL | Cell Names |
+-----------+------+-------+------------+--------+---------------+---------------+-----+--------+------+------+------+-----+-------+-----+------------+
* The design has not been placed, hence congestion data is not available. The command report_design_analysis -congestion should be run only after place_design has completed.


4. SLR Net Crossing Reporting
-----------------------------

+------------+-----------------------------+
| Cell Names | Number of Nets crossing SLR |
+------------+-----------------------------+
* The current part is not an SSI device


