

================================================================
== Vitis HLS Report for 'sobel_core'
================================================================
* Date:           Sun May 10 00:38:21 2026

* Version:        2025.2 (Build 6295257 on Nov 12 2025)
* Project:        sobel_top
* Solution:       hls (Vivado IP Flow Target)
* Product family: zynq
* Target device:  xc7z020-clg400-1


================================================================
== Performance Estimates
================================================================
+ Timing: 
    * Summary: 
    +--------+---------+----------+------------+
    |  Clock |  Target | Estimated| Uncertainty|
    +--------+---------+----------+------------+
    |ap_clk  |  8.00 ns|  5.799 ns|     2.16 ns|
    +--------+---------+----------+------------+

+ Latency: 
    * Summary: 
    +---------+---------+----------+-----------+-----+---------+---------+
    |  Latency (cycles) |  Latency (absolute)  |    Interval   | Pipeline|
    |   min   |   max   |    min   |    max    | min |   max   |   Type  |
    +---------+---------+----------+-----------+-----+---------+---------+
    |        1|  3688334|  8.000 ns|  29.507 ms|    1|  3688334|       no|
    +---------+---------+----------+-----------+-----+---------+---------+

    + Detail: 
        * Instance: 
        N/A

        * Loop: 
        N/A

============================================================
+ Verbose Summary: Synthesis Manager
============================================================
InlineROM: 1
ExposeGlobal: 0
============================================================
+ Verbose Summary: CDFG Model
============================================================
IsTopModel: 0
ResetActiveHigh: 1
IsCombinational: 0
IsDatapathOnly: 0
HasWiredReturn: 1
HasMFsm: 0
HasVarLatency: 1
IsPipeline: 0
IsRtlPipelined: 0
IsInstanceOverlapped: 0
IsDontTouch: 0
HasImplIP: 0
IsGatedGlobalClock: 0


============================================================
+ Verbose Summary: Schedule
============================================================
* Number of FSM states : 5
* Pipeline : 0
* Dataflow Pipeline: 0

* FSM state transitions: 
1 --> 5 2 
2 --> 3 
3 --> 4 
4 --> 5 
5 --> 

* FSM state operations: 

State 1 <SV = 0> <Delay = 3.53>
ST_1 : Operation 6 [1/1] (0.00ns)   --->   "%height_read = read i32 @_ssdm_op_Read.ap_auto.i32, i32 %height"   --->   Operation 6 'read' 'height_read' <Predicate = true> <Delay = 0.00>
ST_1 : Operation 7 [1/1] (0.00ns)   --->   "%width_read = read i32 @_ssdm_op_Read.ap_auto.i32, i32 %width"   --->   Operation 7 'read' 'width_read' <Predicate = true> <Delay = 0.00>
ST_1 : Operation 8 [1/1] (0.00ns)   --->   "%empty = trunc i32 %width_read"   --->   Operation 8 'trunc' 'empty' <Predicate = true> <Delay = 0.00>
ST_1 : Operation 9 [1/1] (0.00ns)   --->   "%empty_18 = trunc i32 %height_read"   --->   Operation 9 'trunc' 'empty_18' <Predicate = true> <Delay = 0.00>
ST_1 : Operation 10 [1/1] (0.00ns)   --->   "%specaxissidechannel_ln0 = specaxissidechannel void @_ssdm_op_SpecAXISSideChannel, i8 %out_stream_V_data_V, i1 %out_stream_V_keep_V, i1 %out_stream_V_strb_V, i1 %out_stream_V_user_V, i1 %out_stream_V_last_V, i1 %out_stream_V_id_V, i1 %out_stream_V_dest_V, void @empty_7"   --->   Operation 10 'specaxissidechannel' 'specaxissidechannel_ln0' <Predicate = true> <Delay = 0.00>
ST_1 : Operation 11 [1/1] (0.00ns)   --->   "%specaxissidechannel_ln0 = specaxissidechannel void @_ssdm_op_SpecAXISSideChannel, i8 %in_stream_V_data_V, i1 %in_stream_V_keep_V, i1 %in_stream_V_strb_V, i1 %in_stream_V_user_V, i1 %in_stream_V_last_V, i1 %in_stream_V_id_V, i1 %in_stream_V_dest_V, void @empty_8"   --->   Operation 11 'specaxissidechannel' 'specaxissidechannel_ln0' <Predicate = true> <Delay = 0.00>
ST_1 : Operation 12 [1/1] (0.00ns)   --->   "%specinterface_ln0 = specinterface void @_ssdm_op_SpecInterface, i1 %out_stream_V_dest_V, i1 %out_stream_V_id_V, i1 %out_stream_V_last_V, i1 %out_stream_V_user_V, i1 %out_stream_V_strb_V, i1 %out_stream_V_keep_V, i8 %out_stream_V_data_V, void @empty, i32 0, i32 0, void @empty_0, i32 0, i32 0, void @empty_1, void @empty_1, void @empty_1, i32 0, i32 0, i32 0, i32 0, void @empty_1, void @empty_1, i32 4294967295, i32 0, i32 0, i32 0"   --->   Operation 12 'specinterface' 'specinterface_ln0' <Predicate = true> <Delay = 0.00>
ST_1 : Operation 13 [1/1] (0.00ns)   --->   "%specinterface_ln0 = specinterface void @_ssdm_op_SpecInterface, i1 %in_stream_V_dest_V, i1 %in_stream_V_id_V, i1 %in_stream_V_last_V, i1 %in_stream_V_user_V, i1 %in_stream_V_strb_V, i1 %in_stream_V_keep_V, i8 %in_stream_V_data_V, void @empty, i32 0, i32 0, void @empty_0, i32 0, i32 0, void @empty_1, void @empty_1, void @empty_1, i32 0, i32 0, i32 0, i32 0, void @empty_1, void @empty_1, i32 4294967295, i32 0, i32 0, i32 0"   --->   Operation 13 'specinterface' 'specinterface_ln0' <Predicate = true> <Delay = 0.00>
ST_1 : Operation 14 [1/1] (0.00ns)   --->   "%linebuf0 = alloca i64 1" [../src/sobel_core.cpp:22]   --->   Operation 14 'alloca' 'linebuf0' <Predicate = true> <Delay = 0.00> <CoreInst = "RAM_2P_BRAM">   --->   Core 90 'RAM_2P_BRAM' <Latency = 1> <II = 1> <Delay = 3.25> <Storage> <Opcode : 'load' 'store'> <Ports = 2> <Width = 8> <Depth = 1920> <RAM>
ST_1 : Operation 15 [1/1] (0.00ns)   --->   "%linebuf1 = alloca i64 1" [../src/sobel_core.cpp:23]   --->   Operation 15 'alloca' 'linebuf1' <Predicate = true> <Delay = 0.00> <CoreInst = "RAM_2P_BRAM">   --->   Core 90 'RAM_2P_BRAM' <Latency = 1> <II = 1> <Delay = 3.25> <Storage> <Opcode : 'load' 'store'> <Ports = 2> <Width = 8> <Depth = 1920> <RAM>
ST_1 : Operation 16 [1/1] (2.55ns)   --->   "%icmp_ln19 = icmp_slt  i32 %width_read, i32 1" [../src/sobel_core.cpp:19]   --->   Operation 16 'icmp' 'icmp_ln19' <Predicate = true> <Delay = 2.55> <CoreInst = "Cmp">   --->   Core 9 'Cmp' <Latency = 0> <II = 1> <Delay = 2.55> <FuncUnit> <Opcode : 'seteq' 'setne' 'setle' 'setge' 'setlt' 'setgt'> <InPorts = 2> <OutPorts = 1>
ST_1 : Operation 17 [1/1] (2.55ns)   --->   "%icmp_ln19_1 = icmp_slt  i32 %height_read, i32 1" [../src/sobel_core.cpp:19]   --->   Operation 17 'icmp' 'icmp_ln19_1' <Predicate = true> <Delay = 2.55> <CoreInst = "Cmp">   --->   Core 9 'Cmp' <Latency = 0> <II = 1> <Delay = 2.55> <FuncUnit> <Opcode : 'seteq' 'setne' 'setle' 'setge' 'setlt' 'setgt'> <InPorts = 2> <OutPorts = 1>
ST_1 : Operation 18 [1/1] (0.97ns)   --->   "%or_ln19 = or i1 %icmp_ln19, i1 %icmp_ln19_1" [../src/sobel_core.cpp:19]   --->   Operation 18 'or' 'or_ln19' <Predicate = true> <Delay = 0.97> <CoreInst = "LogicGate">   --->   Core 74 'LogicGate' <Latency = 0> <II = 1> <Delay = 0.97> <FuncUnit> <Opcode : 'and' 'or' 'xor'> <InPorts = 2> <OutPorts = 1>
ST_1 : Operation 19 [1/1] (0.00ns)   --->   "%br_ln19 = br i1 %or_ln19, void %if.end, void %return" [../src/sobel_core.cpp:19]   --->   Operation 19 'br' 'br_ln19' <Predicate = true> <Delay = 0.00>
ST_1 : Operation 20 [1/1] (2.55ns)   --->   "%icmp_ln20 = icmp_sgt  i32 %width_read, i32 1920" [../src/sobel_core.cpp:20]   --->   Operation 20 'icmp' 'icmp_ln20' <Predicate = (!or_ln19)> <Delay = 2.55> <CoreInst = "Cmp">   --->   Core 9 'Cmp' <Latency = 0> <II = 1> <Delay = 2.55> <FuncUnit> <Opcode : 'seteq' 'setne' 'setle' 'setge' 'setlt' 'setgt'> <InPorts = 2> <OutPorts = 1>
ST_1 : Operation 21 [1/1] (2.55ns)   --->   "%icmp_ln20_1 = icmp_sgt  i32 %height_read, i32 1920" [../src/sobel_core.cpp:20]   --->   Operation 21 'icmp' 'icmp_ln20_1' <Predicate = (!or_ln19)> <Delay = 2.55> <CoreInst = "Cmp">   --->   Core 9 'Cmp' <Latency = 0> <II = 1> <Delay = 2.55> <FuncUnit> <Opcode : 'seteq' 'setne' 'setle' 'setge' 'setlt' 'setgt'> <InPorts = 2> <OutPorts = 1>
ST_1 : Operation 22 [1/1] (0.97ns)   --->   "%or_ln20 = or i1 %icmp_ln20, i1 %icmp_ln20_1" [../src/sobel_core.cpp:20]   --->   Operation 22 'or' 'or_ln20' <Predicate = (!or_ln19)> <Delay = 0.97> <CoreInst = "LogicGate">   --->   Core 74 'LogicGate' <Latency = 0> <II = 1> <Delay = 0.97> <FuncUnit> <Opcode : 'and' 'or' 'xor'> <InPorts = 2> <OutPorts = 1>
ST_1 : Operation 23 [1/1] (0.00ns)   --->   "%br_ln20 = br i1 %or_ln20, void %if.end6, void %return" [../src/sobel_core.cpp:20]   --->   Operation 23 'br' 'br_ln20' <Predicate = (!or_ln19)> <Delay = 0.00>

State 2 <SV = 1> <Delay = 3.22>
ST_2 : Operation 24 [2/2] (3.22ns)   --->   "%call_ln0 = call void @sobel_core_Pipeline_init_linebuf, i11 %empty, i8 %linebuf0, i8 %linebuf1"   --->   Operation 24 'call' 'call_ln0' <Predicate = true> <Delay = 3.22> <CoreType = "Generic">   --->   Generic Core

State 3 <SV = 2> <Delay = 5.63>
ST_3 : Operation 25 [1/2] (4.81ns)   --->   "%call_ln0 = call void @sobel_core_Pipeline_init_linebuf, i11 %empty, i8 %linebuf0, i8 %linebuf1"   --->   Operation 25 'call' 'call_ln0' <Predicate = true> <Delay = 4.81> <CoreType = "Generic">   --->   Generic Core
ST_3 : Operation 26 [1/1] (0.00ns)   --->   "%zext_ln95 = zext i11 %empty_18" [../src/sobel_core.cpp:95]   --->   Operation 26 'zext' 'zext_ln95' <Predicate = true> <Delay = 0.00>
ST_3 : Operation 27 [1/1] (0.00ns)   --->   "%zext_ln95_1 = zext i11 %empty" [../src/sobel_core.cpp:95]   --->   Operation 27 'zext' 'zext_ln95_1' <Predicate = true> <Delay = 0.00>
ST_3 : Operation 28 [1/1] (5.63ns)   --->   "%mul_ln95 = mul i22 %zext_ln95, i22 %zext_ln95_1" [../src/sobel_core.cpp:95]   --->   Operation 28 'mul' 'mul_ln95' <Predicate = true> <Delay = 5.63> <CoreInst = "Multiplier">   --->   Core 3 'Multiplier' <Latency = 0> <II = 1> <Delay = 5.63> <FuncUnit> <Opcode : 'mul'> <InPorts = 2> <OutPorts = 1>

State 4 <SV = 3> <Delay = 5.48>
ST_4 : Operation 29 [1/1] (1.63ns)   --->   "%add_ln95 = add i11 %empty_18, i11 2047" [../src/sobel_core.cpp:95]   --->   Operation 29 'add' 'add_ln95' <Predicate = true> <Delay = 1.63> <CoreInst = "Adder">   --->   Core 1 'Adder' <Latency = 0> <II = 1> <Delay = 1.63> <FuncUnit> <Opcode : 'add' 'sub'> <InPorts = 2> <OutPorts = 1>
ST_4 : Operation 30 [1/1] (1.63ns)   --->   "%add_ln51 = add i11 %empty, i11 2047" [../src/sobel_core.cpp:51]   --->   Operation 30 'add' 'add_ln51' <Predicate = true> <Delay = 1.63> <CoreInst = "Adder">   --->   Core 1 'Adder' <Latency = 0> <II = 1> <Delay = 1.63> <FuncUnit> <Opcode : 'add' 'sub'> <InPorts = 2> <OutPorts = 1>
ST_4 : Operation 31 [2/2] (3.84ns)   --->   "%call_ln95 = call void @sobel_core_Pipeline_row_loop_col_loop, i11 %empty, i22 %mul_ln95, i11 %empty, i11 %add_ln95, i8 %in_stream_V_data_V, i1 %in_stream_V_keep_V, i1 %in_stream_V_strb_V, i1 %in_stream_V_user_V, i1 %in_stream_V_last_V, i1 %in_stream_V_id_V, i1 %in_stream_V_dest_V, i8 %linebuf0, i8 %linebuf1, i11 %add_ln51, i8 %out_stream_V_data_V, i1 %out_stream_V_keep_V, i1 %out_stream_V_strb_V, i1 %out_stream_V_user_V, i1 %out_stream_V_last_V, i1 %out_stream_V_id_V, i1 %out_stream_V_dest_V" [../src/sobel_core.cpp:95]   --->   Operation 31 'call' 'call_ln95' <Predicate = true> <Delay = 3.84> <CoreType = "Generic">   --->   Generic Core

State 5 <SV = 4> <Delay = 2.82>
ST_5 : Operation 32 [1/1] (0.00ns)   --->   "%specmemcore_ln25 = specmemcore void @_ssdm_op_SpecMemCore, i8 %linebuf0, i64 666, i64 22, i64 18446744073709551615, i1 0" [../src/sobel_core.cpp:25]   --->   Operation 32 'specmemcore' 'specmemcore_ln25' <Predicate = (!or_ln19 & !or_ln20)> <Delay = 0.00>
ST_5 : Operation 33 [1/1] (0.00ns)   --->   "%specmemcore_ln26 = specmemcore void @_ssdm_op_SpecMemCore, i8 %linebuf1, i64 666, i64 22, i64 18446744073709551615, i1 0" [../src/sobel_core.cpp:26]   --->   Operation 33 'specmemcore' 'specmemcore_ln26' <Predicate = (!or_ln19 & !or_ln20)> <Delay = 0.00>
ST_5 : Operation 34 [1/2] (2.82ns)   --->   "%call_ln95 = call void @sobel_core_Pipeline_row_loop_col_loop, i11 %empty, i22 %mul_ln95, i11 %empty, i11 %add_ln95, i8 %in_stream_V_data_V, i1 %in_stream_V_keep_V, i1 %in_stream_V_strb_V, i1 %in_stream_V_user_V, i1 %in_stream_V_last_V, i1 %in_stream_V_id_V, i1 %in_stream_V_dest_V, i8 %linebuf0, i8 %linebuf1, i11 %add_ln51, i8 %out_stream_V_data_V, i1 %out_stream_V_keep_V, i1 %out_stream_V_strb_V, i1 %out_stream_V_user_V, i1 %out_stream_V_last_V, i1 %out_stream_V_id_V, i1 %out_stream_V_dest_V" [../src/sobel_core.cpp:95]   --->   Operation 34 'call' 'call_ln95' <Predicate = (!or_ln19 & !or_ln20)> <Delay = 2.82> <CoreType = "Generic">   --->   Generic Core
ST_5 : Operation 35 [1/1] (0.00ns)   --->   "%br_ln0 = br void %return"   --->   Operation 35 'br' 'br_ln0' <Predicate = (!or_ln19 & !or_ln20)> <Delay = 0.00>
ST_5 : Operation 36 [1/1] (0.00ns)   --->   "%ret_ln102 = ret" [../src/sobel_core.cpp:102]   --->   Operation 36 'ret' 'ret_ln102' <Predicate = true> <Delay = 0.00>


============================================================
+ Verbose Summary: Timing violations
============================================================
Target clock period: 8.000ns, clock uncertainty: 2.160ns.

 <State 1>: 3.530ns
The critical path consists of the following:
	wire read operation ('height_read') on port 'height' [17]  (0.000 ns)
	'icmp' operation 1 bit ('icmp_ln20_1', ../src/sobel_core.cpp:20) [33]  (2.552 ns)
	'or' operation 1 bit ('or_ln20', ../src/sobel_core.cpp:20) [34]  (0.978 ns)

 <State 2>: 3.227ns
The critical path consists of the following:
	'call' operation ('call_ln0') to 'sobel_core_Pipeline_init_linebuf' [39]  (3.227 ns)

 <State 3>: 5.630ns
The critical path consists of the following:
	'mul' operation 22 bit ('mul_ln95', ../src/sobel_core.cpp:95) [44]  (5.630 ns)

 <State 4>: 5.482ns
The critical path consists of the following:
	'add' operation 11 bit ('add_ln95', ../src/sobel_core.cpp:95) [40]  (1.639 ns)
	'call' operation ('call_ln95', ../src/sobel_core.cpp:95) to 'sobel_core_Pipeline_row_loop_col_loop' [45]  (3.843 ns)

 <State 5>: 2.821ns
The critical path consists of the following:
	'call' operation ('call_ln95', ../src/sobel_core.cpp:95) to 'sobel_core_Pipeline_row_loop_col_loop' [45]  (2.821 ns)


============================================================
+ Verbose Summary: Binding
============================================================
N/A
* FSMD analyzer results:
  - Output states:
 - Input state : 
  - Chain level:
	State 1
	State 2
	State 3
	State 4
	State 5


============================================================
+ Verbose Summary: Datapath Resource usage 
============================================================
N/A
