

================================================================
== Vitis HLS Report for 'sobel_core_Pipeline_init_linebuf'
================================================================
* Date:           Sun May 10 00:38:20 2026

* Version:        2025.2 (Build 6295257 on Nov 12 2025)
* Project:        sobel_top
* Solution:       hls (Vivado IP Flow Target)
* Product family: zynq
* Target device:  xc7z020-clg400-1


================================================================
== Performance Estimates
================================================================
+ Timing: 
    * Summary: 
    +--------+---------+----------+------------+
    |  Clock |  Target | Estimated| Uncertainty|
    +--------+---------+----------+------------+
    |ap_clk  |  8.00 ns|  4.815 ns|     2.16 ns|
    +--------+---------+----------+------------+

+ Latency: 
    * Summary: 
    +---------+---------+-----------+-----------+-----+-----+-------------------+
    |  Latency (cycles) |   Latency (absolute)  |  Interval |      Pipeline     |
    |   min   |   max   |    min    |    max    | min | max |        Type       |
    +---------+---------+-----------+-----------+-----+-----+-------------------+
    |        3|     1922|  24.000 ns|  15.376 us|    0|    0|  loop pipeline stp|
    +---------+---------+-----------+-----------+-----+-----+-------------------+

    + Detail: 
        * Instance: 
        N/A

        * Loop: 
        +----------------+---------+---------+----------+-----------+-----------+----------+----------+
        |                |  Latency (cycles) | Iteration|  Initiation Interval  |   Trip   |          |
        |    Loop Name   |   min   |   max   |  Latency |  achieved |   target  |   Count  | Pipelined|
        +----------------+---------+---------+----------+-----------+-----------+----------+----------+
        |- init_linebuf  |        1|     1920|         2|          1|          1|  1 ~ 1920|       yes|
        +----------------+---------+---------+----------+-----------+-----------+----------+----------+

============================================================
+ Verbose Summary: Synthesis Manager
============================================================
InlineROM: 1
ExposeGlobal: 0
============================================================
+ Verbose Summary: CDFG Model
============================================================
IsTopModel: 0
ResetActiveHigh: 1
IsCombinational: 0
IsDatapathOnly: 0
HasWiredReturn: 1
HasMFsm: 2
HasVarLatency: 1
IsPipeline: 0
IsRtlPipelined: 0
IsInstanceOverlapped: 0
IsDontTouch: 0
HasImplIP: 0
IsGatedGlobalClock: 0

+ Individual pipeline summary: 
  * Pipeline-0: initiation interval (II) = 1, depth = 2


============================================================
+ Verbose Summary: Schedule
============================================================
* Number of FSM states : 2
* Pipeline : 1
  Pipeline-0 : II = 1, D = 2, States = { 1 2 }
* Dataflow Pipeline: 0

* FSM state transitions: 
1 --> 2 
2 --> 

* FSM state operations: 

State 1 <SV = 0> <Delay = 4.81>
ST_1 : Operation 5 [1/1] (0.00ns)   --->   "%i = alloca i32 1" [../src/sobel_core.cpp:32]   --->   Operation 5 'alloca' 'i' <Predicate = true> <Delay = 0.00>
ST_1 : Operation 6 [1/1] (0.00ns)   --->   "%specmemcore_ln0 = specmemcore void @_ssdm_op_SpecMemCore, i8 %linebuf1, i64 666, i64 22, i64 18446744073709551615, i1 0"   --->   Operation 6 'specmemcore' 'specmemcore_ln0' <Predicate = true> <Delay = 0.00>
ST_1 : Operation 7 [1/1] (0.00ns)   --->   "%specmemcore_ln0 = specmemcore void @_ssdm_op_SpecMemCore, i8 %linebuf0, i64 666, i64 22, i64 18446744073709551615, i1 0"   --->   Operation 7 'specmemcore' 'specmemcore_ln0' <Predicate = true> <Delay = 0.00>
ST_1 : Operation 8 [1/1] (0.00ns)   --->   "%tmp = read i11 @_ssdm_op_Read.ap_auto.i11, i11 %empty"   --->   Operation 8 'read' 'tmp' <Predicate = true> <Delay = 0.00>
ST_1 : Operation 9 [1/1] (1.58ns)   --->   "%store_ln32 = store i11 0, i11 %i" [../src/sobel_core.cpp:32]   --->   Operation 9 'store' 'store_ln32' <Predicate = true> <Delay = 1.58>
ST_1 : Operation 10 [1/1] (0.00ns)   --->   "%br_ln0 = br void %for.inc"   --->   Operation 10 'br' 'br_ln0' <Predicate = true> <Delay = 0.00>
ST_1 : Operation 11 [1/1] (0.00ns)   --->   "%i_1 = load i11 %i" [../src/sobel_core.cpp:32]   --->   Operation 11 'load' 'i_1' <Predicate = true> <Delay = 0.00>
ST_1 : Operation 12 [1/1] (1.63ns)   --->   "%icmp_ln32 = icmp_eq  i11 %i_1, i11 %tmp" [../src/sobel_core.cpp:32]   --->   Operation 12 'icmp' 'icmp_ln32' <Predicate = true> <Delay = 1.63> <CoreInst = "Cmp">   --->   Core 9 'Cmp' <Latency = 0> <II = 1> <Delay = 1.63> <FuncUnit> <Opcode : 'seteq' 'setne' 'setle' 'setge' 'setlt' 'setgt'> <InPorts = 2> <OutPorts = 1>
ST_1 : Operation 13 [1/1] (0.00ns)   --->   "%empty_17 = speclooptripcount i32 @_ssdm_op_SpecLoopTripCount, i64 1, i64 1920, i64 0"   --->   Operation 13 'speclooptripcount' 'empty_17' <Predicate = true> <Delay = 0.00>
ST_1 : Operation 14 [1/1] (1.63ns)   --->   "%add_ln32 = add i11 %i_1, i11 1" [../src/sobel_core.cpp:32]   --->   Operation 14 'add' 'add_ln32' <Predicate = true> <Delay = 1.63> <CoreInst = "Adder">   --->   Core 1 'Adder' <Latency = 0> <II = 1> <Delay = 1.63> <FuncUnit> <Opcode : 'add' 'sub'> <InPorts = 2> <OutPorts = 1>
ST_1 : Operation 15 [1/1] (0.00ns)   --->   "%br_ln32 = br i1 %icmp_ln32, void %for.inc.split, void %for.inc24.exitStub" [../src/sobel_core.cpp:32]   --->   Operation 15 'br' 'br_ln32' <Predicate = true> <Delay = 0.00>
ST_1 : Operation 16 [1/1] (1.58ns)   --->   "%store_ln32 = store i11 %add_ln32, i11 %i" [../src/sobel_core.cpp:32]   --->   Operation 16 'store' 'store_ln32' <Predicate = (!icmp_ln32)> <Delay = 1.58>
ST_1 : Operation 25 [1/1] (1.58ns)   --->   "%ret_ln0 = ret"   --->   Operation 25 'ret' 'ret_ln0' <Predicate = (icmp_ln32)> <Delay = 1.58>

State 2 <SV = 1> <Delay = 3.25>
ST_2 : Operation 17 [1/1] (0.00ns)   --->   "%zext_ln32 = zext i11 %i_1" [../src/sobel_core.cpp:32]   --->   Operation 17 'zext' 'zext_ln32' <Predicate = true> <Delay = 0.00>
ST_2 : Operation 18 [1/1] (0.00ns)   --->   "%specpipeline_ln33 = specpipeline void @_ssdm_op_SpecPipeline, i32 1, i32 0, i32 0, i32 0, i32 4294967295, void @empty_1" [../src/sobel_core.cpp:33]   --->   Operation 18 'specpipeline' 'specpipeline_ln33' <Predicate = true> <Delay = 0.00>
ST_2 : Operation 19 [1/1] (0.00ns)   --->   "%specloopname_ln32 = specloopname void @_ssdm_op_SpecLoopName, void @empty_10" [../src/sobel_core.cpp:32]   --->   Operation 19 'specloopname' 'specloopname_ln32' <Predicate = true> <Delay = 0.00>
ST_2 : Operation 20 [1/1] (0.00ns)   --->   "%linebuf0_addr = getelementptr i8 %linebuf0, i64 0, i64 %zext_ln32" [../src/sobel_core.cpp:34]   --->   Operation 20 'getelementptr' 'linebuf0_addr' <Predicate = true> <Delay = 0.00>
ST_2 : Operation 21 [1/1] ( I:3.25ns O:3.25ns )   --->   "%store_ln34 = store i8 0, i11 %linebuf0_addr" [../src/sobel_core.cpp:34]   --->   Operation 21 'store' 'store_ln34' <Predicate = true> <Delay = 3.25> <CoreInst = "RAM_2P_BRAM">   --->   Core 90 'RAM_2P_BRAM' <Latency = 1> <II = 1> <Delay = 3.25> <Storage> <Opcode : 'load' 'store'> <Ports = 2> <Width = 8> <Depth = 1920> <RAM>
ST_2 : Operation 22 [1/1] (0.00ns)   --->   "%linebuf1_addr = getelementptr i8 %linebuf1, i64 0, i64 %zext_ln32" [../src/sobel_core.cpp:35]   --->   Operation 22 'getelementptr' 'linebuf1_addr' <Predicate = true> <Delay = 0.00>
ST_2 : Operation 23 [1/1] ( I:3.25ns O:3.25ns )   --->   "%store_ln35 = store i8 0, i11 %linebuf1_addr" [../src/sobel_core.cpp:35]   --->   Operation 23 'store' 'store_ln35' <Predicate = true> <Delay = 3.25> <CoreInst = "RAM_2P_BRAM">   --->   Core 90 'RAM_2P_BRAM' <Latency = 1> <II = 1> <Delay = 3.25> <Storage> <Opcode : 'load' 'store'> <Ports = 2> <Width = 8> <Depth = 1920> <RAM>
ST_2 : Operation 24 [1/1] (0.00ns)   --->   "%br_ln32 = br void %for.inc" [../src/sobel_core.cpp:32]   --->   Operation 24 'br' 'br_ln32' <Predicate = true> <Delay = 0.00>


============================================================
+ Verbose Summary: Timing violations
============================================================
Target clock period: 8.000ns, clock uncertainty: 2.160ns.

 <State 1>: 4.815ns
The critical path consists of the following:
	'store' operation ('store_ln32', ../src/sobel_core.cpp:32) of constant 0 11 bit on local variable 'i', ../src/sobel_core.cpp:32 [8]  (1.588 ns)
	'load' operation 11 bit ('i', ../src/sobel_core.cpp:32) on local variable 'i', ../src/sobel_core.cpp:32 [11]  (0.000 ns)
	'icmp' operation 1 bit ('icmp_ln32', ../src/sobel_core.cpp:32) [12]  (1.639 ns)
	'store' operation ('store_ln32', ../src/sobel_core.cpp:32) of variable 'add_ln32', ../src/sobel_core.cpp:32 11 bit on local variable 'i', ../src/sobel_core.cpp:32 [24]  (1.588 ns)

 <State 2>: 3.254ns
The critical path consists of the following:
	'getelementptr' operation 11 bit ('linebuf0_addr', ../src/sobel_core.cpp:34) [20]  (0.000 ns)
	'store' operation ('store_ln34', ../src/sobel_core.cpp:34) of constant 0 8 bit on array 'linebuf0' [21]  (3.254 ns)


============================================================
+ Verbose Summary: Binding
============================================================
N/A
* FSMD analyzer results:
  - Output states:
 - Input state : 
  - Chain level:
	State 1
	State 2


============================================================
+ Verbose Summary: Datapath Resource usage 
============================================================
N/A
